[2024-03-29T16:07:20.657-0300] {taskinstance.py:1979} INFO - Dependencies all met for dep_context=non-requeueable deps ti=<TaskInstance: exec-web-scraping.data_prep_gold manual__2024-03-29T18:26:04.808083+00:00 [queued]>
[2024-03-29T16:07:20.667-0300] {taskinstance.py:1979} INFO - Dependencies all met for dep_context=requeueable deps ti=<TaskInstance: exec-web-scraping.data_prep_gold manual__2024-03-29T18:26:04.808083+00:00 [queued]>
[2024-03-29T16:07:20.668-0300] {taskinstance.py:2193} INFO - Starting attempt 2 of 7
[2024-03-29T16:07:20.682-0300] {taskinstance.py:2217} INFO - Executing <Task(BashOperator): data_prep_gold> on 2024-03-29 18:26:04.808083+00:00
[2024-03-29T16:07:20.684-0300] {standard_task_runner.py:60} INFO - Started process 12951 to run task
[2024-03-29T16:07:20.687-0300] {standard_task_runner.py:87} INFO - Running: ['airflow', 'tasks', 'run', 'exec-web-scraping', 'data_prep_gold', 'manual__2024-03-29T18:26:04.808083+00:00', '--job-id', '65', '--raw', '--subdir', 'DAGS_FOLDER/dag_web_scrapping_load_to_minio.py', '--cfg-path', '/tmp/tmppdrzkhjg']
[2024-03-29T16:07:20.688-0300] {standard_task_runner.py:88} INFO - Job 65: Subtask data_prep_gold
[2024-03-29T16:07:20.757-0300] {task_command.py:423} INFO - Running <TaskInstance: exec-web-scraping.data_prep_gold manual__2024-03-29T18:26:04.808083+00:00 [running]> on host DESKTOP-RPMMOLA.
[2024-03-29T16:07:20.869-0300] {taskinstance.py:2513} INFO - Exporting env vars: AIRFLOW_CTX_DAG_OWNER='thiago' AIRFLOW_CTX_DAG_ID='exec-web-scraping' AIRFLOW_CTX_TASK_ID='data_prep_gold' AIRFLOW_CTX_EXECUTION_DATE='2024-03-29T18:26:04.808083+00:00' AIRFLOW_CTX_TRY_NUMBER='2' AIRFLOW_CTX_DAG_RUN_ID='manual__2024-03-29T18:26:04.808083+00:00'
[2024-03-29T16:07:20.870-0300] {subprocess.py:63} INFO - Tmp dir root location: /tmp
[2024-03-29T16:07:20.871-0300] {subprocess.py:75} INFO - Running command: ['/usr/bin/bash', '-c', 'python3 /home/thiago/tcc_ufrj/scripts_finalizados/4_data_prep_gold.py']
[2024-03-29T16:07:20.876-0300] {subprocess.py:86} INFO - Output:
[2024-03-29T16:07:22.454-0300] {subprocess.py:93} INFO - Traceback (most recent call last):
[2024-03-29T16:07:22.455-0300] {subprocess.py:93} INFO -   File "/home/thiago/tcc_ufrj/venv/lib/python3.10/site-packages/geopy/geocoders/base.py", line 368, in _call_geocoder
[2024-03-29T16:07:22.455-0300] {subprocess.py:93} INFO -     result = self.adapter.get_json(url, timeout=timeout, headers=req_headers)
[2024-03-29T16:07:22.455-0300] {subprocess.py:93} INFO -   File "/home/thiago/tcc_ufrj/venv/lib/python3.10/site-packages/geopy/adapters.py", line 472, in get_json
[2024-03-29T16:07:22.456-0300] {subprocess.py:93} INFO -     resp = self._request(url, timeout=timeout, headers=headers)
[2024-03-29T16:07:22.456-0300] {subprocess.py:93} INFO -   File "/home/thiago/tcc_ufrj/venv/lib/python3.10/site-packages/geopy/adapters.py", line 500, in _request
[2024-03-29T16:07:22.456-0300] {subprocess.py:93} INFO -     raise AdapterHTTPError(
[2024-03-29T16:07:22.456-0300] {subprocess.py:93} INFO - geopy.adapters.AdapterHTTPError: Non-successful status code 403
[2024-03-29T16:07:22.456-0300] {subprocess.py:93} INFO - 
[2024-03-29T16:07:22.456-0300] {subprocess.py:93} INFO - The above exception was the direct cause of the following exception:
[2024-03-29T16:07:22.457-0300] {subprocess.py:93} INFO - 
[2024-03-29T16:07:22.457-0300] {subprocess.py:93} INFO - Traceback (most recent call last):
[2024-03-29T16:07:22.457-0300] {subprocess.py:93} INFO -   File "/home/thiago/tcc_ufrj/scripts_finalizados/4_data_prep_gold.py", line 57, in <module>
[2024-03-29T16:07:22.457-0300] {subprocess.py:93} INFO -     location = geolocator.reverse(last_location_str)
[2024-03-29T16:07:22.457-0300] {subprocess.py:93} INFO -   File "/home/thiago/tcc_ufrj/venv/lib/python3.10/site-packages/geopy/geocoders/nominatim.py", line 372, in reverse
[2024-03-29T16:07:22.457-0300] {subprocess.py:93} INFO -     return self._call_geocoder(url, callback, timeout=timeout)
[2024-03-29T16:07:22.457-0300] {subprocess.py:93} INFO -   File "/home/thiago/tcc_ufrj/venv/lib/python3.10/site-packages/geopy/geocoders/base.py", line 388, in _call_geocoder
[2024-03-29T16:07:22.458-0300] {subprocess.py:93} INFO -     res = self._adapter_error_handler(error)
[2024-03-29T16:07:22.458-0300] {subprocess.py:93} INFO -   File "/home/thiago/tcc_ufrj/venv/lib/python3.10/site-packages/geopy/geocoders/base.py", line 411, in _adapter_error_handler
[2024-03-29T16:07:22.458-0300] {subprocess.py:93} INFO -     raise exc_cls(str(error)) from error
[2024-03-29T16:07:22.458-0300] {subprocess.py:93} INFO - geopy.exc.GeocoderInsufficientPrivileges: Non-successful status code 403
[2024-03-29T16:07:22.597-0300] {subprocess.py:97} INFO - Command exited with return code 1
[2024-03-29T16:07:22.617-0300] {taskinstance.py:2731} ERROR - Task failed with exception
Traceback (most recent call last):
  File "/home/thiago/tcc_ufrj/venv/lib/python3.10/site-packages/airflow/models/taskinstance.py", line 444, in _execute_task
    result = _execute_callable(context=context, **execute_callable_kwargs)
  File "/home/thiago/tcc_ufrj/venv/lib/python3.10/site-packages/airflow/models/taskinstance.py", line 414, in _execute_callable
    return execute_callable(context=context, **execute_callable_kwargs)
  File "/home/thiago/tcc_ufrj/venv/lib/python3.10/site-packages/airflow/operators/bash.py", line 212, in execute
    raise AirflowException(
airflow.exceptions.AirflowException: Bash command failed. The command returned a non-zero exit code 1.
[2024-03-29T16:07:22.622-0300] {taskinstance.py:1149} INFO - Marking task as UP_FOR_RETRY. dag_id=exec-web-scraping, task_id=data_prep_gold, execution_date=20240329T182604, start_date=20240329T190720, end_date=20240329T190722
[2024-03-29T16:07:22.639-0300] {standard_task_runner.py:107} ERROR - Failed to execute job 65 for task data_prep_gold (Bash command failed. The command returned a non-zero exit code 1.; 12951)
[2024-03-29T16:07:22.666-0300] {local_task_job_runner.py:234} INFO - Task exited with return code 1
[2024-03-29T16:07:22.709-0300] {taskinstance.py:3312} INFO - 0 downstream tasks scheduled from follow-on schedule check
