[2024-03-29T17:47:40.445-0300] {taskinstance.py:1979} INFO - Dependencies all met for dep_context=non-requeueable deps ti=<TaskInstance: exec-web-scraping.data_prep_silver scheduled__2024-03-29T20:20:00+00:00 [queued]>
[2024-03-29T17:47:40.457-0300] {taskinstance.py:1979} INFO - Dependencies all met for dep_context=requeueable deps ti=<TaskInstance: exec-web-scraping.data_prep_silver scheduled__2024-03-29T20:20:00+00:00 [queued]>
[2024-03-29T17:47:40.458-0300] {taskinstance.py:2193} INFO - Starting attempt 1 of 6
[2024-03-29T17:47:40.478-0300] {taskinstance.py:2217} INFO - Executing <Task(BashOperator): data_prep_silver> on 2024-03-29 20:20:00+00:00
[2024-03-29T17:47:40.482-0300] {standard_task_runner.py:60} INFO - Started process 71675 to run task
[2024-03-29T17:47:40.485-0300] {standard_task_runner.py:87} INFO - Running: ['airflow', 'tasks', 'run', 'exec-web-scraping', 'data_prep_silver', 'scheduled__2024-03-29T20:20:00+00:00', '--job-id', '117', '--raw', '--subdir', 'DAGS_FOLDER/dag_web_scrapping_load_to_minio.py', '--cfg-path', '/tmp/tmpzn9o1x7f']
[2024-03-29T17:47:40.486-0300] {standard_task_runner.py:88} INFO - Job 117: Subtask data_prep_silver
[2024-03-29T17:47:40.566-0300] {task_command.py:423} INFO - Running <TaskInstance: exec-web-scraping.data_prep_silver scheduled__2024-03-29T20:20:00+00:00 [running]> on host DESKTOP-RPMMOLA.
[2024-03-29T17:47:40.705-0300] {taskinstance.py:2513} INFO - Exporting env vars: AIRFLOW_CTX_DAG_OWNER='thiago' AIRFLOW_CTX_DAG_ID='exec-web-scraping' AIRFLOW_CTX_TASK_ID='data_prep_silver' AIRFLOW_CTX_EXECUTION_DATE='2024-03-29T20:20:00+00:00' AIRFLOW_CTX_TRY_NUMBER='1' AIRFLOW_CTX_DAG_RUN_ID='scheduled__2024-03-29T20:20:00+00:00'
[2024-03-29T17:47:40.706-0300] {subprocess.py:63} INFO - Tmp dir root location: /tmp
[2024-03-29T17:47:40.707-0300] {subprocess.py:75} INFO - Running command: ['/usr/bin/bash', '-c', 'python3 /home/thiago/tcc_ufrj/scripts_finalizados/3_data_prep_silver.py']
[2024-03-29T17:47:40.713-0300] {subprocess.py:86} INFO - Output:
[2024-03-29T17:47:43.676-0300] {subprocess.py:93} INFO - /home/thiago/tcc_ufrj/scripts_finalizados/3_data_prep_silver.py:52: UserWarning: Could not infer format, so each element will be parsed individually, falling back to `dateutil`. To ensure parsing is consistent and as-expected, please specify a format.
[2024-03-29T17:47:43.676-0300] {subprocess.py:93} INFO -   df['time_point'] = pd.to_datetime(df['time_point'],errors='coerce') #--> Convertendo a coluna time_point em objetos de data e hora do tipo datetime
[2024-03-29T17:47:43.693-0300] {subprocess.py:93} INFO - /home/thiago/tcc_ufrj/scripts_finalizados/3_data_prep_silver.py:52: UserWarning: Could not infer format, so each element will be parsed individually, falling back to `dateutil`. To ensure parsing is consistent and as-expected, please specify a format.
[2024-03-29T17:47:43.694-0300] {subprocess.py:93} INFO -   df['time_point'] = pd.to_datetime(df['time_point'],errors='coerce') #--> Convertendo a coluna time_point em objetos de data e hora do tipo datetime
[2024-03-29T17:47:43.867-0300] {subprocess.py:97} INFO - Command exited with return code 0
[2024-03-29T17:47:43.928-0300] {taskinstance.py:1149} INFO - Marking task as SUCCESS. dag_id=exec-web-scraping, task_id=data_prep_silver, execution_date=20240329T202000, start_date=20240329T204740, end_date=20240329T204743
[2024-03-29T17:47:43.950-0300] {local_task_job_runner.py:234} INFO - Task exited with return code 0
[2024-03-29T17:47:43.996-0300] {taskinstance.py:3312} INFO - 1 downstream tasks scheduled from follow-on schedule check
