[2024-03-29T14:48:41.675-0300] {processor.py:161} INFO - Started process (PID=14977) to work on /home/thiago/tcc_ufrj/dags/dag_dados_combustivel.py
[2024-03-29T14:48:41.676-0300] {processor.py:830} INFO - Processing file /home/thiago/tcc_ufrj/dags/dag_dados_combustivel.py for tasks to queue
[2024-03-29T14:48:41.677-0300] {logging_mixin.py:188} INFO - [2024-03-29T14:48:41.677-0300] {dagbag.py:540} INFO - Filling up the DagBag from /home/thiago/tcc_ufrj/dags/dag_dados_combustivel.py
[2024-03-29T14:48:41.693-0300] {processor.py:840} INFO - DAG(s) 'dados-combustivel' retrieved from /home/thiago/tcc_ufrj/dags/dag_dados_combustivel.py
[2024-03-29T14:48:41.722-0300] {logging_mixin.py:188} INFO - [2024-03-29T14:48:41.722-0300] {dag.py:3047} INFO - Sync 1 DAGs
[2024-03-29T14:48:41.754-0300] {logging_mixin.py:188} INFO - [2024-03-29T14:48:41.753-0300] {dag.py:3834} INFO - Setting next_dagrun for dados-combustivel to 2024-03-18 10:00:00+00:00, run_after=2024-03-25 10:00:00+00:00
[2024-03-29T14:48:41.781-0300] {processor.py:183} INFO - Processing /home/thiago/tcc_ufrj/dags/dag_dados_combustivel.py took 0.109 seconds
[2024-03-29T14:49:12.016-0300] {processor.py:161} INFO - Started process (PID=15365) to work on /home/thiago/tcc_ufrj/dags/dag_dados_combustivel.py
[2024-03-29T14:49:12.017-0300] {processor.py:830} INFO - Processing file /home/thiago/tcc_ufrj/dags/dag_dados_combustivel.py for tasks to queue
[2024-03-29T14:49:12.019-0300] {logging_mixin.py:188} INFO - [2024-03-29T14:49:12.019-0300] {dagbag.py:540} INFO - Filling up the DagBag from /home/thiago/tcc_ufrj/dags/dag_dados_combustivel.py
[2024-03-29T14:49:12.029-0300] {processor.py:840} INFO - DAG(s) 'dados-combustivel' retrieved from /home/thiago/tcc_ufrj/dags/dag_dados_combustivel.py
[2024-03-29T14:49:12.139-0300] {logging_mixin.py:188} INFO - [2024-03-29T14:49:12.139-0300] {dag.py:3047} INFO - Sync 1 DAGs
[2024-03-29T14:49:12.162-0300] {logging_mixin.py:188} INFO - [2024-03-29T14:49:12.161-0300] {dag.py:3834} INFO - Setting next_dagrun for dados-combustivel to 2024-03-18 10:00:00+00:00, run_after=2024-03-25 10:00:00+00:00
[2024-03-29T14:49:12.182-0300] {processor.py:183} INFO - Processing /home/thiago/tcc_ufrj/dags/dag_dados_combustivel.py took 0.169 seconds
[2024-03-29T14:49:42.320-0300] {processor.py:161} INFO - Started process (PID=15870) to work on /home/thiago/tcc_ufrj/dags/dag_dados_combustivel.py
[2024-03-29T14:49:42.322-0300] {processor.py:830} INFO - Processing file /home/thiago/tcc_ufrj/dags/dag_dados_combustivel.py for tasks to queue
[2024-03-29T14:49:42.324-0300] {logging_mixin.py:188} INFO - [2024-03-29T14:49:42.323-0300] {dagbag.py:540} INFO - Filling up the DagBag from /home/thiago/tcc_ufrj/dags/dag_dados_combustivel.py
[2024-03-29T14:49:42.341-0300] {processor.py:840} INFO - DAG(s) 'dados-combustivel' retrieved from /home/thiago/tcc_ufrj/dags/dag_dados_combustivel.py
[2024-03-29T14:49:42.396-0300] {logging_mixin.py:188} INFO - [2024-03-29T14:49:42.396-0300] {dag.py:3047} INFO - Sync 1 DAGs
[2024-03-29T14:49:42.422-0300] {logging_mixin.py:188} INFO - [2024-03-29T14:49:42.422-0300] {dag.py:3834} INFO - Setting next_dagrun for dados-combustivel to 2024-03-18 10:00:00+00:00, run_after=2024-03-25 10:00:00+00:00
[2024-03-29T14:49:42.447-0300] {processor.py:183} INFO - Processing /home/thiago/tcc_ufrj/dags/dag_dados_combustivel.py took 0.131 seconds
[2024-03-29T14:50:06.096-0300] {processor.py:161} INFO - Started process (PID=16244) to work on /home/thiago/tcc_ufrj/dags/dag_dados_combustivel.py
[2024-03-29T14:50:06.097-0300] {processor.py:830} INFO - Processing file /home/thiago/tcc_ufrj/dags/dag_dados_combustivel.py for tasks to queue
[2024-03-29T14:50:06.098-0300] {logging_mixin.py:188} INFO - [2024-03-29T14:50:06.098-0300] {dagbag.py:540} INFO - Filling up the DagBag from /home/thiago/tcc_ufrj/dags/dag_dados_combustivel.py
[2024-03-29T14:50:06.110-0300] {processor.py:840} INFO - DAG(s) 'dados-combustivel' retrieved from /home/thiago/tcc_ufrj/dags/dag_dados_combustivel.py
[2024-03-29T14:50:06.135-0300] {logging_mixin.py:188} INFO - [2024-03-29T14:50:06.134-0300] {dag.py:3047} INFO - Sync 1 DAGs
[2024-03-29T14:50:06.164-0300] {logging_mixin.py:188} INFO - [2024-03-29T14:50:06.164-0300] {dag.py:3834} INFO - Setting next_dagrun for dados-combustivel to 2024-03-18 10:00:00+00:00, run_after=2024-03-25 10:00:00+00:00
[2024-03-29T14:50:06.186-0300] {processor.py:183} INFO - Processing /home/thiago/tcc_ufrj/dags/dag_dados_combustivel.py took 0.093 seconds
[2024-03-29T14:50:36.480-0300] {processor.py:161} INFO - Started process (PID=17379) to work on /home/thiago/tcc_ufrj/dags/dag_dados_combustivel.py
[2024-03-29T14:50:36.481-0300] {processor.py:830} INFO - Processing file /home/thiago/tcc_ufrj/dags/dag_dados_combustivel.py for tasks to queue
[2024-03-29T14:50:36.482-0300] {logging_mixin.py:188} INFO - [2024-03-29T14:50:36.481-0300] {dagbag.py:540} INFO - Filling up the DagBag from /home/thiago/tcc_ufrj/dags/dag_dados_combustivel.py
[2024-03-29T14:50:36.492-0300] {processor.py:840} INFO - DAG(s) 'dados-combustivel' retrieved from /home/thiago/tcc_ufrj/dags/dag_dados_combustivel.py
[2024-03-29T14:50:36.678-0300] {logging_mixin.py:188} INFO - [2024-03-29T14:50:36.677-0300] {dag.py:3047} INFO - Sync 1 DAGs
[2024-03-29T14:50:36.701-0300] {logging_mixin.py:188} INFO - [2024-03-29T14:50:36.701-0300] {dag.py:3834} INFO - Setting next_dagrun for dados-combustivel to 2024-03-18 10:00:00+00:00, run_after=2024-03-25 10:00:00+00:00
[2024-03-29T14:50:36.726-0300] {processor.py:183} INFO - Processing /home/thiago/tcc_ufrj/dags/dag_dados_combustivel.py took 0.250 seconds
[2024-03-29T14:51:06.767-0300] {processor.py:161} INFO - Started process (PID=17802) to work on /home/thiago/tcc_ufrj/dags/dag_dados_combustivel.py
[2024-03-29T14:51:06.768-0300] {processor.py:830} INFO - Processing file /home/thiago/tcc_ufrj/dags/dag_dados_combustivel.py for tasks to queue
[2024-03-29T14:51:06.768-0300] {logging_mixin.py:188} INFO - [2024-03-29T14:51:06.768-0300] {dagbag.py:540} INFO - Filling up the DagBag from /home/thiago/tcc_ufrj/dags/dag_dados_combustivel.py
[2024-03-29T14:51:06.777-0300] {processor.py:840} INFO - DAG(s) 'dados-combustivel' retrieved from /home/thiago/tcc_ufrj/dags/dag_dados_combustivel.py
[2024-03-29T14:51:06.812-0300] {logging_mixin.py:188} INFO - [2024-03-29T14:51:06.812-0300] {dag.py:3047} INFO - Sync 1 DAGs
[2024-03-29T14:51:06.835-0300] {logging_mixin.py:188} INFO - [2024-03-29T14:51:06.835-0300] {dag.py:3834} INFO - Setting next_dagrun for dados-combustivel to 2024-03-18 10:00:00+00:00, run_after=2024-03-25 10:00:00+00:00
[2024-03-29T14:51:06.868-0300] {processor.py:183} INFO - Processing /home/thiago/tcc_ufrj/dags/dag_dados_combustivel.py took 0.103 seconds
[2024-03-29T14:51:37.052-0300] {processor.py:161} INFO - Started process (PID=18074) to work on /home/thiago/tcc_ufrj/dags/dag_dados_combustivel.py
[2024-03-29T14:51:37.053-0300] {processor.py:830} INFO - Processing file /home/thiago/tcc_ufrj/dags/dag_dados_combustivel.py for tasks to queue
[2024-03-29T14:51:37.054-0300] {logging_mixin.py:188} INFO - [2024-03-29T14:51:37.054-0300] {dagbag.py:540} INFO - Filling up the DagBag from /home/thiago/tcc_ufrj/dags/dag_dados_combustivel.py
[2024-03-29T14:51:37.063-0300] {processor.py:840} INFO - DAG(s) 'dados-combustivel' retrieved from /home/thiago/tcc_ufrj/dags/dag_dados_combustivel.py
[2024-03-29T14:51:37.096-0300] {logging_mixin.py:188} INFO - [2024-03-29T14:51:37.096-0300] {dag.py:3047} INFO - Sync 1 DAGs
[2024-03-29T14:51:37.121-0300] {logging_mixin.py:188} INFO - [2024-03-29T14:51:37.121-0300] {dag.py:3834} INFO - Setting next_dagrun for dados-combustivel to 2024-03-18 10:00:00+00:00, run_after=2024-03-25 10:00:00+00:00
[2024-03-29T14:51:37.141-0300] {processor.py:183} INFO - Processing /home/thiago/tcc_ufrj/dags/dag_dados_combustivel.py took 0.091 seconds
[2024-03-29T14:56:06.065-0300] {processor.py:161} INFO - Started process (PID=20764) to work on /home/thiago/tcc_ufrj/dags/dag_dados_combustivel.py
[2024-03-29T14:56:06.067-0300] {processor.py:830} INFO - Processing file /home/thiago/tcc_ufrj/dags/dag_dados_combustivel.py for tasks to queue
[2024-03-29T14:56:06.068-0300] {logging_mixin.py:188} INFO - [2024-03-29T14:56:06.067-0300] {dagbag.py:540} INFO - Filling up the DagBag from /home/thiago/tcc_ufrj/dags/dag_dados_combustivel.py
[2024-03-29T14:56:06.079-0300] {processor.py:840} INFO - DAG(s) 'dados-combustivel' retrieved from /home/thiago/tcc_ufrj/dags/dag_dados_combustivel.py
[2024-03-29T14:56:06.108-0300] {logging_mixin.py:188} INFO - [2024-03-29T14:56:06.108-0300] {dag.py:3047} INFO - Sync 1 DAGs
[2024-03-29T14:56:06.139-0300] {logging_mixin.py:188} INFO - [2024-03-29T14:56:06.139-0300] {dag.py:3834} INFO - Setting next_dagrun for dados-combustivel to 2024-03-18 10:00:00+00:00, run_after=2024-03-25 10:00:00+00:00
[2024-03-29T14:56:06.170-0300] {processor.py:183} INFO - Processing /home/thiago/tcc_ufrj/dags/dag_dados_combustivel.py took 0.108 seconds
[2024-03-29T14:56:36.459-0300] {processor.py:161} INFO - Started process (PID=21896) to work on /home/thiago/tcc_ufrj/dags/dag_dados_combustivel.py
[2024-03-29T14:56:36.460-0300] {processor.py:830} INFO - Processing file /home/thiago/tcc_ufrj/dags/dag_dados_combustivel.py for tasks to queue
[2024-03-29T14:56:36.462-0300] {logging_mixin.py:188} INFO - [2024-03-29T14:56:36.462-0300] {dagbag.py:540} INFO - Filling up the DagBag from /home/thiago/tcc_ufrj/dags/dag_dados_combustivel.py
[2024-03-29T14:56:36.471-0300] {processor.py:840} INFO - DAG(s) 'dados-combustivel' retrieved from /home/thiago/tcc_ufrj/dags/dag_dados_combustivel.py
[2024-03-29T14:56:36.590-0300] {logging_mixin.py:188} INFO - [2024-03-29T14:56:36.590-0300] {dag.py:3047} INFO - Sync 1 DAGs
[2024-03-29T14:56:36.615-0300] {logging_mixin.py:188} INFO - [2024-03-29T14:56:36.615-0300] {dag.py:3834} INFO - Setting next_dagrun for dados-combustivel to 2024-03-18 10:00:00+00:00, run_after=2024-03-25 10:00:00+00:00
[2024-03-29T14:56:36.637-0300] {processor.py:183} INFO - Processing /home/thiago/tcc_ufrj/dags/dag_dados_combustivel.py took 0.182 seconds
[2024-03-29T14:57:06.757-0300] {processor.py:161} INFO - Started process (PID=22730) to work on /home/thiago/tcc_ufrj/dags/dag_dados_combustivel.py
[2024-03-29T14:57:06.759-0300] {processor.py:830} INFO - Processing file /home/thiago/tcc_ufrj/dags/dag_dados_combustivel.py for tasks to queue
[2024-03-29T14:57:06.760-0300] {logging_mixin.py:188} INFO - [2024-03-29T14:57:06.760-0300] {dagbag.py:540} INFO - Filling up the DagBag from /home/thiago/tcc_ufrj/dags/dag_dados_combustivel.py
[2024-03-29T14:57:06.774-0300] {processor.py:840} INFO - DAG(s) 'dados-combustivel' retrieved from /home/thiago/tcc_ufrj/dags/dag_dados_combustivel.py
[2024-03-29T14:57:06.831-0300] {logging_mixin.py:188} INFO - [2024-03-29T14:57:06.830-0300] {dag.py:3047} INFO - Sync 1 DAGs
[2024-03-29T14:57:06.874-0300] {logging_mixin.py:188} INFO - [2024-03-29T14:57:06.873-0300] {dag.py:3834} INFO - Setting next_dagrun for dados-combustivel to 2024-03-18 10:00:00+00:00, run_after=2024-03-25 10:00:00+00:00
[2024-03-29T14:57:06.910-0300] {processor.py:183} INFO - Processing /home/thiago/tcc_ufrj/dags/dag_dados_combustivel.py took 0.155 seconds
[2024-03-29T14:57:37.106-0300] {processor.py:161} INFO - Started process (PID=23715) to work on /home/thiago/tcc_ufrj/dags/dag_dados_combustivel.py
[2024-03-29T14:57:37.107-0300] {processor.py:830} INFO - Processing file /home/thiago/tcc_ufrj/dags/dag_dados_combustivel.py for tasks to queue
[2024-03-29T14:57:37.108-0300] {logging_mixin.py:188} INFO - [2024-03-29T14:57:37.108-0300] {dagbag.py:540} INFO - Filling up the DagBag from /home/thiago/tcc_ufrj/dags/dag_dados_combustivel.py
[2024-03-29T14:57:37.126-0300] {processor.py:840} INFO - DAG(s) 'dados-combustivel' retrieved from /home/thiago/tcc_ufrj/dags/dag_dados_combustivel.py
[2024-03-29T14:57:37.170-0300] {logging_mixin.py:188} INFO - [2024-03-29T14:57:37.170-0300] {dag.py:3047} INFO - Sync 1 DAGs
[2024-03-29T14:57:37.195-0300] {logging_mixin.py:188} INFO - [2024-03-29T14:57:37.195-0300] {dag.py:3834} INFO - Setting next_dagrun for dados-combustivel to 2024-03-18 10:00:00+00:00, run_after=2024-03-25 10:00:00+00:00
[2024-03-29T14:57:37.217-0300] {processor.py:183} INFO - Processing /home/thiago/tcc_ufrj/dags/dag_dados_combustivel.py took 0.115 seconds
[2024-03-29T14:58:07.382-0300] {processor.py:161} INFO - Started process (PID=24567) to work on /home/thiago/tcc_ufrj/dags/dag_dados_combustivel.py
[2024-03-29T14:58:07.383-0300] {processor.py:830} INFO - Processing file /home/thiago/tcc_ufrj/dags/dag_dados_combustivel.py for tasks to queue
[2024-03-29T14:58:07.384-0300] {logging_mixin.py:188} INFO - [2024-03-29T14:58:07.384-0300] {dagbag.py:540} INFO - Filling up the DagBag from /home/thiago/tcc_ufrj/dags/dag_dados_combustivel.py
[2024-03-29T14:58:07.393-0300] {processor.py:840} INFO - DAG(s) 'dados-combustivel' retrieved from /home/thiago/tcc_ufrj/dags/dag_dados_combustivel.py
[2024-03-29T14:58:07.427-0300] {logging_mixin.py:188} INFO - [2024-03-29T14:58:07.427-0300] {dag.py:3047} INFO - Sync 1 DAGs
[2024-03-29T14:58:07.448-0300] {logging_mixin.py:188} INFO - [2024-03-29T14:58:07.448-0300] {dag.py:3834} INFO - Setting next_dagrun for dados-combustivel to 2024-03-18 10:00:00+00:00, run_after=2024-03-25 10:00:00+00:00
[2024-03-29T14:58:07.473-0300] {processor.py:183} INFO - Processing /home/thiago/tcc_ufrj/dags/dag_dados_combustivel.py took 0.094 seconds
[2024-03-29T14:58:37.742-0300] {processor.py:161} INFO - Started process (PID=25593) to work on /home/thiago/tcc_ufrj/dags/dag_dados_combustivel.py
[2024-03-29T14:58:37.743-0300] {processor.py:830} INFO - Processing file /home/thiago/tcc_ufrj/dags/dag_dados_combustivel.py for tasks to queue
[2024-03-29T14:58:37.744-0300] {logging_mixin.py:188} INFO - [2024-03-29T14:58:37.744-0300] {dagbag.py:540} INFO - Filling up the DagBag from /home/thiago/tcc_ufrj/dags/dag_dados_combustivel.py
[2024-03-29T14:58:37.757-0300] {processor.py:840} INFO - DAG(s) 'dados-combustivel' retrieved from /home/thiago/tcc_ufrj/dags/dag_dados_combustivel.py
[2024-03-29T14:58:37.814-0300] {logging_mixin.py:188} INFO - [2024-03-29T14:58:37.813-0300] {dag.py:3047} INFO - Sync 1 DAGs
[2024-03-29T14:58:37.853-0300] {logging_mixin.py:188} INFO - [2024-03-29T14:58:37.853-0300] {dag.py:3834} INFO - Setting next_dagrun for dados-combustivel to 2024-03-18 10:00:00+00:00, run_after=2024-03-25 10:00:00+00:00
[2024-03-29T14:58:37.884-0300] {processor.py:183} INFO - Processing /home/thiago/tcc_ufrj/dags/dag_dados_combustivel.py took 0.146 seconds
[2024-03-29T14:59:08.025-0300] {processor.py:161} INFO - Started process (PID=26055) to work on /home/thiago/tcc_ufrj/dags/dag_dados_combustivel.py
[2024-03-29T14:59:08.026-0300] {processor.py:830} INFO - Processing file /home/thiago/tcc_ufrj/dags/dag_dados_combustivel.py for tasks to queue
[2024-03-29T14:59:08.027-0300] {logging_mixin.py:188} INFO - [2024-03-29T14:59:08.027-0300] {dagbag.py:540} INFO - Filling up the DagBag from /home/thiago/tcc_ufrj/dags/dag_dados_combustivel.py
[2024-03-29T14:59:08.038-0300] {processor.py:840} INFO - DAG(s) 'dados-combustivel' retrieved from /home/thiago/tcc_ufrj/dags/dag_dados_combustivel.py
[2024-03-29T14:59:08.073-0300] {logging_mixin.py:188} INFO - [2024-03-29T14:59:08.072-0300] {dag.py:3047} INFO - Sync 1 DAGs
[2024-03-29T14:59:08.095-0300] {logging_mixin.py:188} INFO - [2024-03-29T14:59:08.095-0300] {dag.py:3834} INFO - Setting next_dagrun for dados-combustivel to 2024-03-18 10:00:00+00:00, run_after=2024-03-25 10:00:00+00:00
[2024-03-29T14:59:08.120-0300] {processor.py:183} INFO - Processing /home/thiago/tcc_ufrj/dags/dag_dados_combustivel.py took 0.097 seconds
[2024-03-29T14:59:38.320-0300] {processor.py:161} INFO - Started process (PID=27055) to work on /home/thiago/tcc_ufrj/dags/dag_dados_combustivel.py
[2024-03-29T14:59:38.321-0300] {processor.py:830} INFO - Processing file /home/thiago/tcc_ufrj/dags/dag_dados_combustivel.py for tasks to queue
[2024-03-29T14:59:38.322-0300] {logging_mixin.py:188} INFO - [2024-03-29T14:59:38.322-0300] {dagbag.py:540} INFO - Filling up the DagBag from /home/thiago/tcc_ufrj/dags/dag_dados_combustivel.py
[2024-03-29T14:59:38.333-0300] {processor.py:840} INFO - DAG(s) 'dados-combustivel' retrieved from /home/thiago/tcc_ufrj/dags/dag_dados_combustivel.py
[2024-03-29T14:59:38.376-0300] {logging_mixin.py:188} INFO - [2024-03-29T14:59:38.376-0300] {dag.py:3047} INFO - Sync 1 DAGs
[2024-03-29T14:59:38.405-0300] {logging_mixin.py:188} INFO - [2024-03-29T14:59:38.405-0300] {dag.py:3834} INFO - Setting next_dagrun for dados-combustivel to 2024-03-18 10:00:00+00:00, run_after=2024-03-25 10:00:00+00:00
[2024-03-29T14:59:38.427-0300] {processor.py:183} INFO - Processing /home/thiago/tcc_ufrj/dags/dag_dados_combustivel.py took 0.113 seconds
[2024-03-29T15:00:08.596-0300] {processor.py:161} INFO - Started process (PID=27882) to work on /home/thiago/tcc_ufrj/dags/dag_dados_combustivel.py
[2024-03-29T15:00:08.597-0300] {processor.py:830} INFO - Processing file /home/thiago/tcc_ufrj/dags/dag_dados_combustivel.py for tasks to queue
[2024-03-29T15:00:08.598-0300] {logging_mixin.py:188} INFO - [2024-03-29T15:00:08.598-0300] {dagbag.py:540} INFO - Filling up the DagBag from /home/thiago/tcc_ufrj/dags/dag_dados_combustivel.py
[2024-03-29T15:00:08.610-0300] {processor.py:840} INFO - DAG(s) 'dados-combustivel' retrieved from /home/thiago/tcc_ufrj/dags/dag_dados_combustivel.py
[2024-03-29T15:00:08.654-0300] {logging_mixin.py:188} INFO - [2024-03-29T15:00:08.654-0300] {dag.py:3047} INFO - Sync 1 DAGs
[2024-03-29T15:00:08.680-0300] {logging_mixin.py:188} INFO - [2024-03-29T15:00:08.680-0300] {dag.py:3834} INFO - Setting next_dagrun for dados-combustivel to 2024-03-18 10:00:00+00:00, run_after=2024-03-25 10:00:00+00:00
[2024-03-29T15:00:08.704-0300] {processor.py:183} INFO - Processing /home/thiago/tcc_ufrj/dags/dag_dados_combustivel.py took 0.111 seconds
[2024-03-29T15:00:38.878-0300] {processor.py:161} INFO - Started process (PID=28928) to work on /home/thiago/tcc_ufrj/dags/dag_dados_combustivel.py
[2024-03-29T15:00:38.878-0300] {processor.py:830} INFO - Processing file /home/thiago/tcc_ufrj/dags/dag_dados_combustivel.py for tasks to queue
[2024-03-29T15:00:38.879-0300] {logging_mixin.py:188} INFO - [2024-03-29T15:00:38.879-0300] {dagbag.py:540} INFO - Filling up the DagBag from /home/thiago/tcc_ufrj/dags/dag_dados_combustivel.py
[2024-03-29T15:00:38.887-0300] {processor.py:840} INFO - DAG(s) 'dados-combustivel' retrieved from /home/thiago/tcc_ufrj/dags/dag_dados_combustivel.py
[2024-03-29T15:00:38.921-0300] {logging_mixin.py:188} INFO - [2024-03-29T15:00:38.920-0300] {dag.py:3047} INFO - Sync 1 DAGs
[2024-03-29T15:00:38.943-0300] {logging_mixin.py:188} INFO - [2024-03-29T15:00:38.943-0300] {dag.py:3834} INFO - Setting next_dagrun for dados-combustivel to 2024-03-18 10:00:00+00:00, run_after=2024-03-25 10:00:00+00:00
[2024-03-29T15:00:38.966-0300] {processor.py:183} INFO - Processing /home/thiago/tcc_ufrj/dags/dag_dados_combustivel.py took 0.090 seconds
[2024-03-29T15:01:09.172-0300] {processor.py:161} INFO - Started process (PID=29813) to work on /home/thiago/tcc_ufrj/dags/dag_dados_combustivel.py
[2024-03-29T15:01:09.173-0300] {processor.py:830} INFO - Processing file /home/thiago/tcc_ufrj/dags/dag_dados_combustivel.py for tasks to queue
[2024-03-29T15:01:09.174-0300] {logging_mixin.py:188} INFO - [2024-03-29T15:01:09.174-0300] {dagbag.py:540} INFO - Filling up the DagBag from /home/thiago/tcc_ufrj/dags/dag_dados_combustivel.py
[2024-03-29T15:01:09.184-0300] {processor.py:840} INFO - DAG(s) 'dados-combustivel' retrieved from /home/thiago/tcc_ufrj/dags/dag_dados_combustivel.py
[2024-03-29T15:01:09.215-0300] {logging_mixin.py:188} INFO - [2024-03-29T15:01:09.215-0300] {dag.py:3047} INFO - Sync 1 DAGs
[2024-03-29T15:01:09.236-0300] {logging_mixin.py:188} INFO - [2024-03-29T15:01:09.236-0300] {dag.py:3834} INFO - Setting next_dagrun for dados-combustivel to 2024-03-18 10:00:00+00:00, run_after=2024-03-25 10:00:00+00:00
[2024-03-29T15:01:09.258-0300] {processor.py:183} INFO - Processing /home/thiago/tcc_ufrj/dags/dag_dados_combustivel.py took 0.090 seconds
[2024-03-29T15:01:39.445-0300] {processor.py:161} INFO - Started process (PID=30761) to work on /home/thiago/tcc_ufrj/dags/dag_dados_combustivel.py
[2024-03-29T15:01:39.446-0300] {processor.py:830} INFO - Processing file /home/thiago/tcc_ufrj/dags/dag_dados_combustivel.py for tasks to queue
[2024-03-29T15:01:39.446-0300] {logging_mixin.py:188} INFO - [2024-03-29T15:01:39.446-0300] {dagbag.py:540} INFO - Filling up the DagBag from /home/thiago/tcc_ufrj/dags/dag_dados_combustivel.py
[2024-03-29T15:01:39.455-0300] {processor.py:840} INFO - DAG(s) 'dados-combustivel' retrieved from /home/thiago/tcc_ufrj/dags/dag_dados_combustivel.py
[2024-03-29T15:01:39.496-0300] {logging_mixin.py:188} INFO - [2024-03-29T15:01:39.495-0300] {dag.py:3047} INFO - Sync 1 DAGs
[2024-03-29T15:01:39.529-0300] {logging_mixin.py:188} INFO - [2024-03-29T15:01:39.528-0300] {dag.py:3834} INFO - Setting next_dagrun for dados-combustivel to 2024-03-18 10:00:00+00:00, run_after=2024-03-25 10:00:00+00:00
[2024-03-29T15:01:39.566-0300] {processor.py:183} INFO - Processing /home/thiago/tcc_ufrj/dags/dag_dados_combustivel.py took 0.123 seconds
[2024-03-29T15:02:09.720-0300] {processor.py:161} INFO - Started process (PID=31075) to work on /home/thiago/tcc_ufrj/dags/dag_dados_combustivel.py
[2024-03-29T15:02:09.721-0300] {processor.py:830} INFO - Processing file /home/thiago/tcc_ufrj/dags/dag_dados_combustivel.py for tasks to queue
[2024-03-29T15:02:09.722-0300] {logging_mixin.py:188} INFO - [2024-03-29T15:02:09.721-0300] {dagbag.py:540} INFO - Filling up the DagBag from /home/thiago/tcc_ufrj/dags/dag_dados_combustivel.py
[2024-03-29T15:02:09.731-0300] {processor.py:840} INFO - DAG(s) 'dados-combustivel' retrieved from /home/thiago/tcc_ufrj/dags/dag_dados_combustivel.py
[2024-03-29T15:02:09.762-0300] {logging_mixin.py:188} INFO - [2024-03-29T15:02:09.762-0300] {dag.py:3047} INFO - Sync 1 DAGs
[2024-03-29T15:02:09.786-0300] {logging_mixin.py:188} INFO - [2024-03-29T15:02:09.785-0300] {dag.py:3834} INFO - Setting next_dagrun for dados-combustivel to 2024-03-18 10:00:00+00:00, run_after=2024-03-25 10:00:00+00:00
[2024-03-29T15:02:09.805-0300] {processor.py:183} INFO - Processing /home/thiago/tcc_ufrj/dags/dag_dados_combustivel.py took 0.089 seconds
[2024-03-29T15:02:40.006-0300] {processor.py:161} INFO - Started process (PID=31641) to work on /home/thiago/tcc_ufrj/dags/dag_dados_combustivel.py
[2024-03-29T15:02:40.007-0300] {processor.py:830} INFO - Processing file /home/thiago/tcc_ufrj/dags/dag_dados_combustivel.py for tasks to queue
[2024-03-29T15:02:40.008-0300] {logging_mixin.py:188} INFO - [2024-03-29T15:02:40.007-0300] {dagbag.py:540} INFO - Filling up the DagBag from /home/thiago/tcc_ufrj/dags/dag_dados_combustivel.py
[2024-03-29T15:02:40.019-0300] {processor.py:840} INFO - DAG(s) 'dados-combustivel' retrieved from /home/thiago/tcc_ufrj/dags/dag_dados_combustivel.py
[2024-03-29T15:02:40.057-0300] {logging_mixin.py:188} INFO - [2024-03-29T15:02:40.056-0300] {dag.py:3047} INFO - Sync 1 DAGs
[2024-03-29T15:02:40.083-0300] {logging_mixin.py:188} INFO - [2024-03-29T15:02:40.082-0300] {dag.py:3834} INFO - Setting next_dagrun for dados-combustivel to 2024-03-18 10:00:00+00:00, run_after=2024-03-25 10:00:00+00:00
[2024-03-29T15:02:40.108-0300] {processor.py:183} INFO - Processing /home/thiago/tcc_ufrj/dags/dag_dados_combustivel.py took 0.104 seconds
[2024-03-29T15:03:10.293-0300] {processor.py:161} INFO - Started process (PID=32330) to work on /home/thiago/tcc_ufrj/dags/dag_dados_combustivel.py
[2024-03-29T15:03:10.295-0300] {processor.py:830} INFO - Processing file /home/thiago/tcc_ufrj/dags/dag_dados_combustivel.py for tasks to queue
[2024-03-29T15:03:10.297-0300] {logging_mixin.py:188} INFO - [2024-03-29T15:03:10.297-0300] {dagbag.py:540} INFO - Filling up the DagBag from /home/thiago/tcc_ufrj/dags/dag_dados_combustivel.py
[2024-03-29T15:03:10.310-0300] {processor.py:840} INFO - DAG(s) 'dados-combustivel' retrieved from /home/thiago/tcc_ufrj/dags/dag_dados_combustivel.py
[2024-03-29T15:03:10.352-0300] {logging_mixin.py:188} INFO - [2024-03-29T15:03:10.352-0300] {dag.py:3047} INFO - Sync 1 DAGs
[2024-03-29T15:03:10.393-0300] {logging_mixin.py:188} INFO - [2024-03-29T15:03:10.393-0300] {dag.py:3834} INFO - Setting next_dagrun for dados-combustivel to 2024-03-18 10:00:00+00:00, run_after=2024-03-25 10:00:00+00:00
[2024-03-29T15:03:10.419-0300] {processor.py:183} INFO - Processing /home/thiago/tcc_ufrj/dags/dag_dados_combustivel.py took 0.130 seconds
[2024-03-29T15:03:40.575-0300] {processor.py:161} INFO - Started process (PID=32961) to work on /home/thiago/tcc_ufrj/dags/dag_dados_combustivel.py
[2024-03-29T15:03:40.576-0300] {processor.py:830} INFO - Processing file /home/thiago/tcc_ufrj/dags/dag_dados_combustivel.py for tasks to queue
[2024-03-29T15:03:40.577-0300] {logging_mixin.py:188} INFO - [2024-03-29T15:03:40.576-0300] {dagbag.py:540} INFO - Filling up the DagBag from /home/thiago/tcc_ufrj/dags/dag_dados_combustivel.py
[2024-03-29T15:03:40.587-0300] {processor.py:840} INFO - DAG(s) 'dados-combustivel' retrieved from /home/thiago/tcc_ufrj/dags/dag_dados_combustivel.py
[2024-03-29T15:03:40.621-0300] {logging_mixin.py:188} INFO - [2024-03-29T15:03:40.621-0300] {dag.py:3047} INFO - Sync 1 DAGs
[2024-03-29T15:03:40.645-0300] {logging_mixin.py:188} INFO - [2024-03-29T15:03:40.644-0300] {dag.py:3834} INFO - Setting next_dagrun for dados-combustivel to 2024-03-18 10:00:00+00:00, run_after=2024-03-25 10:00:00+00:00
[2024-03-29T15:03:40.664-0300] {processor.py:183} INFO - Processing /home/thiago/tcc_ufrj/dags/dag_dados_combustivel.py took 0.091 seconds
[2024-03-29T15:04:10.890-0300] {processor.py:161} INFO - Started process (PID=33649) to work on /home/thiago/tcc_ufrj/dags/dag_dados_combustivel.py
[2024-03-29T15:04:10.892-0300] {processor.py:830} INFO - Processing file /home/thiago/tcc_ufrj/dags/dag_dados_combustivel.py for tasks to queue
[2024-03-29T15:04:10.893-0300] {logging_mixin.py:188} INFO - [2024-03-29T15:04:10.893-0300] {dagbag.py:540} INFO - Filling up the DagBag from /home/thiago/tcc_ufrj/dags/dag_dados_combustivel.py
[2024-03-29T15:04:10.905-0300] {processor.py:840} INFO - DAG(s) 'dados-combustivel' retrieved from /home/thiago/tcc_ufrj/dags/dag_dados_combustivel.py
[2024-03-29T15:04:10.947-0300] {logging_mixin.py:188} INFO - [2024-03-29T15:04:10.946-0300] {dag.py:3047} INFO - Sync 1 DAGs
[2024-03-29T15:04:10.978-0300] {logging_mixin.py:188} INFO - [2024-03-29T15:04:10.977-0300] {dag.py:3834} INFO - Setting next_dagrun for dados-combustivel to 2024-03-18 10:00:00+00:00, run_after=2024-03-25 10:00:00+00:00
[2024-03-29T15:04:11.002-0300] {processor.py:183} INFO - Processing /home/thiago/tcc_ufrj/dags/dag_dados_combustivel.py took 0.115 seconds
[2024-03-29T15:04:41.162-0300] {processor.py:161} INFO - Started process (PID=34313) to work on /home/thiago/tcc_ufrj/dags/dag_dados_combustivel.py
[2024-03-29T15:04:41.163-0300] {processor.py:830} INFO - Processing file /home/thiago/tcc_ufrj/dags/dag_dados_combustivel.py for tasks to queue
[2024-03-29T15:04:41.164-0300] {logging_mixin.py:188} INFO - [2024-03-29T15:04:41.164-0300] {dagbag.py:540} INFO - Filling up the DagBag from /home/thiago/tcc_ufrj/dags/dag_dados_combustivel.py
[2024-03-29T15:04:41.176-0300] {processor.py:840} INFO - DAG(s) 'dados-combustivel' retrieved from /home/thiago/tcc_ufrj/dags/dag_dados_combustivel.py
[2024-03-29T15:04:41.229-0300] {logging_mixin.py:188} INFO - [2024-03-29T15:04:41.229-0300] {dag.py:3047} INFO - Sync 1 DAGs
[2024-03-29T15:04:41.255-0300] {logging_mixin.py:188} INFO - [2024-03-29T15:04:41.254-0300] {dag.py:3834} INFO - Setting next_dagrun for dados-combustivel to 2024-03-18 10:00:00+00:00, run_after=2024-03-25 10:00:00+00:00
[2024-03-29T15:04:41.278-0300] {processor.py:183} INFO - Processing /home/thiago/tcc_ufrj/dags/dag_dados_combustivel.py took 0.118 seconds
[2024-03-29T15:05:11.465-0300] {processor.py:161} INFO - Started process (PID=34968) to work on /home/thiago/tcc_ufrj/dags/dag_dados_combustivel.py
[2024-03-29T15:05:11.466-0300] {processor.py:830} INFO - Processing file /home/thiago/tcc_ufrj/dags/dag_dados_combustivel.py for tasks to queue
[2024-03-29T15:05:11.467-0300] {logging_mixin.py:188} INFO - [2024-03-29T15:05:11.466-0300] {dagbag.py:540} INFO - Filling up the DagBag from /home/thiago/tcc_ufrj/dags/dag_dados_combustivel.py
[2024-03-29T15:05:11.478-0300] {processor.py:840} INFO - DAG(s) 'dados-combustivel' retrieved from /home/thiago/tcc_ufrj/dags/dag_dados_combustivel.py
[2024-03-29T15:05:11.521-0300] {logging_mixin.py:188} INFO - [2024-03-29T15:05:11.520-0300] {dag.py:3047} INFO - Sync 1 DAGs
[2024-03-29T15:05:11.547-0300] {logging_mixin.py:188} INFO - [2024-03-29T15:05:11.547-0300] {dag.py:3834} INFO - Setting next_dagrun for dados-combustivel to 2024-03-18 10:00:00+00:00, run_after=2024-03-25 10:00:00+00:00
[2024-03-29T15:05:11.579-0300] {processor.py:183} INFO - Processing /home/thiago/tcc_ufrj/dags/dag_dados_combustivel.py took 0.117 seconds
[2024-03-29T15:05:41.818-0300] {processor.py:161} INFO - Started process (PID=35997) to work on /home/thiago/tcc_ufrj/dags/dag_dados_combustivel.py
[2024-03-29T15:05:41.820-0300] {processor.py:830} INFO - Processing file /home/thiago/tcc_ufrj/dags/dag_dados_combustivel.py for tasks to queue
[2024-03-29T15:05:41.821-0300] {logging_mixin.py:188} INFO - [2024-03-29T15:05:41.820-0300] {dagbag.py:540} INFO - Filling up the DagBag from /home/thiago/tcc_ufrj/dags/dag_dados_combustivel.py
[2024-03-29T15:05:41.843-0300] {processor.py:840} INFO - DAG(s) 'dados-combustivel' retrieved from /home/thiago/tcc_ufrj/dags/dag_dados_combustivel.py
[2024-03-29T15:05:41.937-0300] {logging_mixin.py:188} INFO - [2024-03-29T15:05:41.937-0300] {dag.py:3047} INFO - Sync 1 DAGs
[2024-03-29T15:05:42.009-0300] {logging_mixin.py:188} INFO - [2024-03-29T15:05:42.008-0300] {dag.py:3834} INFO - Setting next_dagrun for dados-combustivel to 2024-03-18 10:00:00+00:00, run_after=2024-03-25 10:00:00+00:00
[2024-03-29T15:05:42.060-0300] {processor.py:183} INFO - Processing /home/thiago/tcc_ufrj/dags/dag_dados_combustivel.py took 0.248 seconds
[2024-03-29T15:06:12.108-0300] {processor.py:161} INFO - Started process (PID=36717) to work on /home/thiago/tcc_ufrj/dags/dag_dados_combustivel.py
[2024-03-29T15:06:12.110-0300] {processor.py:830} INFO - Processing file /home/thiago/tcc_ufrj/dags/dag_dados_combustivel.py for tasks to queue
[2024-03-29T15:06:12.111-0300] {logging_mixin.py:188} INFO - [2024-03-29T15:06:12.110-0300] {dagbag.py:540} INFO - Filling up the DagBag from /home/thiago/tcc_ufrj/dags/dag_dados_combustivel.py
[2024-03-29T15:06:12.120-0300] {processor.py:840} INFO - DAG(s) 'dados-combustivel' retrieved from /home/thiago/tcc_ufrj/dags/dag_dados_combustivel.py
[2024-03-29T15:06:12.156-0300] {logging_mixin.py:188} INFO - [2024-03-29T15:06:12.155-0300] {dag.py:3047} INFO - Sync 1 DAGs
[2024-03-29T15:06:12.180-0300] {logging_mixin.py:188} INFO - [2024-03-29T15:06:12.179-0300] {dag.py:3834} INFO - Setting next_dagrun for dados-combustivel to 2024-03-18 10:00:00+00:00, run_after=2024-03-25 10:00:00+00:00
[2024-03-29T15:06:12.204-0300] {processor.py:183} INFO - Processing /home/thiago/tcc_ufrj/dags/dag_dados_combustivel.py took 0.100 seconds
[2024-03-29T15:06:42.397-0300] {processor.py:161} INFO - Started process (PID=36932) to work on /home/thiago/tcc_ufrj/dags/dag_dados_combustivel.py
[2024-03-29T15:06:42.398-0300] {processor.py:830} INFO - Processing file /home/thiago/tcc_ufrj/dags/dag_dados_combustivel.py for tasks to queue
[2024-03-29T15:06:42.399-0300] {logging_mixin.py:188} INFO - [2024-03-29T15:06:42.399-0300] {dagbag.py:540} INFO - Filling up the DagBag from /home/thiago/tcc_ufrj/dags/dag_dados_combustivel.py
[2024-03-29T15:06:42.409-0300] {processor.py:840} INFO - DAG(s) 'dados-combustivel' retrieved from /home/thiago/tcc_ufrj/dags/dag_dados_combustivel.py
[2024-03-29T15:06:42.442-0300] {logging_mixin.py:188} INFO - [2024-03-29T15:06:42.442-0300] {dag.py:3047} INFO - Sync 1 DAGs
[2024-03-29T15:06:42.466-0300] {logging_mixin.py:188} INFO - [2024-03-29T15:06:42.466-0300] {dag.py:3834} INFO - Setting next_dagrun for dados-combustivel to 2024-03-18 10:00:00+00:00, run_after=2024-03-25 10:00:00+00:00
[2024-03-29T15:06:42.486-0300] {processor.py:183} INFO - Processing /home/thiago/tcc_ufrj/dags/dag_dados_combustivel.py took 0.091 seconds
[2024-03-29T15:07:12.662-0300] {processor.py:161} INFO - Started process (PID=37329) to work on /home/thiago/tcc_ufrj/dags/dag_dados_combustivel.py
[2024-03-29T15:07:12.663-0300] {processor.py:830} INFO - Processing file /home/thiago/tcc_ufrj/dags/dag_dados_combustivel.py for tasks to queue
[2024-03-29T15:07:12.664-0300] {logging_mixin.py:188} INFO - [2024-03-29T15:07:12.664-0300] {dagbag.py:540} INFO - Filling up the DagBag from /home/thiago/tcc_ufrj/dags/dag_dados_combustivel.py
[2024-03-29T15:07:12.674-0300] {processor.py:840} INFO - DAG(s) 'dados-combustivel' retrieved from /home/thiago/tcc_ufrj/dags/dag_dados_combustivel.py
[2024-03-29T15:07:12.711-0300] {logging_mixin.py:188} INFO - [2024-03-29T15:07:12.711-0300] {dag.py:3047} INFO - Sync 1 DAGs
[2024-03-29T15:07:12.735-0300] {logging_mixin.py:188} INFO - [2024-03-29T15:07:12.735-0300] {dag.py:3834} INFO - Setting next_dagrun for dados-combustivel to 2024-03-18 10:00:00+00:00, run_after=2024-03-25 10:00:00+00:00
[2024-03-29T15:07:12.755-0300] {processor.py:183} INFO - Processing /home/thiago/tcc_ufrj/dags/dag_dados_combustivel.py took 0.096 seconds
[2024-03-29T15:07:42.953-0300] {processor.py:161} INFO - Started process (PID=38071) to work on /home/thiago/tcc_ufrj/dags/dag_dados_combustivel.py
[2024-03-29T15:07:42.954-0300] {processor.py:830} INFO - Processing file /home/thiago/tcc_ufrj/dags/dag_dados_combustivel.py for tasks to queue
[2024-03-29T15:07:42.955-0300] {logging_mixin.py:188} INFO - [2024-03-29T15:07:42.955-0300] {dagbag.py:540} INFO - Filling up the DagBag from /home/thiago/tcc_ufrj/dags/dag_dados_combustivel.py
[2024-03-29T15:07:42.965-0300] {processor.py:840} INFO - DAG(s) 'dados-combustivel' retrieved from /home/thiago/tcc_ufrj/dags/dag_dados_combustivel.py
[2024-03-29T15:07:43.003-0300] {logging_mixin.py:188} INFO - [2024-03-29T15:07:43.003-0300] {dag.py:3047} INFO - Sync 1 DAGs
[2024-03-29T15:07:43.025-0300] {logging_mixin.py:188} INFO - [2024-03-29T15:07:43.025-0300] {dag.py:3834} INFO - Setting next_dagrun for dados-combustivel to 2024-03-25 10:00:00+00:00, run_after=2024-04-01 10:00:00+00:00
[2024-03-29T15:07:43.046-0300] {processor.py:183} INFO - Processing /home/thiago/tcc_ufrj/dags/dag_dados_combustivel.py took 0.095 seconds
[2024-03-29T15:08:13.231-0300] {processor.py:161} INFO - Started process (PID=38633) to work on /home/thiago/tcc_ufrj/dags/dag_dados_combustivel.py
[2024-03-29T15:08:13.232-0300] {processor.py:830} INFO - Processing file /home/thiago/tcc_ufrj/dags/dag_dados_combustivel.py for tasks to queue
[2024-03-29T15:08:13.233-0300] {logging_mixin.py:188} INFO - [2024-03-29T15:08:13.233-0300] {dagbag.py:540} INFO - Filling up the DagBag from /home/thiago/tcc_ufrj/dags/dag_dados_combustivel.py
[2024-03-29T15:08:13.243-0300] {processor.py:840} INFO - DAG(s) 'dados-combustivel' retrieved from /home/thiago/tcc_ufrj/dags/dag_dados_combustivel.py
[2024-03-29T15:08:13.275-0300] {logging_mixin.py:188} INFO - [2024-03-29T15:08:13.275-0300] {dag.py:3047} INFO - Sync 1 DAGs
[2024-03-29T15:08:13.300-0300] {logging_mixin.py:188} INFO - [2024-03-29T15:08:13.299-0300] {dag.py:3834} INFO - Setting next_dagrun for dados-combustivel to 2024-03-25 10:00:00+00:00, run_after=2024-04-01 10:00:00+00:00
[2024-03-29T15:08:13.320-0300] {processor.py:183} INFO - Processing /home/thiago/tcc_ufrj/dags/dag_dados_combustivel.py took 0.093 seconds
[2024-03-29T15:08:43.538-0300] {processor.py:161} INFO - Started process (PID=39208) to work on /home/thiago/tcc_ufrj/dags/dag_dados_combustivel.py
[2024-03-29T15:08:43.540-0300] {processor.py:830} INFO - Processing file /home/thiago/tcc_ufrj/dags/dag_dados_combustivel.py for tasks to queue
[2024-03-29T15:08:43.541-0300] {logging_mixin.py:188} INFO - [2024-03-29T15:08:43.540-0300] {dagbag.py:540} INFO - Filling up the DagBag from /home/thiago/tcc_ufrj/dags/dag_dados_combustivel.py
[2024-03-29T15:08:43.552-0300] {processor.py:840} INFO - DAG(s) 'dados-combustivel' retrieved from /home/thiago/tcc_ufrj/dags/dag_dados_combustivel.py
[2024-03-29T15:08:43.601-0300] {logging_mixin.py:188} INFO - [2024-03-29T15:08:43.601-0300] {dag.py:3047} INFO - Sync 1 DAGs
[2024-03-29T15:08:43.628-0300] {logging_mixin.py:188} INFO - [2024-03-29T15:08:43.628-0300] {dag.py:3834} INFO - Setting next_dagrun for dados-combustivel to 2024-03-25 10:00:00+00:00, run_after=2024-04-01 10:00:00+00:00
[2024-03-29T15:08:43.650-0300] {processor.py:183} INFO - Processing /home/thiago/tcc_ufrj/dags/dag_dados_combustivel.py took 0.115 seconds
[2024-03-29T15:09:13.815-0300] {processor.py:161} INFO - Started process (PID=39805) to work on /home/thiago/tcc_ufrj/dags/dag_dados_combustivel.py
[2024-03-29T15:09:13.817-0300] {processor.py:830} INFO - Processing file /home/thiago/tcc_ufrj/dags/dag_dados_combustivel.py for tasks to queue
[2024-03-29T15:09:13.817-0300] {logging_mixin.py:188} INFO - [2024-03-29T15:09:13.817-0300] {dagbag.py:540} INFO - Filling up the DagBag from /home/thiago/tcc_ufrj/dags/dag_dados_combustivel.py
[2024-03-29T15:09:13.826-0300] {processor.py:840} INFO - DAG(s) 'dados-combustivel' retrieved from /home/thiago/tcc_ufrj/dags/dag_dados_combustivel.py
[2024-03-29T15:09:13.862-0300] {logging_mixin.py:188} INFO - [2024-03-29T15:09:13.862-0300] {dag.py:3047} INFO - Sync 1 DAGs
[2024-03-29T15:09:13.893-0300] {logging_mixin.py:188} INFO - [2024-03-29T15:09:13.892-0300] {dag.py:3834} INFO - Setting next_dagrun for dados-combustivel to 2024-03-25 10:00:00+00:00, run_after=2024-04-01 10:00:00+00:00
[2024-03-29T15:09:13.914-0300] {processor.py:183} INFO - Processing /home/thiago/tcc_ufrj/dags/dag_dados_combustivel.py took 0.101 seconds
[2024-03-29T15:09:44.107-0300] {processor.py:161} INFO - Started process (PID=40264) to work on /home/thiago/tcc_ufrj/dags/dag_dados_combustivel.py
[2024-03-29T15:09:44.108-0300] {processor.py:830} INFO - Processing file /home/thiago/tcc_ufrj/dags/dag_dados_combustivel.py for tasks to queue
[2024-03-29T15:09:44.109-0300] {logging_mixin.py:188} INFO - [2024-03-29T15:09:44.109-0300] {dagbag.py:540} INFO - Filling up the DagBag from /home/thiago/tcc_ufrj/dags/dag_dados_combustivel.py
[2024-03-29T15:09:44.119-0300] {processor.py:840} INFO - DAG(s) 'dados-combustivel' retrieved from /home/thiago/tcc_ufrj/dags/dag_dados_combustivel.py
[2024-03-29T15:09:44.159-0300] {logging_mixin.py:188} INFO - [2024-03-29T15:09:44.158-0300] {dag.py:3047} INFO - Sync 1 DAGs
[2024-03-29T15:09:44.192-0300] {logging_mixin.py:188} INFO - [2024-03-29T15:09:44.192-0300] {dag.py:3834} INFO - Setting next_dagrun for dados-combustivel to 2024-03-25 10:00:00+00:00, run_after=2024-04-01 10:00:00+00:00
[2024-03-29T15:09:44.215-0300] {processor.py:183} INFO - Processing /home/thiago/tcc_ufrj/dags/dag_dados_combustivel.py took 0.111 seconds
[2024-03-29T15:10:14.369-0300] {processor.py:161} INFO - Started process (PID=40892) to work on /home/thiago/tcc_ufrj/dags/dag_dados_combustivel.py
[2024-03-29T15:10:14.369-0300] {processor.py:830} INFO - Processing file /home/thiago/tcc_ufrj/dags/dag_dados_combustivel.py for tasks to queue
[2024-03-29T15:10:14.370-0300] {logging_mixin.py:188} INFO - [2024-03-29T15:10:14.370-0300] {dagbag.py:540} INFO - Filling up the DagBag from /home/thiago/tcc_ufrj/dags/dag_dados_combustivel.py
[2024-03-29T15:10:14.382-0300] {processor.py:840} INFO - DAG(s) 'dados-combustivel' retrieved from /home/thiago/tcc_ufrj/dags/dag_dados_combustivel.py
[2024-03-29T15:10:14.417-0300] {logging_mixin.py:188} INFO - [2024-03-29T15:10:14.417-0300] {dag.py:3047} INFO - Sync 1 DAGs
[2024-03-29T15:10:14.446-0300] {logging_mixin.py:188} INFO - [2024-03-29T15:10:14.446-0300] {dag.py:3834} INFO - Setting next_dagrun for dados-combustivel to 2024-03-25 10:00:00+00:00, run_after=2024-04-01 10:00:00+00:00
[2024-03-29T15:10:14.469-0300] {processor.py:183} INFO - Processing /home/thiago/tcc_ufrj/dags/dag_dados_combustivel.py took 0.103 seconds
[2024-03-29T15:10:44.693-0300] {processor.py:161} INFO - Started process (PID=41212) to work on /home/thiago/tcc_ufrj/dags/dag_dados_combustivel.py
[2024-03-29T15:10:44.694-0300] {processor.py:830} INFO - Processing file /home/thiago/tcc_ufrj/dags/dag_dados_combustivel.py for tasks to queue
[2024-03-29T15:10:44.695-0300] {logging_mixin.py:188} INFO - [2024-03-29T15:10:44.695-0300] {dagbag.py:540} INFO - Filling up the DagBag from /home/thiago/tcc_ufrj/dags/dag_dados_combustivel.py
[2024-03-29T15:10:44.706-0300] {processor.py:840} INFO - DAG(s) 'dados-combustivel' retrieved from /home/thiago/tcc_ufrj/dags/dag_dados_combustivel.py
[2024-03-29T15:10:44.739-0300] {logging_mixin.py:188} INFO - [2024-03-29T15:10:44.739-0300] {dag.py:3047} INFO - Sync 1 DAGs
[2024-03-29T15:10:44.761-0300] {logging_mixin.py:188} INFO - [2024-03-29T15:10:44.761-0300] {dag.py:3834} INFO - Setting next_dagrun for dados-combustivel to 2024-03-25 10:00:00+00:00, run_after=2024-04-01 10:00:00+00:00
[2024-03-29T15:10:44.780-0300] {processor.py:183} INFO - Processing /home/thiago/tcc_ufrj/dags/dag_dados_combustivel.py took 0.090 seconds
[2024-03-29T15:11:14.986-0300] {processor.py:161} INFO - Started process (PID=41463) to work on /home/thiago/tcc_ufrj/dags/dag_dados_combustivel.py
[2024-03-29T15:11:14.987-0300] {processor.py:830} INFO - Processing file /home/thiago/tcc_ufrj/dags/dag_dados_combustivel.py for tasks to queue
[2024-03-29T15:11:14.988-0300] {logging_mixin.py:188} INFO - [2024-03-29T15:11:14.987-0300] {dagbag.py:540} INFO - Filling up the DagBag from /home/thiago/tcc_ufrj/dags/dag_dados_combustivel.py
[2024-03-29T15:11:14.997-0300] {processor.py:840} INFO - DAG(s) 'dados-combustivel' retrieved from /home/thiago/tcc_ufrj/dags/dag_dados_combustivel.py
[2024-03-29T15:11:15.027-0300] {logging_mixin.py:188} INFO - [2024-03-29T15:11:15.027-0300] {dag.py:3047} INFO - Sync 1 DAGs
[2024-03-29T15:11:15.048-0300] {logging_mixin.py:188} INFO - [2024-03-29T15:11:15.047-0300] {dag.py:3834} INFO - Setting next_dagrun for dados-combustivel to 2024-03-25 10:00:00+00:00, run_after=2024-04-01 10:00:00+00:00
[2024-03-29T15:11:15.068-0300] {processor.py:183} INFO - Processing /home/thiago/tcc_ufrj/dags/dag_dados_combustivel.py took 0.086 seconds
[2024-03-29T15:11:45.253-0300] {processor.py:161} INFO - Started process (PID=41713) to work on /home/thiago/tcc_ufrj/dags/dag_dados_combustivel.py
[2024-03-29T15:11:45.254-0300] {processor.py:830} INFO - Processing file /home/thiago/tcc_ufrj/dags/dag_dados_combustivel.py for tasks to queue
[2024-03-29T15:11:45.255-0300] {logging_mixin.py:188} INFO - [2024-03-29T15:11:45.255-0300] {dagbag.py:540} INFO - Filling up the DagBag from /home/thiago/tcc_ufrj/dags/dag_dados_combustivel.py
[2024-03-29T15:11:45.264-0300] {processor.py:840} INFO - DAG(s) 'dados-combustivel' retrieved from /home/thiago/tcc_ufrj/dags/dag_dados_combustivel.py
[2024-03-29T15:11:45.302-0300] {logging_mixin.py:188} INFO - [2024-03-29T15:11:45.301-0300] {dag.py:3047} INFO - Sync 1 DAGs
[2024-03-29T15:11:45.324-0300] {logging_mixin.py:188} INFO - [2024-03-29T15:11:45.324-0300] {dag.py:3834} INFO - Setting next_dagrun for dados-combustivel to 2024-03-25 10:00:00+00:00, run_after=2024-04-01 10:00:00+00:00
[2024-03-29T15:11:45.345-0300] {processor.py:183} INFO - Processing /home/thiago/tcc_ufrj/dags/dag_dados_combustivel.py took 0.095 seconds
[2024-03-29T15:12:15.528-0300] {processor.py:161} INFO - Started process (PID=42030) to work on /home/thiago/tcc_ufrj/dags/dag_dados_combustivel.py
[2024-03-29T15:12:15.529-0300] {processor.py:830} INFO - Processing file /home/thiago/tcc_ufrj/dags/dag_dados_combustivel.py for tasks to queue
[2024-03-29T15:12:15.530-0300] {logging_mixin.py:188} INFO - [2024-03-29T15:12:15.529-0300] {dagbag.py:540} INFO - Filling up the DagBag from /home/thiago/tcc_ufrj/dags/dag_dados_combustivel.py
[2024-03-29T15:12:15.540-0300] {processor.py:840} INFO - DAG(s) 'dados-combustivel' retrieved from /home/thiago/tcc_ufrj/dags/dag_dados_combustivel.py
[2024-03-29T15:12:15.578-0300] {logging_mixin.py:188} INFO - [2024-03-29T15:12:15.578-0300] {dag.py:3047} INFO - Sync 1 DAGs
[2024-03-29T15:12:15.602-0300] {logging_mixin.py:188} INFO - [2024-03-29T15:12:15.601-0300] {dag.py:3834} INFO - Setting next_dagrun for dados-combustivel to 2024-03-25 10:00:00+00:00, run_after=2024-04-01 10:00:00+00:00
[2024-03-29T15:12:15.626-0300] {processor.py:183} INFO - Processing /home/thiago/tcc_ufrj/dags/dag_dados_combustivel.py took 0.101 seconds
[2024-03-29T15:12:45.800-0300] {processor.py:161} INFO - Started process (PID=42443) to work on /home/thiago/tcc_ufrj/dags/dag_dados_combustivel.py
[2024-03-29T15:12:45.804-0300] {processor.py:830} INFO - Processing file /home/thiago/tcc_ufrj/dags/dag_dados_combustivel.py for tasks to queue
[2024-03-29T15:12:45.805-0300] {logging_mixin.py:188} INFO - [2024-03-29T15:12:45.804-0300] {dagbag.py:540} INFO - Filling up the DagBag from /home/thiago/tcc_ufrj/dags/dag_dados_combustivel.py
[2024-03-29T15:12:45.816-0300] {processor.py:840} INFO - DAG(s) 'dados-combustivel' retrieved from /home/thiago/tcc_ufrj/dags/dag_dados_combustivel.py
[2024-03-29T15:12:45.849-0300] {logging_mixin.py:188} INFO - [2024-03-29T15:12:45.849-0300] {dag.py:3047} INFO - Sync 1 DAGs
[2024-03-29T15:12:45.873-0300] {logging_mixin.py:188} INFO - [2024-03-29T15:12:45.873-0300] {dag.py:3834} INFO - Setting next_dagrun for dados-combustivel to 2024-03-25 10:00:00+00:00, run_after=2024-04-01 10:00:00+00:00
[2024-03-29T15:12:45.894-0300] {processor.py:183} INFO - Processing /home/thiago/tcc_ufrj/dags/dag_dados_combustivel.py took 0.098 seconds
[2024-03-29T15:13:16.081-0300] {processor.py:161} INFO - Started process (PID=42814) to work on /home/thiago/tcc_ufrj/dags/dag_dados_combustivel.py
[2024-03-29T15:13:16.081-0300] {processor.py:830} INFO - Processing file /home/thiago/tcc_ufrj/dags/dag_dados_combustivel.py for tasks to queue
[2024-03-29T15:13:16.082-0300] {logging_mixin.py:188} INFO - [2024-03-29T15:13:16.082-0300] {dagbag.py:540} INFO - Filling up the DagBag from /home/thiago/tcc_ufrj/dags/dag_dados_combustivel.py
[2024-03-29T15:13:16.091-0300] {processor.py:840} INFO - DAG(s) 'dados-combustivel' retrieved from /home/thiago/tcc_ufrj/dags/dag_dados_combustivel.py
[2024-03-29T15:13:16.125-0300] {logging_mixin.py:188} INFO - [2024-03-29T15:13:16.125-0300] {dag.py:3047} INFO - Sync 1 DAGs
[2024-03-29T15:13:16.147-0300] {logging_mixin.py:188} INFO - [2024-03-29T15:13:16.147-0300] {dag.py:3834} INFO - Setting next_dagrun for dados-combustivel to 2024-03-25 10:00:00+00:00, run_after=2024-04-01 10:00:00+00:00
[2024-03-29T15:13:16.169-0300] {processor.py:183} INFO - Processing /home/thiago/tcc_ufrj/dags/dag_dados_combustivel.py took 0.091 seconds
[2024-03-29T15:13:46.356-0300] {processor.py:161} INFO - Started process (PID=42939) to work on /home/thiago/tcc_ufrj/dags/dag_dados_combustivel.py
[2024-03-29T15:13:46.357-0300] {processor.py:830} INFO - Processing file /home/thiago/tcc_ufrj/dags/dag_dados_combustivel.py for tasks to queue
[2024-03-29T15:13:46.358-0300] {logging_mixin.py:188} INFO - [2024-03-29T15:13:46.358-0300] {dagbag.py:540} INFO - Filling up the DagBag from /home/thiago/tcc_ufrj/dags/dag_dados_combustivel.py
[2024-03-29T15:13:46.367-0300] {processor.py:840} INFO - DAG(s) 'dados-combustivel' retrieved from /home/thiago/tcc_ufrj/dags/dag_dados_combustivel.py
[2024-03-29T15:13:46.401-0300] {logging_mixin.py:188} INFO - [2024-03-29T15:13:46.401-0300] {dag.py:3047} INFO - Sync 1 DAGs
[2024-03-29T15:13:46.423-0300] {logging_mixin.py:188} INFO - [2024-03-29T15:13:46.423-0300] {dag.py:3834} INFO - Setting next_dagrun for dados-combustivel to 2024-03-25 10:00:00+00:00, run_after=2024-04-01 10:00:00+00:00
[2024-03-29T15:13:46.443-0300] {processor.py:183} INFO - Processing /home/thiago/tcc_ufrj/dags/dag_dados_combustivel.py took 0.089 seconds
[2024-03-29T15:14:16.657-0300] {processor.py:161} INFO - Started process (PID=43210) to work on /home/thiago/tcc_ufrj/dags/dag_dados_combustivel.py
[2024-03-29T15:14:16.658-0300] {processor.py:830} INFO - Processing file /home/thiago/tcc_ufrj/dags/dag_dados_combustivel.py for tasks to queue
[2024-03-29T15:14:16.659-0300] {logging_mixin.py:188} INFO - [2024-03-29T15:14:16.659-0300] {dagbag.py:540} INFO - Filling up the DagBag from /home/thiago/tcc_ufrj/dags/dag_dados_combustivel.py
[2024-03-29T15:14:16.673-0300] {processor.py:840} INFO - DAG(s) 'dados-combustivel' retrieved from /home/thiago/tcc_ufrj/dags/dag_dados_combustivel.py
[2024-03-29T15:14:16.727-0300] {logging_mixin.py:188} INFO - [2024-03-29T15:14:16.727-0300] {dag.py:3047} INFO - Sync 1 DAGs
[2024-03-29T15:14:16.768-0300] {logging_mixin.py:188} INFO - [2024-03-29T15:14:16.768-0300] {dag.py:3834} INFO - Setting next_dagrun for dados-combustivel to 2024-03-25 10:00:00+00:00, run_after=2024-04-01 10:00:00+00:00
[2024-03-29T15:14:16.803-0300] {processor.py:183} INFO - Processing /home/thiago/tcc_ufrj/dags/dag_dados_combustivel.py took 0.152 seconds
[2024-03-29T15:14:47.023-0300] {processor.py:161} INFO - Started process (PID=43411) to work on /home/thiago/tcc_ufrj/dags/dag_dados_combustivel.py
[2024-03-29T15:14:47.027-0300] {processor.py:830} INFO - Processing file /home/thiago/tcc_ufrj/dags/dag_dados_combustivel.py for tasks to queue
[2024-03-29T15:14:47.028-0300] {logging_mixin.py:188} INFO - [2024-03-29T15:14:47.027-0300] {dagbag.py:540} INFO - Filling up the DagBag from /home/thiago/tcc_ufrj/dags/dag_dados_combustivel.py
[2024-03-29T15:14:47.040-0300] {processor.py:840} INFO - DAG(s) 'dados-combustivel' retrieved from /home/thiago/tcc_ufrj/dags/dag_dados_combustivel.py
[2024-03-29T15:14:47.093-0300] {logging_mixin.py:188} INFO - [2024-03-29T15:14:47.093-0300] {dag.py:3047} INFO - Sync 1 DAGs
[2024-03-29T15:14:47.134-0300] {logging_mixin.py:188} INFO - [2024-03-29T15:14:47.134-0300] {dag.py:3834} INFO - Setting next_dagrun for dados-combustivel to 2024-03-25 10:00:00+00:00, run_after=2024-04-01 10:00:00+00:00
[2024-03-29T15:14:47.160-0300] {processor.py:183} INFO - Processing /home/thiago/tcc_ufrj/dags/dag_dados_combustivel.py took 0.142 seconds
[2024-03-29T15:15:17.300-0300] {processor.py:161} INFO - Started process (PID=44113) to work on /home/thiago/tcc_ufrj/dags/dag_dados_combustivel.py
[2024-03-29T15:15:17.301-0300] {processor.py:830} INFO - Processing file /home/thiago/tcc_ufrj/dags/dag_dados_combustivel.py for tasks to queue
[2024-03-29T15:15:17.302-0300] {logging_mixin.py:188} INFO - [2024-03-29T15:15:17.302-0300] {dagbag.py:540} INFO - Filling up the DagBag from /home/thiago/tcc_ufrj/dags/dag_dados_combustivel.py
[2024-03-29T15:15:17.313-0300] {processor.py:840} INFO - DAG(s) 'dados-combustivel' retrieved from /home/thiago/tcc_ufrj/dags/dag_dados_combustivel.py
[2024-03-29T15:15:17.347-0300] {logging_mixin.py:188} INFO - [2024-03-29T15:15:17.347-0300] {dag.py:3047} INFO - Sync 1 DAGs
[2024-03-29T15:15:17.374-0300] {logging_mixin.py:188} INFO - [2024-03-29T15:15:17.373-0300] {dag.py:3834} INFO - Setting next_dagrun for dados-combustivel to 2024-03-25 10:00:00+00:00, run_after=2024-04-01 10:00:00+00:00
[2024-03-29T15:15:17.395-0300] {processor.py:183} INFO - Processing /home/thiago/tcc_ufrj/dags/dag_dados_combustivel.py took 0.099 seconds
[2024-03-29T15:15:47.746-0300] {processor.py:161} INFO - Started process (PID=44313) to work on /home/thiago/tcc_ufrj/dags/dag_dados_combustivel.py
[2024-03-29T15:15:47.749-0300] {processor.py:830} INFO - Processing file /home/thiago/tcc_ufrj/dags/dag_dados_combustivel.py for tasks to queue
[2024-03-29T15:15:47.751-0300] {logging_mixin.py:188} INFO - [2024-03-29T15:15:47.750-0300] {dagbag.py:540} INFO - Filling up the DagBag from /home/thiago/tcc_ufrj/dags/dag_dados_combustivel.py
[2024-03-29T15:15:47.775-0300] {processor.py:840} INFO - DAG(s) 'dados-combustivel' retrieved from /home/thiago/tcc_ufrj/dags/dag_dados_combustivel.py
[2024-03-29T15:15:47.832-0300] {logging_mixin.py:188} INFO - [2024-03-29T15:15:47.831-0300] {dag.py:3047} INFO - Sync 1 DAGs
[2024-03-29T15:15:47.884-0300] {logging_mixin.py:188} INFO - [2024-03-29T15:15:47.884-0300] {dag.py:3834} INFO - Setting next_dagrun for dados-combustivel to 2024-03-25 10:00:00+00:00, run_after=2024-04-01 10:00:00+00:00
[2024-03-29T15:15:47.941-0300] {processor.py:183} INFO - Processing /home/thiago/tcc_ufrj/dags/dag_dados_combustivel.py took 0.203 seconds
[2024-03-29T15:16:18.198-0300] {processor.py:161} INFO - Started process (PID=44606) to work on /home/thiago/tcc_ufrj/dags/dag_dados_combustivel.py
[2024-03-29T15:16:18.199-0300] {processor.py:830} INFO - Processing file /home/thiago/tcc_ufrj/dags/dag_dados_combustivel.py for tasks to queue
[2024-03-29T15:16:18.201-0300] {logging_mixin.py:188} INFO - [2024-03-29T15:16:18.201-0300] {dagbag.py:540} INFO - Filling up the DagBag from /home/thiago/tcc_ufrj/dags/dag_dados_combustivel.py
[2024-03-29T15:16:18.220-0300] {processor.py:840} INFO - DAG(s) 'dados-combustivel' retrieved from /home/thiago/tcc_ufrj/dags/dag_dados_combustivel.py
[2024-03-29T15:16:18.277-0300] {logging_mixin.py:188} INFO - [2024-03-29T15:16:18.276-0300] {dag.py:3047} INFO - Sync 1 DAGs
[2024-03-29T15:16:18.315-0300] {logging_mixin.py:188} INFO - [2024-03-29T15:16:18.314-0300] {dag.py:3834} INFO - Setting next_dagrun for dados-combustivel to 2024-03-25 10:00:00+00:00, run_after=2024-04-01 10:00:00+00:00
[2024-03-29T15:16:18.365-0300] {processor.py:183} INFO - Processing /home/thiago/tcc_ufrj/dags/dag_dados_combustivel.py took 0.172 seconds
[2024-03-29T15:16:48.646-0300] {processor.py:161} INFO - Started process (PID=44808) to work on /home/thiago/tcc_ufrj/dags/dag_dados_combustivel.py
[2024-03-29T15:16:48.648-0300] {processor.py:830} INFO - Processing file /home/thiago/tcc_ufrj/dags/dag_dados_combustivel.py for tasks to queue
[2024-03-29T15:16:48.649-0300] {logging_mixin.py:188} INFO - [2024-03-29T15:16:48.649-0300] {dagbag.py:540} INFO - Filling up the DagBag from /home/thiago/tcc_ufrj/dags/dag_dados_combustivel.py
[2024-03-29T15:16:48.664-0300] {processor.py:840} INFO - DAG(s) 'dados-combustivel' retrieved from /home/thiago/tcc_ufrj/dags/dag_dados_combustivel.py
[2024-03-29T15:16:48.726-0300] {logging_mixin.py:188} INFO - [2024-03-29T15:16:48.725-0300] {dag.py:3047} INFO - Sync 1 DAGs
[2024-03-29T15:16:48.764-0300] {logging_mixin.py:188} INFO - [2024-03-29T15:16:48.764-0300] {dag.py:3834} INFO - Setting next_dagrun for dados-combustivel to 2024-03-25 10:00:00+00:00, run_after=2024-04-01 10:00:00+00:00
[2024-03-29T15:16:48.802-0300] {processor.py:183} INFO - Processing /home/thiago/tcc_ufrj/dags/dag_dados_combustivel.py took 0.162 seconds
[2024-03-29T15:17:18.956-0300] {processor.py:161} INFO - Started process (PID=45172) to work on /home/thiago/tcc_ufrj/dags/dag_dados_combustivel.py
[2024-03-29T15:17:18.957-0300] {processor.py:830} INFO - Processing file /home/thiago/tcc_ufrj/dags/dag_dados_combustivel.py for tasks to queue
[2024-03-29T15:17:18.959-0300] {logging_mixin.py:188} INFO - [2024-03-29T15:17:18.958-0300] {dagbag.py:540} INFO - Filling up the DagBag from /home/thiago/tcc_ufrj/dags/dag_dados_combustivel.py
[2024-03-29T15:17:18.971-0300] {processor.py:840} INFO - DAG(s) 'dados-combustivel' retrieved from /home/thiago/tcc_ufrj/dags/dag_dados_combustivel.py
[2024-03-29T15:17:19.018-0300] {logging_mixin.py:188} INFO - [2024-03-29T15:17:19.017-0300] {dag.py:3047} INFO - Sync 1 DAGs
[2024-03-29T15:17:19.053-0300] {logging_mixin.py:188} INFO - [2024-03-29T15:17:19.052-0300] {dag.py:3834} INFO - Setting next_dagrun for dados-combustivel to 2024-03-25 10:00:00+00:00, run_after=2024-04-01 10:00:00+00:00
[2024-03-29T15:17:19.078-0300] {processor.py:183} INFO - Processing /home/thiago/tcc_ufrj/dags/dag_dados_combustivel.py took 0.127 seconds
[2024-03-29T15:17:49.265-0300] {processor.py:161} INFO - Started process (PID=45600) to work on /home/thiago/tcc_ufrj/dags/dag_dados_combustivel.py
[2024-03-29T15:17:49.266-0300] {processor.py:830} INFO - Processing file /home/thiago/tcc_ufrj/dags/dag_dados_combustivel.py for tasks to queue
[2024-03-29T15:17:49.267-0300] {logging_mixin.py:188} INFO - [2024-03-29T15:17:49.267-0300] {dagbag.py:540} INFO - Filling up the DagBag from /home/thiago/tcc_ufrj/dags/dag_dados_combustivel.py
[2024-03-29T15:17:49.281-0300] {processor.py:840} INFO - DAG(s) 'dados-combustivel' retrieved from /home/thiago/tcc_ufrj/dags/dag_dados_combustivel.py
[2024-03-29T15:17:49.330-0300] {logging_mixin.py:188} INFO - [2024-03-29T15:17:49.330-0300] {dag.py:3047} INFO - Sync 1 DAGs
[2024-03-29T15:17:49.367-0300] {logging_mixin.py:188} INFO - [2024-03-29T15:17:49.367-0300] {dag.py:3834} INFO - Setting next_dagrun for dados-combustivel to 2024-03-25 10:00:00+00:00, run_after=2024-04-01 10:00:00+00:00
[2024-03-29T15:17:49.397-0300] {processor.py:183} INFO - Processing /home/thiago/tcc_ufrj/dags/dag_dados_combustivel.py took 0.135 seconds
[2024-03-29T15:18:19.549-0300] {processor.py:161} INFO - Started process (PID=45980) to work on /home/thiago/tcc_ufrj/dags/dag_dados_combustivel.py
[2024-03-29T15:18:19.550-0300] {processor.py:830} INFO - Processing file /home/thiago/tcc_ufrj/dags/dag_dados_combustivel.py for tasks to queue
[2024-03-29T15:18:19.552-0300] {logging_mixin.py:188} INFO - [2024-03-29T15:18:19.551-0300] {dagbag.py:540} INFO - Filling up the DagBag from /home/thiago/tcc_ufrj/dags/dag_dados_combustivel.py
[2024-03-29T15:18:19.568-0300] {processor.py:840} INFO - DAG(s) 'dados-combustivel' retrieved from /home/thiago/tcc_ufrj/dags/dag_dados_combustivel.py
[2024-03-29T15:18:19.614-0300] {logging_mixin.py:188} INFO - [2024-03-29T15:18:19.614-0300] {dag.py:3047} INFO - Sync 1 DAGs
[2024-03-29T15:18:19.651-0300] {logging_mixin.py:188} INFO - [2024-03-29T15:18:19.651-0300] {dag.py:3834} INFO - Setting next_dagrun for dados-combustivel to 2024-03-25 10:00:00+00:00, run_after=2024-04-01 10:00:00+00:00
[2024-03-29T15:18:19.682-0300] {processor.py:183} INFO - Processing /home/thiago/tcc_ufrj/dags/dag_dados_combustivel.py took 0.137 seconds
[2024-03-29T15:18:49.850-0300] {processor.py:161} INFO - Started process (PID=46197) to work on /home/thiago/tcc_ufrj/dags/dag_dados_combustivel.py
[2024-03-29T15:18:49.851-0300] {processor.py:830} INFO - Processing file /home/thiago/tcc_ufrj/dags/dag_dados_combustivel.py for tasks to queue
[2024-03-29T15:18:49.852-0300] {logging_mixin.py:188} INFO - [2024-03-29T15:18:49.852-0300] {dagbag.py:540} INFO - Filling up the DagBag from /home/thiago/tcc_ufrj/dags/dag_dados_combustivel.py
[2024-03-29T15:18:49.863-0300] {processor.py:840} INFO - DAG(s) 'dados-combustivel' retrieved from /home/thiago/tcc_ufrj/dags/dag_dados_combustivel.py
[2024-03-29T15:18:49.899-0300] {logging_mixin.py:188} INFO - [2024-03-29T15:18:49.898-0300] {dag.py:3047} INFO - Sync 1 DAGs
[2024-03-29T15:18:49.927-0300] {logging_mixin.py:188} INFO - [2024-03-29T15:18:49.927-0300] {dag.py:3834} INFO - Setting next_dagrun for dados-combustivel to 2024-03-25 10:00:00+00:00, run_after=2024-04-01 10:00:00+00:00
[2024-03-29T15:18:49.949-0300] {processor.py:183} INFO - Processing /home/thiago/tcc_ufrj/dags/dag_dados_combustivel.py took 0.102 seconds
[2024-03-29T15:19:20.222-0300] {processor.py:161} INFO - Started process (PID=46692) to work on /home/thiago/tcc_ufrj/dags/dag_dados_combustivel.py
[2024-03-29T15:19:20.223-0300] {processor.py:830} INFO - Processing file /home/thiago/tcc_ufrj/dags/dag_dados_combustivel.py for tasks to queue
[2024-03-29T15:19:20.224-0300] {logging_mixin.py:188} INFO - [2024-03-29T15:19:20.223-0300] {dagbag.py:540} INFO - Filling up the DagBag from /home/thiago/tcc_ufrj/dags/dag_dados_combustivel.py
[2024-03-29T15:19:20.233-0300] {processor.py:840} INFO - DAG(s) 'dados-combustivel' retrieved from /home/thiago/tcc_ufrj/dags/dag_dados_combustivel.py
[2024-03-29T15:19:20.268-0300] {logging_mixin.py:188} INFO - [2024-03-29T15:19:20.267-0300] {dag.py:3047} INFO - Sync 1 DAGs
[2024-03-29T15:19:20.290-0300] {logging_mixin.py:188} INFO - [2024-03-29T15:19:20.290-0300] {dag.py:3834} INFO - Setting next_dagrun for dados-combustivel to 2024-03-25 10:00:00+00:00, run_after=2024-04-01 10:00:00+00:00
[2024-03-29T15:19:20.314-0300] {processor.py:183} INFO - Processing /home/thiago/tcc_ufrj/dags/dag_dados_combustivel.py took 0.095 seconds
[2024-03-29T15:19:50.489-0300] {processor.py:161} INFO - Started process (PID=46990) to work on /home/thiago/tcc_ufrj/dags/dag_dados_combustivel.py
[2024-03-29T15:19:50.490-0300] {processor.py:830} INFO - Processing file /home/thiago/tcc_ufrj/dags/dag_dados_combustivel.py for tasks to queue
[2024-03-29T15:19:50.491-0300] {logging_mixin.py:188} INFO - [2024-03-29T15:19:50.490-0300] {dagbag.py:540} INFO - Filling up the DagBag from /home/thiago/tcc_ufrj/dags/dag_dados_combustivel.py
[2024-03-29T15:19:50.499-0300] {processor.py:840} INFO - DAG(s) 'dados-combustivel' retrieved from /home/thiago/tcc_ufrj/dags/dag_dados_combustivel.py
[2024-03-29T15:19:50.531-0300] {logging_mixin.py:188} INFO - [2024-03-29T15:19:50.531-0300] {dag.py:3047} INFO - Sync 1 DAGs
[2024-03-29T15:19:50.555-0300] {logging_mixin.py:188} INFO - [2024-03-29T15:19:50.555-0300] {dag.py:3834} INFO - Setting next_dagrun for dados-combustivel to 2024-03-25 10:00:00+00:00, run_after=2024-04-01 10:00:00+00:00
[2024-03-29T15:19:50.576-0300] {processor.py:183} INFO - Processing /home/thiago/tcc_ufrj/dags/dag_dados_combustivel.py took 0.090 seconds
[2024-03-29T15:20:20.756-0300] {processor.py:161} INFO - Started process (PID=47344) to work on /home/thiago/tcc_ufrj/dags/dag_dados_combustivel.py
[2024-03-29T15:20:20.758-0300] {processor.py:830} INFO - Processing file /home/thiago/tcc_ufrj/dags/dag_dados_combustivel.py for tasks to queue
[2024-03-29T15:20:20.759-0300] {logging_mixin.py:188} INFO - [2024-03-29T15:20:20.758-0300] {dagbag.py:540} INFO - Filling up the DagBag from /home/thiago/tcc_ufrj/dags/dag_dados_combustivel.py
[2024-03-29T15:20:20.770-0300] {processor.py:840} INFO - DAG(s) 'dados-combustivel' retrieved from /home/thiago/tcc_ufrj/dags/dag_dados_combustivel.py
[2024-03-29T15:20:20.805-0300] {logging_mixin.py:188} INFO - [2024-03-29T15:20:20.805-0300] {dag.py:3047} INFO - Sync 1 DAGs
[2024-03-29T15:20:20.831-0300] {logging_mixin.py:188} INFO - [2024-03-29T15:20:20.831-0300] {dag.py:3834} INFO - Setting next_dagrun for dados-combustivel to 2024-03-25 10:00:00+00:00, run_after=2024-04-01 10:00:00+00:00
[2024-03-29T15:20:20.853-0300] {processor.py:183} INFO - Processing /home/thiago/tcc_ufrj/dags/dag_dados_combustivel.py took 0.101 seconds
[2024-03-29T15:20:51.034-0300] {processor.py:161} INFO - Started process (PID=47675) to work on /home/thiago/tcc_ufrj/dags/dag_dados_combustivel.py
[2024-03-29T15:20:51.035-0300] {processor.py:830} INFO - Processing file /home/thiago/tcc_ufrj/dags/dag_dados_combustivel.py for tasks to queue
[2024-03-29T15:20:51.036-0300] {logging_mixin.py:188} INFO - [2024-03-29T15:20:51.036-0300] {dagbag.py:540} INFO - Filling up the DagBag from /home/thiago/tcc_ufrj/dags/dag_dados_combustivel.py
[2024-03-29T15:20:51.045-0300] {processor.py:840} INFO - DAG(s) 'dados-combustivel' retrieved from /home/thiago/tcc_ufrj/dags/dag_dados_combustivel.py
[2024-03-29T15:20:51.077-0300] {logging_mixin.py:188} INFO - [2024-03-29T15:20:51.076-0300] {dag.py:3047} INFO - Sync 1 DAGs
[2024-03-29T15:20:51.100-0300] {logging_mixin.py:188} INFO - [2024-03-29T15:20:51.100-0300] {dag.py:3834} INFO - Setting next_dagrun for dados-combustivel to 2024-03-25 10:00:00+00:00, run_after=2024-04-01 10:00:00+00:00
[2024-03-29T15:20:51.122-0300] {processor.py:183} INFO - Processing /home/thiago/tcc_ufrj/dags/dag_dados_combustivel.py took 0.090 seconds
[2024-03-29T15:21:21.387-0300] {processor.py:161} INFO - Started process (PID=47934) to work on /home/thiago/tcc_ufrj/dags/dag_dados_combustivel.py
[2024-03-29T15:21:21.394-0300] {processor.py:830} INFO - Processing file /home/thiago/tcc_ufrj/dags/dag_dados_combustivel.py for tasks to queue
[2024-03-29T15:21:21.395-0300] {logging_mixin.py:188} INFO - [2024-03-29T15:21:21.394-0300] {dagbag.py:540} INFO - Filling up the DagBag from /home/thiago/tcc_ufrj/dags/dag_dados_combustivel.py
[2024-03-29T15:21:21.406-0300] {processor.py:840} INFO - DAG(s) 'dados-combustivel' retrieved from /home/thiago/tcc_ufrj/dags/dag_dados_combustivel.py
[2024-03-29T15:21:21.445-0300] {logging_mixin.py:188} INFO - [2024-03-29T15:21:21.445-0300] {dag.py:3047} INFO - Sync 1 DAGs
[2024-03-29T15:21:21.473-0300] {logging_mixin.py:188} INFO - [2024-03-29T15:21:21.472-0300] {dag.py:3834} INFO - Setting next_dagrun for dados-combustivel to 2024-03-25 10:00:00+00:00, run_after=2024-04-01 10:00:00+00:00
[2024-03-29T15:21:21.504-0300] {processor.py:183} INFO - Processing /home/thiago/tcc_ufrj/dags/dag_dados_combustivel.py took 0.120 seconds
[2024-03-29T15:21:51.687-0300] {processor.py:161} INFO - Started process (PID=48255) to work on /home/thiago/tcc_ufrj/dags/dag_dados_combustivel.py
[2024-03-29T15:21:51.689-0300] {processor.py:830} INFO - Processing file /home/thiago/tcc_ufrj/dags/dag_dados_combustivel.py for tasks to queue
[2024-03-29T15:21:51.690-0300] {logging_mixin.py:188} INFO - [2024-03-29T15:21:51.690-0300] {dagbag.py:540} INFO - Filling up the DagBag from /home/thiago/tcc_ufrj/dags/dag_dados_combustivel.py
[2024-03-29T15:21:51.704-0300] {processor.py:840} INFO - DAG(s) 'dados-combustivel' retrieved from /home/thiago/tcc_ufrj/dags/dag_dados_combustivel.py
[2024-03-29T15:21:51.753-0300] {logging_mixin.py:188} INFO - [2024-03-29T15:21:51.752-0300] {dag.py:3047} INFO - Sync 1 DAGs
[2024-03-29T15:21:51.781-0300] {logging_mixin.py:188} INFO - [2024-03-29T15:21:51.781-0300] {dag.py:3834} INFO - Setting next_dagrun for dados-combustivel to 2024-03-25 10:00:00+00:00, run_after=2024-04-01 10:00:00+00:00
[2024-03-29T15:21:51.803-0300] {processor.py:183} INFO - Processing /home/thiago/tcc_ufrj/dags/dag_dados_combustivel.py took 0.120 seconds
[2024-03-29T15:22:21.969-0300] {processor.py:161} INFO - Started process (PID=48725) to work on /home/thiago/tcc_ufrj/dags/dag_dados_combustivel.py
[2024-03-29T15:22:21.970-0300] {processor.py:830} INFO - Processing file /home/thiago/tcc_ufrj/dags/dag_dados_combustivel.py for tasks to queue
[2024-03-29T15:22:21.971-0300] {logging_mixin.py:188} INFO - [2024-03-29T15:22:21.971-0300] {dagbag.py:540} INFO - Filling up the DagBag from /home/thiago/tcc_ufrj/dags/dag_dados_combustivel.py
[2024-03-29T15:22:21.983-0300] {processor.py:840} INFO - DAG(s) 'dados-combustivel' retrieved from /home/thiago/tcc_ufrj/dags/dag_dados_combustivel.py
[2024-03-29T15:22:22.016-0300] {logging_mixin.py:188} INFO - [2024-03-29T15:22:22.015-0300] {dag.py:3047} INFO - Sync 1 DAGs
[2024-03-29T15:22:22.040-0300] {logging_mixin.py:188} INFO - [2024-03-29T15:22:22.040-0300] {dag.py:3834} INFO - Setting next_dagrun for dados-combustivel to 2024-03-25 10:00:00+00:00, run_after=2024-04-01 10:00:00+00:00
[2024-03-29T15:22:22.063-0300] {processor.py:183} INFO - Processing /home/thiago/tcc_ufrj/dags/dag_dados_combustivel.py took 0.096 seconds
[2024-03-29T15:22:52.221-0300] {processor.py:161} INFO - Started process (PID=48957) to work on /home/thiago/tcc_ufrj/dags/dag_dados_combustivel.py
[2024-03-29T15:22:52.222-0300] {processor.py:830} INFO - Processing file /home/thiago/tcc_ufrj/dags/dag_dados_combustivel.py for tasks to queue
[2024-03-29T15:22:52.223-0300] {logging_mixin.py:188} INFO - [2024-03-29T15:22:52.222-0300] {dagbag.py:540} INFO - Filling up the DagBag from /home/thiago/tcc_ufrj/dags/dag_dados_combustivel.py
[2024-03-29T15:22:52.231-0300] {processor.py:840} INFO - DAG(s) 'dados-combustivel' retrieved from /home/thiago/tcc_ufrj/dags/dag_dados_combustivel.py
[2024-03-29T15:22:52.269-0300] {logging_mixin.py:188} INFO - [2024-03-29T15:22:52.269-0300] {dag.py:3047} INFO - Sync 1 DAGs
[2024-03-29T15:22:52.293-0300] {logging_mixin.py:188} INFO - [2024-03-29T15:22:52.293-0300] {dag.py:3834} INFO - Setting next_dagrun for dados-combustivel to 2024-03-25 10:00:00+00:00, run_after=2024-04-01 10:00:00+00:00
[2024-03-29T15:22:52.317-0300] {processor.py:183} INFO - Processing /home/thiago/tcc_ufrj/dags/dag_dados_combustivel.py took 0.098 seconds
[2024-03-29T15:23:22.485-0300] {processor.py:161} INFO - Started process (PID=49279) to work on /home/thiago/tcc_ufrj/dags/dag_dados_combustivel.py
[2024-03-29T15:23:22.486-0300] {processor.py:830} INFO - Processing file /home/thiago/tcc_ufrj/dags/dag_dados_combustivel.py for tasks to queue
[2024-03-29T15:23:22.487-0300] {logging_mixin.py:188} INFO - [2024-03-29T15:23:22.487-0300] {dagbag.py:540} INFO - Filling up the DagBag from /home/thiago/tcc_ufrj/dags/dag_dados_combustivel.py
[2024-03-29T15:23:22.496-0300] {processor.py:840} INFO - DAG(s) 'dados-combustivel' retrieved from /home/thiago/tcc_ufrj/dags/dag_dados_combustivel.py
[2024-03-29T15:23:22.533-0300] {logging_mixin.py:188} INFO - [2024-03-29T15:23:22.533-0300] {dag.py:3047} INFO - Sync 1 DAGs
[2024-03-29T15:23:22.558-0300] {logging_mixin.py:188} INFO - [2024-03-29T15:23:22.558-0300] {dag.py:3834} INFO - Setting next_dagrun for dados-combustivel to 2024-03-25 10:00:00+00:00, run_after=2024-04-01 10:00:00+00:00
[2024-03-29T15:23:22.580-0300] {processor.py:183} INFO - Processing /home/thiago/tcc_ufrj/dags/dag_dados_combustivel.py took 0.097 seconds
[2024-03-29T15:23:52.773-0300] {processor.py:161} INFO - Started process (PID=49476) to work on /home/thiago/tcc_ufrj/dags/dag_dados_combustivel.py
[2024-03-29T15:23:52.774-0300] {processor.py:830} INFO - Processing file /home/thiago/tcc_ufrj/dags/dag_dados_combustivel.py for tasks to queue
[2024-03-29T15:23:52.775-0300] {logging_mixin.py:188} INFO - [2024-03-29T15:23:52.774-0300] {dagbag.py:540} INFO - Filling up the DagBag from /home/thiago/tcc_ufrj/dags/dag_dados_combustivel.py
[2024-03-29T15:23:52.787-0300] {processor.py:840} INFO - DAG(s) 'dados-combustivel' retrieved from /home/thiago/tcc_ufrj/dags/dag_dados_combustivel.py
[2024-03-29T15:23:52.824-0300] {logging_mixin.py:188} INFO - [2024-03-29T15:23:52.823-0300] {dag.py:3047} INFO - Sync 1 DAGs
[2024-03-29T15:23:52.853-0300] {logging_mixin.py:188} INFO - [2024-03-29T15:23:52.853-0300] {dag.py:3834} INFO - Setting next_dagrun for dados-combustivel to 2024-03-25 10:00:00+00:00, run_after=2024-04-01 10:00:00+00:00
[2024-03-29T15:23:52.876-0300] {processor.py:183} INFO - Processing /home/thiago/tcc_ufrj/dags/dag_dados_combustivel.py took 0.106 seconds
[2024-03-29T15:24:23.040-0300] {processor.py:161} INFO - Started process (PID=49861) to work on /home/thiago/tcc_ufrj/dags/dag_dados_combustivel.py
[2024-03-29T15:24:23.041-0300] {processor.py:830} INFO - Processing file /home/thiago/tcc_ufrj/dags/dag_dados_combustivel.py for tasks to queue
[2024-03-29T15:24:23.042-0300] {logging_mixin.py:188} INFO - [2024-03-29T15:24:23.041-0300] {dagbag.py:540} INFO - Filling up the DagBag from /home/thiago/tcc_ufrj/dags/dag_dados_combustivel.py
[2024-03-29T15:24:23.052-0300] {processor.py:840} INFO - DAG(s) 'dados-combustivel' retrieved from /home/thiago/tcc_ufrj/dags/dag_dados_combustivel.py
[2024-03-29T15:24:23.087-0300] {logging_mixin.py:188} INFO - [2024-03-29T15:24:23.086-0300] {dag.py:3047} INFO - Sync 1 DAGs
[2024-03-29T15:24:23.113-0300] {logging_mixin.py:188} INFO - [2024-03-29T15:24:23.113-0300] {dag.py:3834} INFO - Setting next_dagrun for dados-combustivel to 2024-03-25 10:00:00+00:00, run_after=2024-04-01 10:00:00+00:00
[2024-03-29T15:24:23.137-0300] {processor.py:183} INFO - Processing /home/thiago/tcc_ufrj/dags/dag_dados_combustivel.py took 0.100 seconds
