[2024-03-29T14:48:41.527-0300] {processor.py:161} INFO - Started process (PID=14974) to work on /home/thiago/tcc_ufrj/dags/dag_web_scrapping_load_to_minio.py
[2024-03-29T14:48:41.529-0300] {processor.py:830} INFO - Processing file /home/thiago/tcc_ufrj/dags/dag_web_scrapping_load_to_minio.py for tasks to queue
[2024-03-29T14:48:41.529-0300] {logging_mixin.py:188} INFO - [2024-03-29T14:48:41.529-0300] {dagbag.py:540} INFO - Filling up the DagBag from /home/thiago/tcc_ufrj/dags/dag_web_scrapping_load_to_minio.py
[2024-03-29T14:48:41.547-0300] {processor.py:840} INFO - DAG(s) 'exec-web-scraping' retrieved from /home/thiago/tcc_ufrj/dags/dag_web_scrapping_load_to_minio.py
[2024-03-29T14:48:41.594-0300] {logging_mixin.py:188} INFO - [2024-03-29T14:48:41.594-0300] {dag.py:3047} INFO - Sync 1 DAGs
[2024-03-29T14:48:41.625-0300] {logging_mixin.py:188} INFO - [2024-03-29T14:48:41.625-0300] {dag.py:3834} INFO - Setting next_dagrun for exec-web-scraping to 2024-03-29 17:40:00+00:00, run_after=2024-03-29 17:45:00+00:00
[2024-03-29T14:48:41.655-0300] {processor.py:183} INFO - Processing /home/thiago/tcc_ufrj/dags/dag_web_scrapping_load_to_minio.py took 0.133 seconds
[2024-03-29T14:49:11.810-0300] {processor.py:161} INFO - Started process (PID=15361) to work on /home/thiago/tcc_ufrj/dags/dag_web_scrapping_load_to_minio.py
[2024-03-29T14:49:11.811-0300] {processor.py:830} INFO - Processing file /home/thiago/tcc_ufrj/dags/dag_web_scrapping_load_to_minio.py for tasks to queue
[2024-03-29T14:49:11.812-0300] {logging_mixin.py:188} INFO - [2024-03-29T14:49:11.812-0300] {dagbag.py:540} INFO - Filling up the DagBag from /home/thiago/tcc_ufrj/dags/dag_web_scrapping_load_to_minio.py
[2024-03-29T14:49:11.828-0300] {processor.py:840} INFO - DAG(s) 'exec-web-scraping' retrieved from /home/thiago/tcc_ufrj/dags/dag_web_scrapping_load_to_minio.py
[2024-03-29T14:49:11.962-0300] {logging_mixin.py:188} INFO - [2024-03-29T14:49:11.962-0300] {dag.py:3047} INFO - Sync 1 DAGs
[2024-03-29T14:49:11.990-0300] {logging_mixin.py:188} INFO - [2024-03-29T14:49:11.990-0300] {dag.py:3834} INFO - Setting next_dagrun for exec-web-scraping to 2024-03-29 17:40:00+00:00, run_after=2024-03-29 17:45:00+00:00
[2024-03-29T14:49:12.019-0300] {processor.py:183} INFO - Processing /home/thiago/tcc_ufrj/dags/dag_web_scrapping_load_to_minio.py took 0.212 seconds
[2024-03-29T14:49:42.183-0300] {processor.py:161} INFO - Started process (PID=15836) to work on /home/thiago/tcc_ufrj/dags/dag_web_scrapping_load_to_minio.py
[2024-03-29T14:49:42.184-0300] {processor.py:830} INFO - Processing file /home/thiago/tcc_ufrj/dags/dag_web_scrapping_load_to_minio.py for tasks to queue
[2024-03-29T14:49:42.185-0300] {logging_mixin.py:188} INFO - [2024-03-29T14:49:42.185-0300] {dagbag.py:540} INFO - Filling up the DagBag from /home/thiago/tcc_ufrj/dags/dag_web_scrapping_load_to_minio.py
[2024-03-29T14:49:42.200-0300] {processor.py:840} INFO - DAG(s) 'exec-web-scraping' retrieved from /home/thiago/tcc_ufrj/dags/dag_web_scrapping_load_to_minio.py
[2024-03-29T14:49:42.246-0300] {logging_mixin.py:188} INFO - [2024-03-29T14:49:42.246-0300] {dag.py:3047} INFO - Sync 1 DAGs
[2024-03-29T14:49:42.278-0300] {logging_mixin.py:188} INFO - [2024-03-29T14:49:42.278-0300] {dag.py:3834} INFO - Setting next_dagrun for exec-web-scraping to 2024-03-29 17:40:00+00:00, run_after=2024-03-29 17:45:00+00:00
[2024-03-29T14:49:42.324-0300] {processor.py:183} INFO - Processing /home/thiago/tcc_ufrj/dags/dag_web_scrapping_load_to_minio.py took 0.144 seconds
[2024-03-29T14:50:05.925-0300] {processor.py:161} INFO - Started process (PID=16240) to work on /home/thiago/tcc_ufrj/dags/dag_web_scrapping_load_to_minio.py
[2024-03-29T14:50:05.927-0300] {processor.py:830} INFO - Processing file /home/thiago/tcc_ufrj/dags/dag_web_scrapping_load_to_minio.py for tasks to queue
[2024-03-29T14:50:05.928-0300] {logging_mixin.py:188} INFO - [2024-03-29T14:50:05.928-0300] {dagbag.py:540} INFO - Filling up the DagBag from /home/thiago/tcc_ufrj/dags/dag_web_scrapping_load_to_minio.py
[2024-03-29T14:50:05.985-0300] {processor.py:840} INFO - DAG(s) 'exec-web-scraping' retrieved from /home/thiago/tcc_ufrj/dags/dag_web_scrapping_load_to_minio.py
[2024-03-29T14:50:06.037-0300] {logging_mixin.py:188} INFO - [2024-03-29T14:50:06.037-0300] {dag.py:3047} INFO - Sync 1 DAGs
[2024-03-29T14:50:06.071-0300] {logging_mixin.py:188} INFO - [2024-03-29T14:50:06.071-0300] {dag.py:3834} INFO - Setting next_dagrun for exec-web-scraping to 2024-03-29 17:45:00+00:00, run_after=2024-03-29 17:50:00+00:00
[2024-03-29T14:50:06.097-0300] {processor.py:183} INFO - Processing /home/thiago/tcc_ufrj/dags/dag_web_scrapping_load_to_minio.py took 0.178 seconds
[2024-03-29T14:50:36.257-0300] {processor.py:161} INFO - Started process (PID=17375) to work on /home/thiago/tcc_ufrj/dags/dag_web_scrapping_load_to_minio.py
[2024-03-29T14:50:36.258-0300] {processor.py:830} INFO - Processing file /home/thiago/tcc_ufrj/dags/dag_web_scrapping_load_to_minio.py for tasks to queue
[2024-03-29T14:50:36.259-0300] {logging_mixin.py:188} INFO - [2024-03-29T14:50:36.259-0300] {dagbag.py:540} INFO - Filling up the DagBag from /home/thiago/tcc_ufrj/dags/dag_web_scrapping_load_to_minio.py
[2024-03-29T14:50:36.270-0300] {processor.py:840} INFO - DAG(s) 'exec-web-scraping' retrieved from /home/thiago/tcc_ufrj/dags/dag_web_scrapping_load_to_minio.py
[2024-03-29T14:50:36.421-0300] {logging_mixin.py:188} INFO - [2024-03-29T14:50:36.420-0300] {dag.py:3047} INFO - Sync 1 DAGs
[2024-03-29T14:50:36.447-0300] {logging_mixin.py:188} INFO - [2024-03-29T14:50:36.447-0300] {dag.py:3834} INFO - Setting next_dagrun for exec-web-scraping to 2024-03-29 17:45:00+00:00, run_after=2024-03-29 17:50:00+00:00
[2024-03-29T14:50:36.471-0300] {processor.py:183} INFO - Processing /home/thiago/tcc_ufrj/dags/dag_web_scrapping_load_to_minio.py took 0.217 seconds
[2024-03-29T14:51:06.636-0300] {processor.py:161} INFO - Started process (PID=17799) to work on /home/thiago/tcc_ufrj/dags/dag_web_scrapping_load_to_minio.py
[2024-03-29T14:51:06.637-0300] {processor.py:830} INFO - Processing file /home/thiago/tcc_ufrj/dags/dag_web_scrapping_load_to_minio.py for tasks to queue
[2024-03-29T14:51:06.638-0300] {logging_mixin.py:188} INFO - [2024-03-29T14:51:06.637-0300] {dagbag.py:540} INFO - Filling up the DagBag from /home/thiago/tcc_ufrj/dags/dag_web_scrapping_load_to_minio.py
[2024-03-29T14:51:06.652-0300] {processor.py:840} INFO - DAG(s) 'exec-web-scraping' retrieved from /home/thiago/tcc_ufrj/dags/dag_web_scrapping_load_to_minio.py
[2024-03-29T14:51:06.697-0300] {logging_mixin.py:188} INFO - [2024-03-29T14:51:06.697-0300] {dag.py:3047} INFO - Sync 1 DAGs
[2024-03-29T14:51:06.727-0300] {logging_mixin.py:188} INFO - [2024-03-29T14:51:06.727-0300] {dag.py:3834} INFO - Setting next_dagrun for exec-web-scraping to 2024-03-29 17:45:00+00:00, run_after=2024-03-29 17:50:00+00:00
[2024-03-29T14:51:06.752-0300] {processor.py:183} INFO - Processing /home/thiago/tcc_ufrj/dags/dag_web_scrapping_load_to_minio.py took 0.118 seconds
[2024-03-29T14:51:36.916-0300] {processor.py:161} INFO - Started process (PID=18070) to work on /home/thiago/tcc_ufrj/dags/dag_web_scrapping_load_to_minio.py
[2024-03-29T14:51:36.918-0300] {processor.py:830} INFO - Processing file /home/thiago/tcc_ufrj/dags/dag_web_scrapping_load_to_minio.py for tasks to queue
[2024-03-29T14:51:36.919-0300] {logging_mixin.py:188} INFO - [2024-03-29T14:51:36.919-0300] {dagbag.py:540} INFO - Filling up the DagBag from /home/thiago/tcc_ufrj/dags/dag_web_scrapping_load_to_minio.py
[2024-03-29T14:51:36.932-0300] {processor.py:840} INFO - DAG(s) 'exec-web-scraping' retrieved from /home/thiago/tcc_ufrj/dags/dag_web_scrapping_load_to_minio.py
[2024-03-29T14:51:36.981-0300] {logging_mixin.py:188} INFO - [2024-03-29T14:51:36.981-0300] {dag.py:3047} INFO - Sync 1 DAGs
[2024-03-29T14:51:37.011-0300] {logging_mixin.py:188} INFO - [2024-03-29T14:51:37.010-0300] {dag.py:3834} INFO - Setting next_dagrun for exec-web-scraping to 2024-03-29 17:45:00+00:00, run_after=2024-03-29 17:50:00+00:00
[2024-03-29T14:51:37.035-0300] {processor.py:183} INFO - Processing /home/thiago/tcc_ufrj/dags/dag_web_scrapping_load_to_minio.py took 0.122 seconds
[2024-03-29T14:56:05.904-0300] {processor.py:161} INFO - Started process (PID=20756) to work on /home/thiago/tcc_ufrj/dags/dag_web_scrapping_load_to_minio.py
[2024-03-29T14:56:05.908-0300] {processor.py:830} INFO - Processing file /home/thiago/tcc_ufrj/dags/dag_web_scrapping_load_to_minio.py for tasks to queue
[2024-03-29T14:56:05.909-0300] {logging_mixin.py:188} INFO - [2024-03-29T14:56:05.909-0300] {dagbag.py:540} INFO - Filling up the DagBag from /home/thiago/tcc_ufrj/dags/dag_web_scrapping_load_to_minio.py
[2024-03-29T14:56:05.936-0300] {processor.py:840} INFO - DAG(s) 'exec-web-scraping' retrieved from /home/thiago/tcc_ufrj/dags/dag_web_scrapping_load_to_minio.py
[2024-03-29T14:56:05.979-0300] {logging_mixin.py:188} INFO - [2024-03-29T14:56:05.979-0300] {dag.py:3047} INFO - Sync 1 DAGs
[2024-03-29T14:56:06.018-0300] {logging_mixin.py:188} INFO - [2024-03-29T14:56:06.017-0300] {dag.py:3834} INFO - Setting next_dagrun for exec-web-scraping to 2024-03-29 17:55:00+00:00, run_after=2024-03-29 18:00:00+00:00
[2024-03-29T14:56:06.044-0300] {processor.py:183} INFO - Processing /home/thiago/tcc_ufrj/dags/dag_web_scrapping_load_to_minio.py took 0.145 seconds
[2024-03-29T14:56:36.226-0300] {processor.py:161} INFO - Started process (PID=21892) to work on /home/thiago/tcc_ufrj/dags/dag_web_scrapping_load_to_minio.py
[2024-03-29T14:56:36.227-0300] {processor.py:830} INFO - Processing file /home/thiago/tcc_ufrj/dags/dag_web_scrapping_load_to_minio.py for tasks to queue
[2024-03-29T14:56:36.229-0300] {logging_mixin.py:188} INFO - [2024-03-29T14:56:36.228-0300] {dagbag.py:540} INFO - Filling up the DagBag from /home/thiago/tcc_ufrj/dags/dag_web_scrapping_load_to_minio.py
[2024-03-29T14:56:36.246-0300] {processor.py:840} INFO - DAG(s) 'exec-web-scraping' retrieved from /home/thiago/tcc_ufrj/dags/dag_web_scrapping_load_to_minio.py
[2024-03-29T14:56:36.386-0300] {logging_mixin.py:188} INFO - [2024-03-29T14:56:36.386-0300] {dag.py:3047} INFO - Sync 1 DAGs
[2024-03-29T14:56:36.414-0300] {logging_mixin.py:188} INFO - [2024-03-29T14:56:36.414-0300] {dag.py:3834} INFO - Setting next_dagrun for exec-web-scraping to 2024-03-29 17:55:00+00:00, run_after=2024-03-29 18:00:00+00:00
[2024-03-29T14:56:36.449-0300] {processor.py:183} INFO - Processing /home/thiago/tcc_ufrj/dags/dag_web_scrapping_load_to_minio.py took 0.227 seconds
[2024-03-29T14:57:06.616-0300] {processor.py:161} INFO - Started process (PID=22726) to work on /home/thiago/tcc_ufrj/dags/dag_web_scrapping_load_to_minio.py
[2024-03-29T14:57:06.620-0300] {processor.py:830} INFO - Processing file /home/thiago/tcc_ufrj/dags/dag_web_scrapping_load_to_minio.py for tasks to queue
[2024-03-29T14:57:06.621-0300] {logging_mixin.py:188} INFO - [2024-03-29T14:57:06.621-0300] {dagbag.py:540} INFO - Filling up the DagBag from /home/thiago/tcc_ufrj/dags/dag_web_scrapping_load_to_minio.py
[2024-03-29T14:57:06.635-0300] {processor.py:840} INFO - DAG(s) 'exec-web-scraping' retrieved from /home/thiago/tcc_ufrj/dags/dag_web_scrapping_load_to_minio.py
[2024-03-29T14:57:06.681-0300] {logging_mixin.py:188} INFO - [2024-03-29T14:57:06.681-0300] {dag.py:3047} INFO - Sync 1 DAGs
[2024-03-29T14:57:06.714-0300] {logging_mixin.py:188} INFO - [2024-03-29T14:57:06.714-0300] {dag.py:3834} INFO - Setting next_dagrun for exec-web-scraping to 2024-03-29 17:55:00+00:00, run_after=2024-03-29 18:00:00+00:00
[2024-03-29T14:57:06.741-0300] {processor.py:183} INFO - Processing /home/thiago/tcc_ufrj/dags/dag_web_scrapping_load_to_minio.py took 0.128 seconds
[2024-03-29T14:57:36.901-0300] {processor.py:161} INFO - Started process (PID=23667) to work on /home/thiago/tcc_ufrj/dags/dag_web_scrapping_load_to_minio.py
[2024-03-29T14:57:36.902-0300] {processor.py:830} INFO - Processing file /home/thiago/tcc_ufrj/dags/dag_web_scrapping_load_to_minio.py for tasks to queue
[2024-03-29T14:57:36.903-0300] {logging_mixin.py:188} INFO - [2024-03-29T14:57:36.903-0300] {dagbag.py:540} INFO - Filling up the DagBag from /home/thiago/tcc_ufrj/dags/dag_web_scrapping_load_to_minio.py
[2024-03-29T14:57:36.921-0300] {processor.py:840} INFO - DAG(s) 'exec-web-scraping' retrieved from /home/thiago/tcc_ufrj/dags/dag_web_scrapping_load_to_minio.py
[2024-03-29T14:57:36.988-0300] {logging_mixin.py:188} INFO - [2024-03-29T14:57:36.987-0300] {dag.py:3047} INFO - Sync 1 DAGs
[2024-03-29T14:57:37.038-0300] {logging_mixin.py:188} INFO - [2024-03-29T14:57:37.036-0300] {dag.py:3834} INFO - Setting next_dagrun for exec-web-scraping to 2024-03-29 17:55:00+00:00, run_after=2024-03-29 18:00:00+00:00
[2024-03-29T14:57:37.077-0300] {processor.py:183} INFO - Processing /home/thiago/tcc_ufrj/dags/dag_web_scrapping_load_to_minio.py took 0.179 seconds
[2024-03-29T14:58:07.257-0300] {processor.py:161} INFO - Started process (PID=24564) to work on /home/thiago/tcc_ufrj/dags/dag_web_scrapping_load_to_minio.py
[2024-03-29T14:58:07.258-0300] {processor.py:830} INFO - Processing file /home/thiago/tcc_ufrj/dags/dag_web_scrapping_load_to_minio.py for tasks to queue
[2024-03-29T14:58:07.259-0300] {logging_mixin.py:188} INFO - [2024-03-29T14:58:07.259-0300] {dagbag.py:540} INFO - Filling up the DagBag from /home/thiago/tcc_ufrj/dags/dag_web_scrapping_load_to_minio.py
[2024-03-29T14:58:07.272-0300] {processor.py:840} INFO - DAG(s) 'exec-web-scraping' retrieved from /home/thiago/tcc_ufrj/dags/dag_web_scrapping_load_to_minio.py
[2024-03-29T14:58:07.314-0300] {logging_mixin.py:188} INFO - [2024-03-29T14:58:07.313-0300] {dag.py:3047} INFO - Sync 1 DAGs
[2024-03-29T14:58:07.341-0300] {logging_mixin.py:188} INFO - [2024-03-29T14:58:07.341-0300] {dag.py:3834} INFO - Setting next_dagrun for exec-web-scraping to 2024-03-29 17:55:00+00:00, run_after=2024-03-29 18:00:00+00:00
[2024-03-29T14:58:07.367-0300] {processor.py:183} INFO - Processing /home/thiago/tcc_ufrj/dags/dag_web_scrapping_load_to_minio.py took 0.113 seconds
[2024-03-29T14:58:37.551-0300] {processor.py:161} INFO - Started process (PID=25589) to work on /home/thiago/tcc_ufrj/dags/dag_web_scrapping_load_to_minio.py
[2024-03-29T14:58:37.551-0300] {processor.py:830} INFO - Processing file /home/thiago/tcc_ufrj/dags/dag_web_scrapping_load_to_minio.py for tasks to queue
[2024-03-29T14:58:37.553-0300] {logging_mixin.py:188} INFO - [2024-03-29T14:58:37.552-0300] {dagbag.py:540} INFO - Filling up the DagBag from /home/thiago/tcc_ufrj/dags/dag_web_scrapping_load_to_minio.py
[2024-03-29T14:58:37.569-0300] {processor.py:840} INFO - DAG(s) 'exec-web-scraping' retrieved from /home/thiago/tcc_ufrj/dags/dag_web_scrapping_load_to_minio.py
[2024-03-29T14:58:37.627-0300] {logging_mixin.py:188} INFO - [2024-03-29T14:58:37.626-0300] {dag.py:3047} INFO - Sync 1 DAGs
[2024-03-29T14:58:37.683-0300] {logging_mixin.py:188} INFO - [2024-03-29T14:58:37.681-0300] {dag.py:3834} INFO - Setting next_dagrun for exec-web-scraping to 2024-03-29 17:55:00+00:00, run_after=2024-03-29 18:00:00+00:00
[2024-03-29T14:58:37.721-0300] {processor.py:183} INFO - Processing /home/thiago/tcc_ufrj/dags/dag_web_scrapping_load_to_minio.py took 0.176 seconds
[2024-03-29T14:59:07.896-0300] {processor.py:161} INFO - Started process (PID=26051) to work on /home/thiago/tcc_ufrj/dags/dag_web_scrapping_load_to_minio.py
[2024-03-29T14:59:07.897-0300] {processor.py:830} INFO - Processing file /home/thiago/tcc_ufrj/dags/dag_web_scrapping_load_to_minio.py for tasks to queue
[2024-03-29T14:59:07.897-0300] {logging_mixin.py:188} INFO - [2024-03-29T14:59:07.897-0300] {dagbag.py:540} INFO - Filling up the DagBag from /home/thiago/tcc_ufrj/dags/dag_web_scrapping_load_to_minio.py
[2024-03-29T14:59:07.912-0300] {processor.py:840} INFO - DAG(s) 'exec-web-scraping' retrieved from /home/thiago/tcc_ufrj/dags/dag_web_scrapping_load_to_minio.py
[2024-03-29T14:59:07.955-0300] {logging_mixin.py:188} INFO - [2024-03-29T14:59:07.955-0300] {dag.py:3047} INFO - Sync 1 DAGs
[2024-03-29T14:59:07.984-0300] {logging_mixin.py:188} INFO - [2024-03-29T14:59:07.982-0300] {dag.py:3834} INFO - Setting next_dagrun for exec-web-scraping to 2024-03-29 17:55:00+00:00, run_after=2024-03-29 18:00:00+00:00
[2024-03-29T14:59:08.010-0300] {processor.py:183} INFO - Processing /home/thiago/tcc_ufrj/dags/dag_web_scrapping_load_to_minio.py took 0.117 seconds
[2024-03-29T14:59:38.177-0300] {processor.py:161} INFO - Started process (PID=27052) to work on /home/thiago/tcc_ufrj/dags/dag_web_scrapping_load_to_minio.py
[2024-03-29T14:59:38.177-0300] {processor.py:830} INFO - Processing file /home/thiago/tcc_ufrj/dags/dag_web_scrapping_load_to_minio.py for tasks to queue
[2024-03-29T14:59:38.179-0300] {logging_mixin.py:188} INFO - [2024-03-29T14:59:38.179-0300] {dagbag.py:540} INFO - Filling up the DagBag from /home/thiago/tcc_ufrj/dags/dag_web_scrapping_load_to_minio.py
[2024-03-29T14:59:38.191-0300] {processor.py:840} INFO - DAG(s) 'exec-web-scraping' retrieved from /home/thiago/tcc_ufrj/dags/dag_web_scrapping_load_to_minio.py
[2024-03-29T14:59:38.243-0300] {logging_mixin.py:188} INFO - [2024-03-29T14:59:38.243-0300] {dag.py:3047} INFO - Sync 1 DAGs
[2024-03-29T14:59:38.275-0300] {logging_mixin.py:188} INFO - [2024-03-29T14:59:38.275-0300] {dag.py:3834} INFO - Setting next_dagrun for exec-web-scraping to 2024-03-29 17:55:00+00:00, run_after=2024-03-29 18:00:00+00:00
[2024-03-29T14:59:38.309-0300] {processor.py:183} INFO - Processing /home/thiago/tcc_ufrj/dags/dag_web_scrapping_load_to_minio.py took 0.135 seconds
[2024-03-29T15:00:08.466-0300] {processor.py:161} INFO - Started process (PID=27875) to work on /home/thiago/tcc_ufrj/dags/dag_web_scrapping_load_to_minio.py
[2024-03-29T15:00:08.467-0300] {processor.py:830} INFO - Processing file /home/thiago/tcc_ufrj/dags/dag_web_scrapping_load_to_minio.py for tasks to queue
[2024-03-29T15:00:08.468-0300] {logging_mixin.py:188} INFO - [2024-03-29T15:00:08.468-0300] {dagbag.py:540} INFO - Filling up the DagBag from /home/thiago/tcc_ufrj/dags/dag_web_scrapping_load_to_minio.py
[2024-03-29T15:00:08.480-0300] {processor.py:840} INFO - DAG(s) 'exec-web-scraping' retrieved from /home/thiago/tcc_ufrj/dags/dag_web_scrapping_load_to_minio.py
[2024-03-29T15:00:08.523-0300] {logging_mixin.py:188} INFO - [2024-03-29T15:00:08.522-0300] {dag.py:3047} INFO - Sync 1 DAGs
[2024-03-29T15:00:08.552-0300] {logging_mixin.py:188} INFO - [2024-03-29T15:00:08.552-0300] {dag.py:3834} INFO - Setting next_dagrun for exec-web-scraping to 2024-03-29 17:55:00+00:00, run_after=2024-03-29 18:00:00+00:00
[2024-03-29T15:00:08.578-0300] {processor.py:183} INFO - Processing /home/thiago/tcc_ufrj/dags/dag_web_scrapping_load_to_minio.py took 0.115 seconds
[2024-03-29T15:00:38.741-0300] {processor.py:161} INFO - Started process (PID=28925) to work on /home/thiago/tcc_ufrj/dags/dag_web_scrapping_load_to_minio.py
[2024-03-29T15:00:38.741-0300] {processor.py:830} INFO - Processing file /home/thiago/tcc_ufrj/dags/dag_web_scrapping_load_to_minio.py for tasks to queue
[2024-03-29T15:00:38.742-0300] {logging_mixin.py:188} INFO - [2024-03-29T15:00:38.742-0300] {dagbag.py:540} INFO - Filling up the DagBag from /home/thiago/tcc_ufrj/dags/dag_web_scrapping_load_to_minio.py
[2024-03-29T15:00:38.754-0300] {processor.py:840} INFO - DAG(s) 'exec-web-scraping' retrieved from /home/thiago/tcc_ufrj/dags/dag_web_scrapping_load_to_minio.py
[2024-03-29T15:00:38.803-0300] {logging_mixin.py:188} INFO - [2024-03-29T15:00:38.802-0300] {dag.py:3047} INFO - Sync 1 DAGs
[2024-03-29T15:00:38.844-0300] {logging_mixin.py:188} INFO - [2024-03-29T15:00:38.844-0300] {dag.py:3834} INFO - Setting next_dagrun for exec-web-scraping to 2024-03-29 18:00:00+00:00, run_after=2024-03-29 18:05:00+00:00
[2024-03-29T15:00:38.868-0300] {processor.py:183} INFO - Processing /home/thiago/tcc_ufrj/dags/dag_web_scrapping_load_to_minio.py took 0.132 seconds
[2024-03-29T15:01:09.052-0300] {processor.py:161} INFO - Started process (PID=29810) to work on /home/thiago/tcc_ufrj/dags/dag_web_scrapping_load_to_minio.py
[2024-03-29T15:01:09.053-0300] {processor.py:830} INFO - Processing file /home/thiago/tcc_ufrj/dags/dag_web_scrapping_load_to_minio.py for tasks to queue
[2024-03-29T15:01:09.054-0300] {logging_mixin.py:188} INFO - [2024-03-29T15:01:09.054-0300] {dagbag.py:540} INFO - Filling up the DagBag from /home/thiago/tcc_ufrj/dags/dag_web_scrapping_load_to_minio.py
[2024-03-29T15:01:09.066-0300] {processor.py:840} INFO - DAG(s) 'exec-web-scraping' retrieved from /home/thiago/tcc_ufrj/dags/dag_web_scrapping_load_to_minio.py
[2024-03-29T15:01:09.104-0300] {logging_mixin.py:188} INFO - [2024-03-29T15:01:09.104-0300] {dag.py:3047} INFO - Sync 1 DAGs
[2024-03-29T15:01:09.131-0300] {logging_mixin.py:188} INFO - [2024-03-29T15:01:09.130-0300] {dag.py:3834} INFO - Setting next_dagrun for exec-web-scraping to 2024-03-29 18:00:00+00:00, run_after=2024-03-29 18:05:00+00:00
[2024-03-29T15:01:09.160-0300] {processor.py:183} INFO - Processing /home/thiago/tcc_ufrj/dags/dag_web_scrapping_load_to_minio.py took 0.110 seconds
[2024-03-29T15:01:39.335-0300] {processor.py:161} INFO - Started process (PID=30758) to work on /home/thiago/tcc_ufrj/dags/dag_web_scrapping_load_to_minio.py
[2024-03-29T15:01:39.335-0300] {processor.py:830} INFO - Processing file /home/thiago/tcc_ufrj/dags/dag_web_scrapping_load_to_minio.py for tasks to queue
[2024-03-29T15:01:39.336-0300] {logging_mixin.py:188} INFO - [2024-03-29T15:01:39.336-0300] {dagbag.py:540} INFO - Filling up the DagBag from /home/thiago/tcc_ufrj/dags/dag_web_scrapping_load_to_minio.py
[2024-03-29T15:01:39.348-0300] {processor.py:840} INFO - DAG(s) 'exec-web-scraping' retrieved from /home/thiago/tcc_ufrj/dags/dag_web_scrapping_load_to_minio.py
[2024-03-29T15:01:39.383-0300] {logging_mixin.py:188} INFO - [2024-03-29T15:01:39.383-0300] {dag.py:3047} INFO - Sync 1 DAGs
[2024-03-29T15:01:39.411-0300] {logging_mixin.py:188} INFO - [2024-03-29T15:01:39.411-0300] {dag.py:3834} INFO - Setting next_dagrun for exec-web-scraping to 2024-03-29 18:00:00+00:00, run_after=2024-03-29 18:05:00+00:00
[2024-03-29T15:01:39.434-0300] {processor.py:183} INFO - Processing /home/thiago/tcc_ufrj/dags/dag_web_scrapping_load_to_minio.py took 0.102 seconds
[2024-03-29T15:02:09.606-0300] {processor.py:161} INFO - Started process (PID=31072) to work on /home/thiago/tcc_ufrj/dags/dag_web_scrapping_load_to_minio.py
[2024-03-29T15:02:09.607-0300] {processor.py:830} INFO - Processing file /home/thiago/tcc_ufrj/dags/dag_web_scrapping_load_to_minio.py for tasks to queue
[2024-03-29T15:02:09.608-0300] {logging_mixin.py:188} INFO - [2024-03-29T15:02:09.608-0300] {dagbag.py:540} INFO - Filling up the DagBag from /home/thiago/tcc_ufrj/dags/dag_web_scrapping_load_to_minio.py
[2024-03-29T15:02:09.618-0300] {processor.py:840} INFO - DAG(s) 'exec-web-scraping' retrieved from /home/thiago/tcc_ufrj/dags/dag_web_scrapping_load_to_minio.py
[2024-03-29T15:02:09.653-0300] {logging_mixin.py:188} INFO - [2024-03-29T15:02:09.653-0300] {dag.py:3047} INFO - Sync 1 DAGs
[2024-03-29T15:02:09.680-0300] {logging_mixin.py:188} INFO - [2024-03-29T15:02:09.680-0300] {dag.py:3834} INFO - Setting next_dagrun for exec-web-scraping to 2024-03-29 18:00:00+00:00, run_after=2024-03-29 18:05:00+00:00
[2024-03-29T15:02:09.705-0300] {processor.py:183} INFO - Processing /home/thiago/tcc_ufrj/dags/dag_web_scrapping_load_to_minio.py took 0.103 seconds
[2024-03-29T15:02:39.866-0300] {processor.py:161} INFO - Started process (PID=31637) to work on /home/thiago/tcc_ufrj/dags/dag_web_scrapping_load_to_minio.py
[2024-03-29T15:02:39.867-0300] {processor.py:830} INFO - Processing file /home/thiago/tcc_ufrj/dags/dag_web_scrapping_load_to_minio.py for tasks to queue
[2024-03-29T15:02:39.868-0300] {logging_mixin.py:188} INFO - [2024-03-29T15:02:39.867-0300] {dagbag.py:540} INFO - Filling up the DagBag from /home/thiago/tcc_ufrj/dags/dag_web_scrapping_load_to_minio.py
[2024-03-29T15:02:39.880-0300] {processor.py:840} INFO - DAG(s) 'exec-web-scraping' retrieved from /home/thiago/tcc_ufrj/dags/dag_web_scrapping_load_to_minio.py
[2024-03-29T15:02:39.919-0300] {logging_mixin.py:188} INFO - [2024-03-29T15:02:39.919-0300] {dag.py:3047} INFO - Sync 1 DAGs
[2024-03-29T15:02:39.949-0300] {logging_mixin.py:188} INFO - [2024-03-29T15:02:39.949-0300] {dag.py:3834} INFO - Setting next_dagrun for exec-web-scraping to 2024-03-29 18:00:00+00:00, run_after=2024-03-29 18:05:00+00:00
[2024-03-29T15:02:39.988-0300] {processor.py:183} INFO - Processing /home/thiago/tcc_ufrj/dags/dag_web_scrapping_load_to_minio.py took 0.125 seconds
[2024-03-29T15:03:10.150-0300] {processor.py:161} INFO - Started process (PID=32323) to work on /home/thiago/tcc_ufrj/dags/dag_web_scrapping_load_to_minio.py
[2024-03-29T15:03:10.151-0300] {processor.py:830} INFO - Processing file /home/thiago/tcc_ufrj/dags/dag_web_scrapping_load_to_minio.py for tasks to queue
[2024-03-29T15:03:10.152-0300] {logging_mixin.py:188} INFO - [2024-03-29T15:03:10.152-0300] {dagbag.py:540} INFO - Filling up the DagBag from /home/thiago/tcc_ufrj/dags/dag_web_scrapping_load_to_minio.py
[2024-03-29T15:03:10.164-0300] {processor.py:840} INFO - DAG(s) 'exec-web-scraping' retrieved from /home/thiago/tcc_ufrj/dags/dag_web_scrapping_load_to_minio.py
[2024-03-29T15:03:10.210-0300] {logging_mixin.py:188} INFO - [2024-03-29T15:03:10.209-0300] {dag.py:3047} INFO - Sync 1 DAGs
[2024-03-29T15:03:10.248-0300] {logging_mixin.py:188} INFO - [2024-03-29T15:03:10.248-0300] {dag.py:3834} INFO - Setting next_dagrun for exec-web-scraping to 2024-03-29 18:00:00+00:00, run_after=2024-03-29 18:05:00+00:00
[2024-03-29T15:03:10.275-0300] {processor.py:183} INFO - Processing /home/thiago/tcc_ufrj/dags/dag_web_scrapping_load_to_minio.py took 0.129 seconds
[2024-03-29T15:03:40.446-0300] {processor.py:161} INFO - Started process (PID=32957) to work on /home/thiago/tcc_ufrj/dags/dag_web_scrapping_load_to_minio.py
[2024-03-29T15:03:40.447-0300] {processor.py:830} INFO - Processing file /home/thiago/tcc_ufrj/dags/dag_web_scrapping_load_to_minio.py for tasks to queue
[2024-03-29T15:03:40.447-0300] {logging_mixin.py:188} INFO - [2024-03-29T15:03:40.447-0300] {dagbag.py:540} INFO - Filling up the DagBag from /home/thiago/tcc_ufrj/dags/dag_web_scrapping_load_to_minio.py
[2024-03-29T15:03:40.468-0300] {processor.py:840} INFO - DAG(s) 'exec-web-scraping' retrieved from /home/thiago/tcc_ufrj/dags/dag_web_scrapping_load_to_minio.py
[2024-03-29T15:03:40.511-0300] {logging_mixin.py:188} INFO - [2024-03-29T15:03:40.511-0300] {dag.py:3047} INFO - Sync 1 DAGs
[2024-03-29T15:03:40.542-0300] {logging_mixin.py:188} INFO - [2024-03-29T15:03:40.541-0300] {dag.py:3834} INFO - Setting next_dagrun for exec-web-scraping to 2024-03-29 18:00:00+00:00, run_after=2024-03-29 18:05:00+00:00
[2024-03-29T15:03:40.568-0300] {processor.py:183} INFO - Processing /home/thiago/tcc_ufrj/dags/dag_web_scrapping_load_to_minio.py took 0.125 seconds
[2024-03-29T15:04:10.735-0300] {processor.py:161} INFO - Started process (PID=33645) to work on /home/thiago/tcc_ufrj/dags/dag_web_scrapping_load_to_minio.py
[2024-03-29T15:04:10.736-0300] {processor.py:830} INFO - Processing file /home/thiago/tcc_ufrj/dags/dag_web_scrapping_load_to_minio.py for tasks to queue
[2024-03-29T15:04:10.737-0300] {logging_mixin.py:188} INFO - [2024-03-29T15:04:10.737-0300] {dagbag.py:540} INFO - Filling up the DagBag from /home/thiago/tcc_ufrj/dags/dag_web_scrapping_load_to_minio.py
[2024-03-29T15:04:10.747-0300] {processor.py:840} INFO - DAG(s) 'exec-web-scraping' retrieved from /home/thiago/tcc_ufrj/dags/dag_web_scrapping_load_to_minio.py
[2024-03-29T15:04:10.791-0300] {logging_mixin.py:188} INFO - [2024-03-29T15:04:10.791-0300] {dag.py:3047} INFO - Sync 1 DAGs
[2024-03-29T15:04:10.841-0300] {logging_mixin.py:188} INFO - [2024-03-29T15:04:10.841-0300] {dag.py:3834} INFO - Setting next_dagrun for exec-web-scraping to 2024-03-29 18:00:00+00:00, run_after=2024-03-29 18:05:00+00:00
[2024-03-29T15:04:10.870-0300] {processor.py:183} INFO - Processing /home/thiago/tcc_ufrj/dags/dag_web_scrapping_load_to_minio.py took 0.140 seconds
[2024-03-29T15:04:41.037-0300] {processor.py:161} INFO - Started process (PID=34310) to work on /home/thiago/tcc_ufrj/dags/dag_web_scrapping_load_to_minio.py
[2024-03-29T15:04:41.038-0300] {processor.py:830} INFO - Processing file /home/thiago/tcc_ufrj/dags/dag_web_scrapping_load_to_minio.py for tasks to queue
[2024-03-29T15:04:41.039-0300] {logging_mixin.py:188} INFO - [2024-03-29T15:04:41.039-0300] {dagbag.py:540} INFO - Filling up the DagBag from /home/thiago/tcc_ufrj/dags/dag_web_scrapping_load_to_minio.py
[2024-03-29T15:04:41.049-0300] {processor.py:840} INFO - DAG(s) 'exec-web-scraping' retrieved from /home/thiago/tcc_ufrj/dags/dag_web_scrapping_load_to_minio.py
[2024-03-29T15:04:41.088-0300] {logging_mixin.py:188} INFO - [2024-03-29T15:04:41.088-0300] {dag.py:3047} INFO - Sync 1 DAGs
[2024-03-29T15:04:41.121-0300] {logging_mixin.py:188} INFO - [2024-03-29T15:04:41.121-0300] {dag.py:3834} INFO - Setting next_dagrun for exec-web-scraping to 2024-03-29 18:00:00+00:00, run_after=2024-03-29 18:05:00+00:00
[2024-03-29T15:04:41.147-0300] {processor.py:183} INFO - Processing /home/thiago/tcc_ufrj/dags/dag_web_scrapping_load_to_minio.py took 0.114 seconds
[2024-03-29T15:05:11.316-0300] {processor.py:161} INFO - Started process (PID=34963) to work on /home/thiago/tcc_ufrj/dags/dag_web_scrapping_load_to_minio.py
[2024-03-29T15:05:11.316-0300] {processor.py:830} INFO - Processing file /home/thiago/tcc_ufrj/dags/dag_web_scrapping_load_to_minio.py for tasks to queue
[2024-03-29T15:05:11.318-0300] {logging_mixin.py:188} INFO - [2024-03-29T15:05:11.317-0300] {dagbag.py:540} INFO - Filling up the DagBag from /home/thiago/tcc_ufrj/dags/dag_web_scrapping_load_to_minio.py
[2024-03-29T15:05:11.331-0300] {processor.py:840} INFO - DAG(s) 'exec-web-scraping' retrieved from /home/thiago/tcc_ufrj/dags/dag_web_scrapping_load_to_minio.py
[2024-03-29T15:05:11.390-0300] {logging_mixin.py:188} INFO - [2024-03-29T15:05:11.390-0300] {dag.py:3047} INFO - Sync 1 DAGs
[2024-03-29T15:05:11.430-0300] {logging_mixin.py:188} INFO - [2024-03-29T15:05:11.430-0300] {dag.py:3834} INFO - Setting next_dagrun for exec-web-scraping to 2024-03-29 18:00:00+00:00, run_after=2024-03-29 18:05:00+00:00
[2024-03-29T15:05:11.456-0300] {processor.py:183} INFO - Processing /home/thiago/tcc_ufrj/dags/dag_web_scrapping_load_to_minio.py took 0.144 seconds
[2024-03-29T15:05:41.632-0300] {processor.py:161} INFO - Started process (PID=35993) to work on /home/thiago/tcc_ufrj/dags/dag_web_scrapping_load_to_minio.py
[2024-03-29T15:05:41.641-0300] {processor.py:830} INFO - Processing file /home/thiago/tcc_ufrj/dags/dag_web_scrapping_load_to_minio.py for tasks to queue
[2024-03-29T15:05:41.644-0300] {logging_mixin.py:188} INFO - [2024-03-29T15:05:41.644-0300] {dagbag.py:540} INFO - Filling up the DagBag from /home/thiago/tcc_ufrj/dags/dag_web_scrapping_load_to_minio.py
[2024-03-29T15:05:41.668-0300] {processor.py:840} INFO - DAG(s) 'exec-web-scraping' retrieved from /home/thiago/tcc_ufrj/dags/dag_web_scrapping_load_to_minio.py
[2024-03-29T15:05:41.729-0300] {logging_mixin.py:188} INFO - [2024-03-29T15:05:41.729-0300] {dag.py:3047} INFO - Sync 1 DAGs
[2024-03-29T15:05:41.770-0300] {logging_mixin.py:188} INFO - [2024-03-29T15:05:41.770-0300] {dag.py:3834} INFO - Setting next_dagrun for exec-web-scraping to 2024-03-29 18:05:00+00:00, run_after=2024-03-29 18:10:00+00:00
[2024-03-29T15:05:41.813-0300] {processor.py:183} INFO - Processing /home/thiago/tcc_ufrj/dags/dag_web_scrapping_load_to_minio.py took 0.184 seconds
[2024-03-29T15:06:11.982-0300] {processor.py:161} INFO - Started process (PID=36714) to work on /home/thiago/tcc_ufrj/dags/dag_web_scrapping_load_to_minio.py
[2024-03-29T15:06:11.983-0300] {processor.py:830} INFO - Processing file /home/thiago/tcc_ufrj/dags/dag_web_scrapping_load_to_minio.py for tasks to queue
[2024-03-29T15:06:11.984-0300] {logging_mixin.py:188} INFO - [2024-03-29T15:06:11.983-0300] {dagbag.py:540} INFO - Filling up the DagBag from /home/thiago/tcc_ufrj/dags/dag_web_scrapping_load_to_minio.py
[2024-03-29T15:06:11.997-0300] {processor.py:840} INFO - DAG(s) 'exec-web-scraping' retrieved from /home/thiago/tcc_ufrj/dags/dag_web_scrapping_load_to_minio.py
[2024-03-29T15:06:12.038-0300] {logging_mixin.py:188} INFO - [2024-03-29T15:06:12.038-0300] {dag.py:3047} INFO - Sync 1 DAGs
[2024-03-29T15:06:12.066-0300] {logging_mixin.py:188} INFO - [2024-03-29T15:06:12.066-0300] {dag.py:3834} INFO - Setting next_dagrun for exec-web-scraping to 2024-03-29 18:05:00+00:00, run_after=2024-03-29 18:10:00+00:00
[2024-03-29T15:06:12.090-0300] {processor.py:183} INFO - Processing /home/thiago/tcc_ufrj/dags/dag_web_scrapping_load_to_minio.py took 0.111 seconds
[2024-03-29T15:06:42.252-0300] {processor.py:161} INFO - Started process (PID=36928) to work on /home/thiago/tcc_ufrj/dags/dag_web_scrapping_load_to_minio.py
[2024-03-29T15:06:42.253-0300] {processor.py:830} INFO - Processing file /home/thiago/tcc_ufrj/dags/dag_web_scrapping_load_to_minio.py for tasks to queue
[2024-03-29T15:06:42.254-0300] {logging_mixin.py:188} INFO - [2024-03-29T15:06:42.253-0300] {dagbag.py:540} INFO - Filling up the DagBag from /home/thiago/tcc_ufrj/dags/dag_web_scrapping_load_to_minio.py
[2024-03-29T15:06:42.268-0300] {processor.py:840} INFO - DAG(s) 'exec-web-scraping' retrieved from /home/thiago/tcc_ufrj/dags/dag_web_scrapping_load_to_minio.py
[2024-03-29T15:06:42.323-0300] {logging_mixin.py:188} INFO - [2024-03-29T15:06:42.323-0300] {dag.py:3047} INFO - Sync 1 DAGs
[2024-03-29T15:06:42.357-0300] {logging_mixin.py:188} INFO - [2024-03-29T15:06:42.357-0300] {dag.py:3834} INFO - Setting next_dagrun for exec-web-scraping to 2024-03-29 18:05:00+00:00, run_after=2024-03-29 18:10:00+00:00
[2024-03-29T15:06:42.383-0300] {processor.py:183} INFO - Processing /home/thiago/tcc_ufrj/dags/dag_web_scrapping_load_to_minio.py took 0.135 seconds
[2024-03-29T15:07:12.541-0300] {processor.py:161} INFO - Started process (PID=37326) to work on /home/thiago/tcc_ufrj/dags/dag_web_scrapping_load_to_minio.py
[2024-03-29T15:07:12.543-0300] {processor.py:830} INFO - Processing file /home/thiago/tcc_ufrj/dags/dag_web_scrapping_load_to_minio.py for tasks to queue
[2024-03-29T15:07:12.544-0300] {logging_mixin.py:188} INFO - [2024-03-29T15:07:12.544-0300] {dagbag.py:540} INFO - Filling up the DagBag from /home/thiago/tcc_ufrj/dags/dag_web_scrapping_load_to_minio.py
[2024-03-29T15:07:12.555-0300] {processor.py:840} INFO - DAG(s) 'exec-web-scraping' retrieved from /home/thiago/tcc_ufrj/dags/dag_web_scrapping_load_to_minio.py
[2024-03-29T15:07:12.596-0300] {logging_mixin.py:188} INFO - [2024-03-29T15:07:12.596-0300] {dag.py:3047} INFO - Sync 1 DAGs
[2024-03-29T15:07:12.633-0300] {logging_mixin.py:188} INFO - [2024-03-29T15:07:12.633-0300] {dag.py:3834} INFO - Setting next_dagrun for exec-web-scraping to 2024-03-29 18:05:00+00:00, run_after=2024-03-29 18:10:00+00:00
[2024-03-29T15:07:12.656-0300] {processor.py:183} INFO - Processing /home/thiago/tcc_ufrj/dags/dag_web_scrapping_load_to_minio.py took 0.118 seconds
[2024-03-29T15:07:42.830-0300] {processor.py:161} INFO - Started process (PID=38068) to work on /home/thiago/tcc_ufrj/dags/dag_web_scrapping_load_to_minio.py
[2024-03-29T15:07:42.832-0300] {processor.py:830} INFO - Processing file /home/thiago/tcc_ufrj/dags/dag_web_scrapping_load_to_minio.py for tasks to queue
[2024-03-29T15:07:42.833-0300] {logging_mixin.py:188} INFO - [2024-03-29T15:07:42.832-0300] {dagbag.py:540} INFO - Filling up the DagBag from /home/thiago/tcc_ufrj/dags/dag_web_scrapping_load_to_minio.py
[2024-03-29T15:07:42.846-0300] {processor.py:840} INFO - DAG(s) 'exec-web-scraping' retrieved from /home/thiago/tcc_ufrj/dags/dag_web_scrapping_load_to_minio.py
[2024-03-29T15:07:42.885-0300] {logging_mixin.py:188} INFO - [2024-03-29T15:07:42.885-0300] {dag.py:3047} INFO - Sync 1 DAGs
[2024-03-29T15:07:42.916-0300] {logging_mixin.py:188} INFO - [2024-03-29T15:07:42.916-0300] {dag.py:3834} INFO - Setting next_dagrun for exec-web-scraping to 2024-03-29 18:05:00+00:00, run_after=2024-03-29 18:10:00+00:00
[2024-03-29T15:07:42.940-0300] {processor.py:183} INFO - Processing /home/thiago/tcc_ufrj/dags/dag_web_scrapping_load_to_minio.py took 0.113 seconds
[2024-03-29T15:08:13.105-0300] {processor.py:161} INFO - Started process (PID=38629) to work on /home/thiago/tcc_ufrj/dags/dag_web_scrapping_load_to_minio.py
[2024-03-29T15:08:13.106-0300] {processor.py:830} INFO - Processing file /home/thiago/tcc_ufrj/dags/dag_web_scrapping_load_to_minio.py for tasks to queue
[2024-03-29T15:08:13.107-0300] {logging_mixin.py:188} INFO - [2024-03-29T15:08:13.106-0300] {dagbag.py:540} INFO - Filling up the DagBag from /home/thiago/tcc_ufrj/dags/dag_web_scrapping_load_to_minio.py
[2024-03-29T15:08:13.120-0300] {processor.py:840} INFO - DAG(s) 'exec-web-scraping' retrieved from /home/thiago/tcc_ufrj/dags/dag_web_scrapping_load_to_minio.py
[2024-03-29T15:08:13.164-0300] {logging_mixin.py:188} INFO - [2024-03-29T15:08:13.163-0300] {dag.py:3047} INFO - Sync 1 DAGs
[2024-03-29T15:08:13.197-0300] {logging_mixin.py:188} INFO - [2024-03-29T15:08:13.196-0300] {dag.py:3834} INFO - Setting next_dagrun for exec-web-scraping to 2024-03-29 18:05:00+00:00, run_after=2024-03-29 18:10:00+00:00
[2024-03-29T15:08:13.229-0300] {processor.py:183} INFO - Processing /home/thiago/tcc_ufrj/dags/dag_web_scrapping_load_to_minio.py took 0.127 seconds
[2024-03-29T15:08:43.393-0300] {processor.py:161} INFO - Started process (PID=39205) to work on /home/thiago/tcc_ufrj/dags/dag_web_scrapping_load_to_minio.py
[2024-03-29T15:08:43.400-0300] {processor.py:830} INFO - Processing file /home/thiago/tcc_ufrj/dags/dag_web_scrapping_load_to_minio.py for tasks to queue
[2024-03-29T15:08:43.401-0300] {logging_mixin.py:188} INFO - [2024-03-29T15:08:43.400-0300] {dagbag.py:540} INFO - Filling up the DagBag from /home/thiago/tcc_ufrj/dags/dag_web_scrapping_load_to_minio.py
[2024-03-29T15:08:43.413-0300] {processor.py:840} INFO - DAG(s) 'exec-web-scraping' retrieved from /home/thiago/tcc_ufrj/dags/dag_web_scrapping_load_to_minio.py
[2024-03-29T15:08:43.460-0300] {logging_mixin.py:188} INFO - [2024-03-29T15:08:43.460-0300] {dag.py:3047} INFO - Sync 1 DAGs
[2024-03-29T15:08:43.495-0300] {logging_mixin.py:188} INFO - [2024-03-29T15:08:43.494-0300] {dag.py:3834} INFO - Setting next_dagrun for exec-web-scraping to 2024-03-29 18:05:00+00:00, run_after=2024-03-29 18:10:00+00:00
[2024-03-29T15:08:43.524-0300] {processor.py:183} INFO - Processing /home/thiago/tcc_ufrj/dags/dag_web_scrapping_load_to_minio.py took 0.134 seconds
[2024-03-29T15:09:13.689-0300] {processor.py:161} INFO - Started process (PID=39801) to work on /home/thiago/tcc_ufrj/dags/dag_web_scrapping_load_to_minio.py
[2024-03-29T15:09:13.692-0300] {processor.py:830} INFO - Processing file /home/thiago/tcc_ufrj/dags/dag_web_scrapping_load_to_minio.py for tasks to queue
[2024-03-29T15:09:13.693-0300] {logging_mixin.py:188} INFO - [2024-03-29T15:09:13.692-0300] {dagbag.py:540} INFO - Filling up the DagBag from /home/thiago/tcc_ufrj/dags/dag_web_scrapping_load_to_minio.py
[2024-03-29T15:09:13.704-0300] {processor.py:840} INFO - DAG(s) 'exec-web-scraping' retrieved from /home/thiago/tcc_ufrj/dags/dag_web_scrapping_load_to_minio.py
[2024-03-29T15:09:13.752-0300] {logging_mixin.py:188} INFO - [2024-03-29T15:09:13.751-0300] {dag.py:3047} INFO - Sync 1 DAGs
[2024-03-29T15:09:13.781-0300] {logging_mixin.py:188} INFO - [2024-03-29T15:09:13.781-0300] {dag.py:3834} INFO - Setting next_dagrun for exec-web-scraping to 2024-03-29 18:05:00+00:00, run_after=2024-03-29 18:10:00+00:00
[2024-03-29T15:09:13.802-0300] {processor.py:183} INFO - Processing /home/thiago/tcc_ufrj/dags/dag_web_scrapping_load_to_minio.py took 0.116 seconds
[2024-03-29T15:09:43.972-0300] {processor.py:161} INFO - Started process (PID=40260) to work on /home/thiago/tcc_ufrj/dags/dag_web_scrapping_load_to_minio.py
[2024-03-29T15:09:43.973-0300] {processor.py:830} INFO - Processing file /home/thiago/tcc_ufrj/dags/dag_web_scrapping_load_to_minio.py for tasks to queue
[2024-03-29T15:09:43.974-0300] {logging_mixin.py:188} INFO - [2024-03-29T15:09:43.974-0300] {dagbag.py:540} INFO - Filling up the DagBag from /home/thiago/tcc_ufrj/dags/dag_web_scrapping_load_to_minio.py
[2024-03-29T15:09:43.987-0300] {processor.py:840} INFO - DAG(s) 'exec-web-scraping' retrieved from /home/thiago/tcc_ufrj/dags/dag_web_scrapping_load_to_minio.py
[2024-03-29T15:09:44.030-0300] {logging_mixin.py:188} INFO - [2024-03-29T15:09:44.030-0300] {dag.py:3047} INFO - Sync 1 DAGs
[2024-03-29T15:09:44.062-0300] {logging_mixin.py:188} INFO - [2024-03-29T15:09:44.061-0300] {dag.py:3834} INFO - Setting next_dagrun for exec-web-scraping to 2024-03-29 18:05:00+00:00, run_after=2024-03-29 18:10:00+00:00
[2024-03-29T15:09:44.085-0300] {processor.py:183} INFO - Processing /home/thiago/tcc_ufrj/dags/dag_web_scrapping_load_to_minio.py took 0.117 seconds
[2024-03-29T15:10:14.253-0300] {processor.py:161} INFO - Started process (PID=40889) to work on /home/thiago/tcc_ufrj/dags/dag_web_scrapping_load_to_minio.py
[2024-03-29T15:10:14.264-0300] {processor.py:830} INFO - Processing file /home/thiago/tcc_ufrj/dags/dag_web_scrapping_load_to_minio.py for tasks to queue
[2024-03-29T15:10:14.265-0300] {logging_mixin.py:188} INFO - [2024-03-29T15:10:14.265-0300] {dagbag.py:540} INFO - Filling up the DagBag from /home/thiago/tcc_ufrj/dags/dag_web_scrapping_load_to_minio.py
[2024-03-29T15:10:14.276-0300] {processor.py:840} INFO - DAG(s) 'exec-web-scraping' retrieved from /home/thiago/tcc_ufrj/dags/dag_web_scrapping_load_to_minio.py
[2024-03-29T15:10:14.318-0300] {logging_mixin.py:188} INFO - [2024-03-29T15:10:14.318-0300] {dag.py:3047} INFO - Sync 1 DAGs
[2024-03-29T15:10:14.350-0300] {logging_mixin.py:188} INFO - [2024-03-29T15:10:14.350-0300] {dag.py:3834} INFO - Setting next_dagrun for exec-web-scraping to 2024-03-29 18:10:00+00:00, run_after=2024-03-29 18:15:00+00:00
[2024-03-29T15:10:14.380-0300] {processor.py:183} INFO - Processing /home/thiago/tcc_ufrj/dags/dag_web_scrapping_load_to_minio.py took 0.129 seconds
[2024-03-29T15:10:44.554-0300] {processor.py:161} INFO - Started process (PID=41208) to work on /home/thiago/tcc_ufrj/dags/dag_web_scrapping_load_to_minio.py
[2024-03-29T15:10:44.556-0300] {processor.py:830} INFO - Processing file /home/thiago/tcc_ufrj/dags/dag_web_scrapping_load_to_minio.py for tasks to queue
[2024-03-29T15:10:44.557-0300] {logging_mixin.py:188} INFO - [2024-03-29T15:10:44.556-0300] {dagbag.py:540} INFO - Filling up the DagBag from /home/thiago/tcc_ufrj/dags/dag_web_scrapping_load_to_minio.py
[2024-03-29T15:10:44.572-0300] {processor.py:840} INFO - DAG(s) 'exec-web-scraping' retrieved from /home/thiago/tcc_ufrj/dags/dag_web_scrapping_load_to_minio.py
[2024-03-29T15:10:44.630-0300] {logging_mixin.py:188} INFO - [2024-03-29T15:10:44.630-0300] {dag.py:3047} INFO - Sync 1 DAGs
[2024-03-29T15:10:44.663-0300] {logging_mixin.py:188} INFO - [2024-03-29T15:10:44.663-0300] {dag.py:3834} INFO - Setting next_dagrun for exec-web-scraping to 2024-03-29 18:10:00+00:00, run_after=2024-03-29 18:15:00+00:00
[2024-03-29T15:10:44.691-0300] {processor.py:183} INFO - Processing /home/thiago/tcc_ufrj/dags/dag_web_scrapping_load_to_minio.py took 0.142 seconds
[2024-03-29T15:11:14.872-0300] {processor.py:161} INFO - Started process (PID=41460) to work on /home/thiago/tcc_ufrj/dags/dag_web_scrapping_load_to_minio.py
[2024-03-29T15:11:14.873-0300] {processor.py:830} INFO - Processing file /home/thiago/tcc_ufrj/dags/dag_web_scrapping_load_to_minio.py for tasks to queue
[2024-03-29T15:11:14.874-0300] {logging_mixin.py:188} INFO - [2024-03-29T15:11:14.873-0300] {dagbag.py:540} INFO - Filling up the DagBag from /home/thiago/tcc_ufrj/dags/dag_web_scrapping_load_to_minio.py
[2024-03-29T15:11:14.885-0300] {processor.py:840} INFO - DAG(s) 'exec-web-scraping' retrieved from /home/thiago/tcc_ufrj/dags/dag_web_scrapping_load_to_minio.py
[2024-03-29T15:11:14.925-0300] {logging_mixin.py:188} INFO - [2024-03-29T15:11:14.924-0300] {dag.py:3047} INFO - Sync 1 DAGs
[2024-03-29T15:11:14.956-0300] {logging_mixin.py:188} INFO - [2024-03-29T15:11:14.956-0300] {dag.py:3834} INFO - Setting next_dagrun for exec-web-scraping to 2024-03-29 18:10:00+00:00, run_after=2024-03-29 18:15:00+00:00
[2024-03-29T15:11:14.980-0300] {processor.py:183} INFO - Processing /home/thiago/tcc_ufrj/dags/dag_web_scrapping_load_to_minio.py took 0.112 seconds
[2024-03-29T15:11:45.141-0300] {processor.py:161} INFO - Started process (PID=41709) to work on /home/thiago/tcc_ufrj/dags/dag_web_scrapping_load_to_minio.py
[2024-03-29T15:11:45.142-0300] {processor.py:830} INFO - Processing file /home/thiago/tcc_ufrj/dags/dag_web_scrapping_load_to_minio.py for tasks to queue
[2024-03-29T15:11:45.143-0300] {logging_mixin.py:188} INFO - [2024-03-29T15:11:45.142-0300] {dagbag.py:540} INFO - Filling up the DagBag from /home/thiago/tcc_ufrj/dags/dag_web_scrapping_load_to_minio.py
[2024-03-29T15:11:45.154-0300] {processor.py:840} INFO - DAG(s) 'exec-web-scraping' retrieved from /home/thiago/tcc_ufrj/dags/dag_web_scrapping_load_to_minio.py
[2024-03-29T15:11:45.190-0300] {logging_mixin.py:188} INFO - [2024-03-29T15:11:45.190-0300] {dag.py:3047} INFO - Sync 1 DAGs
[2024-03-29T15:11:45.215-0300] {logging_mixin.py:188} INFO - [2024-03-29T15:11:45.215-0300] {dag.py:3834} INFO - Setting next_dagrun for exec-web-scraping to 2024-03-29 18:10:00+00:00, run_after=2024-03-29 18:15:00+00:00
[2024-03-29T15:11:45.239-0300] {processor.py:183} INFO - Processing /home/thiago/tcc_ufrj/dags/dag_web_scrapping_load_to_minio.py took 0.101 seconds
[2024-03-29T15:12:15.406-0300] {processor.py:161} INFO - Started process (PID=42025) to work on /home/thiago/tcc_ufrj/dags/dag_web_scrapping_load_to_minio.py
[2024-03-29T15:12:15.407-0300] {processor.py:830} INFO - Processing file /home/thiago/tcc_ufrj/dags/dag_web_scrapping_load_to_minio.py for tasks to queue
[2024-03-29T15:12:15.408-0300] {logging_mixin.py:188} INFO - [2024-03-29T15:12:15.408-0300] {dagbag.py:540} INFO - Filling up the DagBag from /home/thiago/tcc_ufrj/dags/dag_web_scrapping_load_to_minio.py
[2024-03-29T15:12:15.421-0300] {processor.py:840} INFO - DAG(s) 'exec-web-scraping' retrieved from /home/thiago/tcc_ufrj/dags/dag_web_scrapping_load_to_minio.py
[2024-03-29T15:12:15.462-0300] {logging_mixin.py:188} INFO - [2024-03-29T15:12:15.462-0300] {dag.py:3047} INFO - Sync 1 DAGs
[2024-03-29T15:12:15.498-0300] {logging_mixin.py:188} INFO - [2024-03-29T15:12:15.498-0300] {dag.py:3834} INFO - Setting next_dagrun for exec-web-scraping to 2024-03-29 18:10:00+00:00, run_after=2024-03-29 18:15:00+00:00
[2024-03-29T15:12:15.531-0300] {processor.py:183} INFO - Processing /home/thiago/tcc_ufrj/dags/dag_web_scrapping_load_to_minio.py took 0.128 seconds
[2024-03-29T15:12:45.691-0300] {processor.py:161} INFO - Started process (PID=42440) to work on /home/thiago/tcc_ufrj/dags/dag_web_scrapping_load_to_minio.py
[2024-03-29T15:12:45.692-0300] {processor.py:830} INFO - Processing file /home/thiago/tcc_ufrj/dags/dag_web_scrapping_load_to_minio.py for tasks to queue
[2024-03-29T15:12:45.693-0300] {logging_mixin.py:188} INFO - [2024-03-29T15:12:45.693-0300] {dagbag.py:540} INFO - Filling up the DagBag from /home/thiago/tcc_ufrj/dags/dag_web_scrapping_load_to_minio.py
[2024-03-29T15:12:45.705-0300] {processor.py:840} INFO - DAG(s) 'exec-web-scraping' retrieved from /home/thiago/tcc_ufrj/dags/dag_web_scrapping_load_to_minio.py
[2024-03-29T15:12:45.745-0300] {logging_mixin.py:188} INFO - [2024-03-29T15:12:45.745-0300] {dag.py:3047} INFO - Sync 1 DAGs
[2024-03-29T15:12:45.776-0300] {logging_mixin.py:188} INFO - [2024-03-29T15:12:45.776-0300] {dag.py:3834} INFO - Setting next_dagrun for exec-web-scraping to 2024-03-29 18:10:00+00:00, run_after=2024-03-29 18:15:00+00:00
[2024-03-29T15:12:45.801-0300] {processor.py:183} INFO - Processing /home/thiago/tcc_ufrj/dags/dag_web_scrapping_load_to_minio.py took 0.113 seconds
[2024-03-29T15:13:15.960-0300] {processor.py:161} INFO - Started process (PID=42810) to work on /home/thiago/tcc_ufrj/dags/dag_web_scrapping_load_to_minio.py
[2024-03-29T15:13:15.960-0300] {processor.py:830} INFO - Processing file /home/thiago/tcc_ufrj/dags/dag_web_scrapping_load_to_minio.py for tasks to queue
[2024-03-29T15:13:15.961-0300] {logging_mixin.py:188} INFO - [2024-03-29T15:13:15.961-0300] {dagbag.py:540} INFO - Filling up the DagBag from /home/thiago/tcc_ufrj/dags/dag_web_scrapping_load_to_minio.py
[2024-03-29T15:13:15.973-0300] {processor.py:840} INFO - DAG(s) 'exec-web-scraping' retrieved from /home/thiago/tcc_ufrj/dags/dag_web_scrapping_load_to_minio.py
[2024-03-29T15:13:16.008-0300] {logging_mixin.py:188} INFO - [2024-03-29T15:13:16.008-0300] {dag.py:3047} INFO - Sync 1 DAGs
[2024-03-29T15:13:16.044-0300] {logging_mixin.py:188} INFO - [2024-03-29T15:13:16.043-0300] {dag.py:3834} INFO - Setting next_dagrun for exec-web-scraping to 2024-03-29 18:10:00+00:00, run_after=2024-03-29 18:15:00+00:00
[2024-03-29T15:13:16.067-0300] {processor.py:183} INFO - Processing /home/thiago/tcc_ufrj/dags/dag_web_scrapping_load_to_minio.py took 0.110 seconds
[2024-03-29T15:13:46.238-0300] {processor.py:161} INFO - Started process (PID=42935) to work on /home/thiago/tcc_ufrj/dags/dag_web_scrapping_load_to_minio.py
[2024-03-29T15:13:46.239-0300] {processor.py:830} INFO - Processing file /home/thiago/tcc_ufrj/dags/dag_web_scrapping_load_to_minio.py for tasks to queue
[2024-03-29T15:13:46.240-0300] {logging_mixin.py:188} INFO - [2024-03-29T15:13:46.240-0300] {dagbag.py:540} INFO - Filling up the DagBag from /home/thiago/tcc_ufrj/dags/dag_web_scrapping_load_to_minio.py
[2024-03-29T15:13:46.253-0300] {processor.py:840} INFO - DAG(s) 'exec-web-scraping' retrieved from /home/thiago/tcc_ufrj/dags/dag_web_scrapping_load_to_minio.py
[2024-03-29T15:13:46.292-0300] {logging_mixin.py:188} INFO - [2024-03-29T15:13:46.292-0300] {dag.py:3047} INFO - Sync 1 DAGs
[2024-03-29T15:13:46.321-0300] {logging_mixin.py:188} INFO - [2024-03-29T15:13:46.321-0300] {dag.py:3834} INFO - Setting next_dagrun for exec-web-scraping to 2024-03-29 18:10:00+00:00, run_after=2024-03-29 18:15:00+00:00
[2024-03-29T15:13:46.344-0300] {processor.py:183} INFO - Processing /home/thiago/tcc_ufrj/dags/dag_web_scrapping_load_to_minio.py took 0.109 seconds
[2024-03-29T15:14:16.514-0300] {processor.py:161} INFO - Started process (PID=43207) to work on /home/thiago/tcc_ufrj/dags/dag_web_scrapping_load_to_minio.py
[2024-03-29T15:14:16.515-0300] {processor.py:830} INFO - Processing file /home/thiago/tcc_ufrj/dags/dag_web_scrapping_load_to_minio.py for tasks to queue
[2024-03-29T15:14:16.516-0300] {logging_mixin.py:188} INFO - [2024-03-29T15:14:16.515-0300] {dagbag.py:540} INFO - Filling up the DagBag from /home/thiago/tcc_ufrj/dags/dag_web_scrapping_load_to_minio.py
[2024-03-29T15:14:16.529-0300] {processor.py:840} INFO - DAG(s) 'exec-web-scraping' retrieved from /home/thiago/tcc_ufrj/dags/dag_web_scrapping_load_to_minio.py
[2024-03-29T15:14:16.568-0300] {logging_mixin.py:188} INFO - [2024-03-29T15:14:16.567-0300] {dag.py:3047} INFO - Sync 1 DAGs
[2024-03-29T15:14:16.605-0300] {logging_mixin.py:188} INFO - [2024-03-29T15:14:16.604-0300] {dag.py:3834} INFO - Setting next_dagrun for exec-web-scraping to 2024-03-29 18:10:00+00:00, run_after=2024-03-29 18:15:00+00:00
[2024-03-29T15:14:16.645-0300] {processor.py:183} INFO - Processing /home/thiago/tcc_ufrj/dags/dag_web_scrapping_load_to_minio.py took 0.134 seconds
[2024-03-29T15:14:46.838-0300] {processor.py:161} INFO - Started process (PID=43404) to work on /home/thiago/tcc_ufrj/dags/dag_web_scrapping_load_to_minio.py
[2024-03-29T15:14:46.840-0300] {processor.py:830} INFO - Processing file /home/thiago/tcc_ufrj/dags/dag_web_scrapping_load_to_minio.py for tasks to queue
[2024-03-29T15:14:46.841-0300] {logging_mixin.py:188} INFO - [2024-03-29T15:14:46.841-0300] {dagbag.py:540} INFO - Filling up the DagBag from /home/thiago/tcc_ufrj/dags/dag_web_scrapping_load_to_minio.py
[2024-03-29T15:14:46.857-0300] {processor.py:840} INFO - DAG(s) 'exec-web-scraping' retrieved from /home/thiago/tcc_ufrj/dags/dag_web_scrapping_load_to_minio.py
[2024-03-29T15:14:46.923-0300] {logging_mixin.py:188} INFO - [2024-03-29T15:14:46.923-0300] {dag.py:3047} INFO - Sync 1 DAGs
[2024-03-29T15:14:46.974-0300] {logging_mixin.py:188} INFO - [2024-03-29T15:14:46.973-0300] {dag.py:3834} INFO - Setting next_dagrun for exec-web-scraping to 2024-03-29 18:10:00+00:00, run_after=2024-03-29 18:15:00+00:00
[2024-03-29T15:14:47.013-0300] {processor.py:183} INFO - Processing /home/thiago/tcc_ufrj/dags/dag_web_scrapping_load_to_minio.py took 0.179 seconds
[2024-03-29T15:15:17.179-0300] {processor.py:161} INFO - Started process (PID=44110) to work on /home/thiago/tcc_ufrj/dags/dag_web_scrapping_load_to_minio.py
[2024-03-29T15:15:17.180-0300] {processor.py:830} INFO - Processing file /home/thiago/tcc_ufrj/dags/dag_web_scrapping_load_to_minio.py for tasks to queue
[2024-03-29T15:15:17.181-0300] {logging_mixin.py:188} INFO - [2024-03-29T15:15:17.180-0300] {dagbag.py:540} INFO - Filling up the DagBag from /home/thiago/tcc_ufrj/dags/dag_web_scrapping_load_to_minio.py
[2024-03-29T15:15:17.193-0300] {processor.py:840} INFO - DAG(s) 'exec-web-scraping' retrieved from /home/thiago/tcc_ufrj/dags/dag_web_scrapping_load_to_minio.py
[2024-03-29T15:15:17.235-0300] {logging_mixin.py:188} INFO - [2024-03-29T15:15:17.235-0300] {dag.py:3047} INFO - Sync 1 DAGs
[2024-03-29T15:15:17.270-0300] {logging_mixin.py:188} INFO - [2024-03-29T15:15:17.270-0300] {dag.py:3834} INFO - Setting next_dagrun for exec-web-scraping to 2024-03-29 18:15:00+00:00, run_after=2024-03-29 18:20:00+00:00
[2024-03-29T15:15:17.295-0300] {processor.py:183} INFO - Processing /home/thiago/tcc_ufrj/dags/dag_web_scrapping_load_to_minio.py took 0.119 seconds
[2024-03-29T15:15:47.508-0300] {processor.py:161} INFO - Started process (PID=44309) to work on /home/thiago/tcc_ufrj/dags/dag_web_scrapping_load_to_minio.py
[2024-03-29T15:15:47.510-0300] {processor.py:830} INFO - Processing file /home/thiago/tcc_ufrj/dags/dag_web_scrapping_load_to_minio.py for tasks to queue
[2024-03-29T15:15:47.511-0300] {logging_mixin.py:188} INFO - [2024-03-29T15:15:47.511-0300] {dagbag.py:540} INFO - Filling up the DagBag from /home/thiago/tcc_ufrj/dags/dag_web_scrapping_load_to_minio.py
[2024-03-29T15:15:47.529-0300] {processor.py:840} INFO - DAG(s) 'exec-web-scraping' retrieved from /home/thiago/tcc_ufrj/dags/dag_web_scrapping_load_to_minio.py
[2024-03-29T15:15:47.608-0300] {logging_mixin.py:188} INFO - [2024-03-29T15:15:47.608-0300] {dag.py:3047} INFO - Sync 1 DAGs
[2024-03-29T15:15:47.687-0300] {logging_mixin.py:188} INFO - [2024-03-29T15:15:47.687-0300] {dag.py:3834} INFO - Setting next_dagrun for exec-web-scraping to 2024-03-29 18:15:00+00:00, run_after=2024-03-29 18:20:00+00:00
[2024-03-29T15:15:47.749-0300] {processor.py:183} INFO - Processing /home/thiago/tcc_ufrj/dags/dag_web_scrapping_load_to_minio.py took 0.248 seconds
[2024-03-29T15:16:18.010-0300] {processor.py:161} INFO - Started process (PID=44595) to work on /home/thiago/tcc_ufrj/dags/dag_web_scrapping_load_to_minio.py
[2024-03-29T15:16:18.012-0300] {processor.py:830} INFO - Processing file /home/thiago/tcc_ufrj/dags/dag_web_scrapping_load_to_minio.py for tasks to queue
[2024-03-29T15:16:18.017-0300] {logging_mixin.py:188} INFO - [2024-03-29T15:16:18.015-0300] {dagbag.py:540} INFO - Filling up the DagBag from /home/thiago/tcc_ufrj/dags/dag_web_scrapping_load_to_minio.py
[2024-03-29T15:16:18.040-0300] {processor.py:840} INFO - DAG(s) 'exec-web-scraping' retrieved from /home/thiago/tcc_ufrj/dags/dag_web_scrapping_load_to_minio.py
[2024-03-29T15:16:18.116-0300] {logging_mixin.py:188} INFO - [2024-03-29T15:16:18.115-0300] {dag.py:3047} INFO - Sync 1 DAGs
[2024-03-29T15:16:18.148-0300] {logging_mixin.py:188} INFO - [2024-03-29T15:16:18.147-0300] {dag.py:3834} INFO - Setting next_dagrun for exec-web-scraping to 2024-03-29 18:15:00+00:00, run_after=2024-03-29 18:20:00+00:00
[2024-03-29T15:16:18.184-0300] {processor.py:183} INFO - Processing /home/thiago/tcc_ufrj/dags/dag_web_scrapping_load_to_minio.py took 0.178 seconds
[2024-03-29T15:16:48.400-0300] {processor.py:161} INFO - Started process (PID=44804) to work on /home/thiago/tcc_ufrj/dags/dag_web_scrapping_load_to_minio.py
[2024-03-29T15:16:48.402-0300] {processor.py:830} INFO - Processing file /home/thiago/tcc_ufrj/dags/dag_web_scrapping_load_to_minio.py for tasks to queue
[2024-03-29T15:16:48.404-0300] {logging_mixin.py:188} INFO - [2024-03-29T15:16:48.403-0300] {dagbag.py:540} INFO - Filling up the DagBag from /home/thiago/tcc_ufrj/dags/dag_web_scrapping_load_to_minio.py
[2024-03-29T15:16:48.429-0300] {processor.py:840} INFO - DAG(s) 'exec-web-scraping' retrieved from /home/thiago/tcc_ufrj/dags/dag_web_scrapping_load_to_minio.py
[2024-03-29T15:16:48.500-0300] {logging_mixin.py:188} INFO - [2024-03-29T15:16:48.500-0300] {dag.py:3047} INFO - Sync 1 DAGs
[2024-03-29T15:16:48.553-0300] {logging_mixin.py:188} INFO - [2024-03-29T15:16:48.552-0300] {dag.py:3834} INFO - Setting next_dagrun for exec-web-scraping to 2024-03-29 18:15:00+00:00, run_after=2024-03-29 18:20:00+00:00
[2024-03-29T15:16:48.605-0300] {processor.py:183} INFO - Processing /home/thiago/tcc_ufrj/dags/dag_web_scrapping_load_to_minio.py took 0.211 seconds
[2024-03-29T15:17:18.813-0300] {processor.py:161} INFO - Started process (PID=45164) to work on /home/thiago/tcc_ufrj/dags/dag_web_scrapping_load_to_minio.py
[2024-03-29T15:17:18.813-0300] {processor.py:830} INFO - Processing file /home/thiago/tcc_ufrj/dags/dag_web_scrapping_load_to_minio.py for tasks to queue
[2024-03-29T15:17:18.815-0300] {logging_mixin.py:188} INFO - [2024-03-29T15:17:18.814-0300] {dagbag.py:540} INFO - Filling up the DagBag from /home/thiago/tcc_ufrj/dags/dag_web_scrapping_load_to_minio.py
[2024-03-29T15:17:18.828-0300] {processor.py:840} INFO - DAG(s) 'exec-web-scraping' retrieved from /home/thiago/tcc_ufrj/dags/dag_web_scrapping_load_to_minio.py
[2024-03-29T15:17:18.882-0300] {logging_mixin.py:188} INFO - [2024-03-29T15:17:18.882-0300] {dag.py:3047} INFO - Sync 1 DAGs
[2024-03-29T15:17:18.917-0300] {logging_mixin.py:188} INFO - [2024-03-29T15:17:18.916-0300] {dag.py:3834} INFO - Setting next_dagrun for exec-web-scraping to 2024-03-29 18:15:00+00:00, run_after=2024-03-29 18:20:00+00:00
[2024-03-29T15:17:18.947-0300] {processor.py:183} INFO - Processing /home/thiago/tcc_ufrj/dags/dag_web_scrapping_load_to_minio.py took 0.139 seconds
[2024-03-29T15:17:49.115-0300] {processor.py:161} INFO - Started process (PID=45597) to work on /home/thiago/tcc_ufrj/dags/dag_web_scrapping_load_to_minio.py
[2024-03-29T15:17:49.117-0300] {processor.py:830} INFO - Processing file /home/thiago/tcc_ufrj/dags/dag_web_scrapping_load_to_minio.py for tasks to queue
[2024-03-29T15:17:49.118-0300] {logging_mixin.py:188} INFO - [2024-03-29T15:17:49.117-0300] {dagbag.py:540} INFO - Filling up the DagBag from /home/thiago/tcc_ufrj/dags/dag_web_scrapping_load_to_minio.py
[2024-03-29T15:17:49.130-0300] {processor.py:840} INFO - DAG(s) 'exec-web-scraping' retrieved from /home/thiago/tcc_ufrj/dags/dag_web_scrapping_load_to_minio.py
[2024-03-29T15:17:49.174-0300] {logging_mixin.py:188} INFO - [2024-03-29T15:17:49.174-0300] {dag.py:3047} INFO - Sync 1 DAGs
[2024-03-29T15:17:49.214-0300] {logging_mixin.py:188} INFO - [2024-03-29T15:17:49.213-0300] {dag.py:3834} INFO - Setting next_dagrun for exec-web-scraping to 2024-03-29 18:15:00+00:00, run_after=2024-03-29 18:20:00+00:00
[2024-03-29T15:17:49.249-0300] {processor.py:183} INFO - Processing /home/thiago/tcc_ufrj/dags/dag_web_scrapping_load_to_minio.py took 0.138 seconds
[2024-03-29T15:18:19.424-0300] {processor.py:161} INFO - Started process (PID=45976) to work on /home/thiago/tcc_ufrj/dags/dag_web_scrapping_load_to_minio.py
[2024-03-29T15:18:19.424-0300] {processor.py:830} INFO - Processing file /home/thiago/tcc_ufrj/dags/dag_web_scrapping_load_to_minio.py for tasks to queue
[2024-03-29T15:18:19.426-0300] {logging_mixin.py:188} INFO - [2024-03-29T15:18:19.425-0300] {dagbag.py:540} INFO - Filling up the DagBag from /home/thiago/tcc_ufrj/dags/dag_web_scrapping_load_to_minio.py
[2024-03-29T15:18:19.439-0300] {processor.py:840} INFO - DAG(s) 'exec-web-scraping' retrieved from /home/thiago/tcc_ufrj/dags/dag_web_scrapping_load_to_minio.py
[2024-03-29T15:18:19.478-0300] {logging_mixin.py:188} INFO - [2024-03-29T15:18:19.477-0300] {dag.py:3047} INFO - Sync 1 DAGs
[2024-03-29T15:18:19.510-0300] {logging_mixin.py:188} INFO - [2024-03-29T15:18:19.510-0300] {dag.py:3834} INFO - Setting next_dagrun for exec-web-scraping to 2024-03-29 18:15:00+00:00, run_after=2024-03-29 18:20:00+00:00
[2024-03-29T15:18:19.539-0300] {processor.py:183} INFO - Processing /home/thiago/tcc_ufrj/dags/dag_web_scrapping_load_to_minio.py took 0.118 seconds
[2024-03-29T15:18:49.708-0300] {processor.py:161} INFO - Started process (PID=46189) to work on /home/thiago/tcc_ufrj/dags/dag_web_scrapping_load_to_minio.py
[2024-03-29T15:18:49.711-0300] {processor.py:830} INFO - Processing file /home/thiago/tcc_ufrj/dags/dag_web_scrapping_load_to_minio.py for tasks to queue
[2024-03-29T15:18:49.713-0300] {logging_mixin.py:188} INFO - [2024-03-29T15:18:49.712-0300] {dagbag.py:540} INFO - Filling up the DagBag from /home/thiago/tcc_ufrj/dags/dag_web_scrapping_load_to_minio.py
[2024-03-29T15:18:49.729-0300] {processor.py:840} INFO - DAG(s) 'exec-web-scraping' retrieved from /home/thiago/tcc_ufrj/dags/dag_web_scrapping_load_to_minio.py
[2024-03-29T15:18:49.869-0300] {logging_mixin.py:188} INFO - [2024-03-29T15:18:49.869-0300] {dag.py:3047} INFO - Sync 1 DAGs
[2024-03-29T15:18:49.894-0300] {logging_mixin.py:188} INFO - [2024-03-29T15:18:49.894-0300] {dag.py:3834} INFO - Setting next_dagrun for exec-web-scraping to 2024-03-29 18:15:00+00:00, run_after=2024-03-29 18:30:00+00:00
[2024-03-29T15:18:49.920-0300] {processor.py:183} INFO - Processing /home/thiago/tcc_ufrj/dags/dag_web_scrapping_load_to_minio.py took 0.217 seconds
[2024-03-29T15:19:20.089-0300] {processor.py:161} INFO - Started process (PID=46687) to work on /home/thiago/tcc_ufrj/dags/dag_web_scrapping_load_to_minio.py
[2024-03-29T15:19:20.090-0300] {processor.py:830} INFO - Processing file /home/thiago/tcc_ufrj/dags/dag_web_scrapping_load_to_minio.py for tasks to queue
[2024-03-29T15:19:20.091-0300] {logging_mixin.py:188} INFO - [2024-03-29T15:19:20.091-0300] {dagbag.py:540} INFO - Filling up the DagBag from /home/thiago/tcc_ufrj/dags/dag_web_scrapping_load_to_minio.py
[2024-03-29T15:19:20.106-0300] {processor.py:840} INFO - DAG(s) 'exec-web-scraping' retrieved from /home/thiago/tcc_ufrj/dags/dag_web_scrapping_load_to_minio.py
[2024-03-29T15:19:20.145-0300] {logging_mixin.py:188} INFO - [2024-03-29T15:19:20.145-0300] {dag.py:3047} INFO - Sync 1 DAGs
[2024-03-29T15:19:20.180-0300] {logging_mixin.py:188} INFO - [2024-03-29T15:19:20.180-0300] {dag.py:3834} INFO - Setting next_dagrun for exec-web-scraping to 2024-03-29 18:15:00+00:00, run_after=2024-03-29 18:30:00+00:00
[2024-03-29T15:19:20.208-0300] {processor.py:183} INFO - Processing /home/thiago/tcc_ufrj/dags/dag_web_scrapping_load_to_minio.py took 0.125 seconds
