[2024-03-29T14:48:41.520-0300] {processor.py:161} INFO - Started process (PID=14973) to work on /home/thiago/tcc_ufrj/dags/dag_machine_learning.py
[2024-03-29T14:48:41.522-0300] {processor.py:830} INFO - Processing file /home/thiago/tcc_ufrj/dags/dag_machine_learning.py for tasks to queue
[2024-03-29T14:48:41.524-0300] {logging_mixin.py:188} INFO - [2024-03-29T14:48:41.523-0300] {dagbag.py:540} INFO - Filling up the DagBag from /home/thiago/tcc_ufrj/dags/dag_machine_learning.py
[2024-03-29T14:48:41.542-0300] {processor.py:840} INFO - DAG(s) 'machine-learning' retrieved from /home/thiago/tcc_ufrj/dags/dag_machine_learning.py
[2024-03-29T14:48:41.591-0300] {logging_mixin.py:188} INFO - [2024-03-29T14:48:41.591-0300] {dag.py:3047} INFO - Sync 1 DAGs
[2024-03-29T14:48:41.625-0300] {logging_mixin.py:188} INFO - [2024-03-29T14:48:41.625-0300] {dag.py:3834} INFO - Setting next_dagrun for machine-learning to 2024-03-29 17:30:00+00:00, run_after=2024-03-29 17:40:00+00:00
[2024-03-29T14:48:41.655-0300] {processor.py:183} INFO - Processing /home/thiago/tcc_ufrj/dags/dag_machine_learning.py took 0.141 seconds
[2024-03-29T14:49:11.807-0300] {processor.py:161} INFO - Started process (PID=15360) to work on /home/thiago/tcc_ufrj/dags/dag_machine_learning.py
[2024-03-29T14:49:11.808-0300] {processor.py:830} INFO - Processing file /home/thiago/tcc_ufrj/dags/dag_machine_learning.py for tasks to queue
[2024-03-29T14:49:11.809-0300] {logging_mixin.py:188} INFO - [2024-03-29T14:49:11.808-0300] {dagbag.py:540} INFO - Filling up the DagBag from /home/thiago/tcc_ufrj/dags/dag_machine_learning.py
[2024-03-29T14:49:11.821-0300] {processor.py:840} INFO - DAG(s) 'machine-learning' retrieved from /home/thiago/tcc_ufrj/dags/dag_machine_learning.py
[2024-03-29T14:49:11.946-0300] {logging_mixin.py:188} INFO - [2024-03-29T14:49:11.946-0300] {dag.py:3047} INFO - Sync 1 DAGs
[2024-03-29T14:49:11.974-0300] {logging_mixin.py:188} INFO - [2024-03-29T14:49:11.974-0300] {dag.py:3834} INFO - Setting next_dagrun for machine-learning to 2024-03-29 17:30:00+00:00, run_after=2024-03-29 17:40:00+00:00
[2024-03-29T14:49:11.998-0300] {processor.py:183} INFO - Processing /home/thiago/tcc_ufrj/dags/dag_machine_learning.py took 0.195 seconds
[2024-03-29T14:49:42.172-0300] {processor.py:161} INFO - Started process (PID=15835) to work on /home/thiago/tcc_ufrj/dags/dag_machine_learning.py
[2024-03-29T14:49:42.174-0300] {processor.py:830} INFO - Processing file /home/thiago/tcc_ufrj/dags/dag_machine_learning.py for tasks to queue
[2024-03-29T14:49:42.175-0300] {logging_mixin.py:188} INFO - [2024-03-29T14:49:42.174-0300] {dagbag.py:540} INFO - Filling up the DagBag from /home/thiago/tcc_ufrj/dags/dag_machine_learning.py
[2024-03-29T14:49:42.186-0300] {processor.py:840} INFO - DAG(s) 'machine-learning' retrieved from /home/thiago/tcc_ufrj/dags/dag_machine_learning.py
[2024-03-29T14:49:42.228-0300] {logging_mixin.py:188} INFO - [2024-03-29T14:49:42.228-0300] {dag.py:3047} INFO - Sync 1 DAGs
[2024-03-29T14:49:42.262-0300] {logging_mixin.py:188} INFO - [2024-03-29T14:49:42.262-0300] {dag.py:3834} INFO - Setting next_dagrun for machine-learning to 2024-03-29 17:30:00+00:00, run_after=2024-03-29 17:40:00+00:00
[2024-03-29T14:49:42.288-0300] {processor.py:183} INFO - Processing /home/thiago/tcc_ufrj/dags/dag_machine_learning.py took 0.121 seconds
[2024-03-29T14:50:05.925-0300] {processor.py:161} INFO - Started process (PID=16239) to work on /home/thiago/tcc_ufrj/dags/dag_machine_learning.py
[2024-03-29T14:50:05.927-0300] {processor.py:830} INFO - Processing file /home/thiago/tcc_ufrj/dags/dag_machine_learning.py for tasks to queue
[2024-03-29T14:50:05.928-0300] {logging_mixin.py:188} INFO - [2024-03-29T14:50:05.928-0300] {dagbag.py:540} INFO - Filling up the DagBag from /home/thiago/tcc_ufrj/dags/dag_machine_learning.py
[2024-03-29T14:50:05.956-0300] {processor.py:840} INFO - DAG(s) 'machine-learning' retrieved from /home/thiago/tcc_ufrj/dags/dag_machine_learning.py
[2024-03-29T14:50:06.010-0300] {logging_mixin.py:188} INFO - [2024-03-29T14:50:06.010-0300] {dag.py:3047} INFO - Sync 1 DAGs
[2024-03-29T14:50:06.050-0300] {logging_mixin.py:188} INFO - [2024-03-29T14:50:06.050-0300] {dag.py:3834} INFO - Setting next_dagrun for machine-learning to 2024-03-29 17:40:00+00:00, run_after=2024-03-29 17:50:00+00:00
[2024-03-29T14:50:06.080-0300] {processor.py:183} INFO - Processing /home/thiago/tcc_ufrj/dags/dag_machine_learning.py took 0.161 seconds
[2024-03-29T14:50:36.252-0300] {processor.py:161} INFO - Started process (PID=17374) to work on /home/thiago/tcc_ufrj/dags/dag_machine_learning.py
[2024-03-29T14:50:36.258-0300] {processor.py:830} INFO - Processing file /home/thiago/tcc_ufrj/dags/dag_machine_learning.py for tasks to queue
[2024-03-29T14:50:36.259-0300] {logging_mixin.py:188} INFO - [2024-03-29T14:50:36.259-0300] {dagbag.py:540} INFO - Filling up the DagBag from /home/thiago/tcc_ufrj/dags/dag_machine_learning.py
[2024-03-29T14:50:36.269-0300] {processor.py:840} INFO - DAG(s) 'machine-learning' retrieved from /home/thiago/tcc_ufrj/dags/dag_machine_learning.py
[2024-03-29T14:50:36.412-0300] {logging_mixin.py:188} INFO - [2024-03-29T14:50:36.412-0300] {dag.py:3047} INFO - Sync 1 DAGs
[2024-03-29T14:50:36.438-0300] {logging_mixin.py:188} INFO - [2024-03-29T14:50:36.437-0300] {dag.py:3834} INFO - Setting next_dagrun for machine-learning to 2024-03-29 17:40:00+00:00, run_after=2024-03-29 17:50:00+00:00
[2024-03-29T14:50:36.462-0300] {processor.py:183} INFO - Processing /home/thiago/tcc_ufrj/dags/dag_machine_learning.py took 0.214 seconds
[2024-03-29T14:51:06.632-0300] {processor.py:161} INFO - Started process (PID=17798) to work on /home/thiago/tcc_ufrj/dags/dag_machine_learning.py
[2024-03-29T14:51:06.632-0300] {processor.py:830} INFO - Processing file /home/thiago/tcc_ufrj/dags/dag_machine_learning.py for tasks to queue
[2024-03-29T14:51:06.633-0300] {logging_mixin.py:188} INFO - [2024-03-29T14:51:06.633-0300] {dagbag.py:540} INFO - Filling up the DagBag from /home/thiago/tcc_ufrj/dags/dag_machine_learning.py
[2024-03-29T14:51:06.644-0300] {processor.py:840} INFO - DAG(s) 'machine-learning' retrieved from /home/thiago/tcc_ufrj/dags/dag_machine_learning.py
[2024-03-29T14:51:06.683-0300] {logging_mixin.py:188} INFO - [2024-03-29T14:51:06.683-0300] {dag.py:3047} INFO - Sync 1 DAGs
[2024-03-29T14:51:06.720-0300] {logging_mixin.py:188} INFO - [2024-03-29T14:51:06.719-0300] {dag.py:3834} INFO - Setting next_dagrun for machine-learning to 2024-03-29 17:40:00+00:00, run_after=2024-03-29 17:50:00+00:00
[2024-03-29T14:51:06.749-0300] {processor.py:183} INFO - Processing /home/thiago/tcc_ufrj/dags/dag_machine_learning.py took 0.121 seconds
[2024-03-29T14:51:36.911-0300] {processor.py:161} INFO - Started process (PID=18069) to work on /home/thiago/tcc_ufrj/dags/dag_machine_learning.py
[2024-03-29T14:51:36.918-0300] {processor.py:830} INFO - Processing file /home/thiago/tcc_ufrj/dags/dag_machine_learning.py for tasks to queue
[2024-03-29T14:51:36.919-0300] {logging_mixin.py:188} INFO - [2024-03-29T14:51:36.919-0300] {dagbag.py:540} INFO - Filling up the DagBag from /home/thiago/tcc_ufrj/dags/dag_machine_learning.py
[2024-03-29T14:51:36.934-0300] {processor.py:840} INFO - DAG(s) 'machine-learning' retrieved from /home/thiago/tcc_ufrj/dags/dag_machine_learning.py
[2024-03-29T14:51:36.979-0300] {logging_mixin.py:188} INFO - [2024-03-29T14:51:36.979-0300] {dag.py:3047} INFO - Sync 1 DAGs
[2024-03-29T14:51:37.015-0300] {logging_mixin.py:188} INFO - [2024-03-29T14:51:37.014-0300] {dag.py:3834} INFO - Setting next_dagrun for machine-learning to 2024-03-29 17:40:00+00:00, run_after=2024-03-29 17:50:00+00:00
[2024-03-29T14:51:37.040-0300] {processor.py:183} INFO - Processing /home/thiago/tcc_ufrj/dags/dag_machine_learning.py took 0.133 seconds
[2024-03-29T14:56:05.891-0300] {processor.py:161} INFO - Started process (PID=20755) to work on /home/thiago/tcc_ufrj/dags/dag_machine_learning.py
[2024-03-29T14:56:05.901-0300] {processor.py:830} INFO - Processing file /home/thiago/tcc_ufrj/dags/dag_machine_learning.py for tasks to queue
[2024-03-29T14:56:05.902-0300] {logging_mixin.py:188} INFO - [2024-03-29T14:56:05.902-0300] {dagbag.py:540} INFO - Filling up the DagBag from /home/thiago/tcc_ufrj/dags/dag_machine_learning.py
[2024-03-29T14:56:05.925-0300] {processor.py:840} INFO - DAG(s) 'machine-learning' retrieved from /home/thiago/tcc_ufrj/dags/dag_machine_learning.py
[2024-03-29T14:56:05.991-0300] {logging_mixin.py:188} INFO - [2024-03-29T14:56:05.991-0300] {dag.py:3047} INFO - Sync 1 DAGs
[2024-03-29T14:56:06.026-0300] {logging_mixin.py:188} INFO - [2024-03-29T14:56:06.026-0300] {dag.py:3834} INFO - Setting next_dagrun for machine-learning to 2024-03-29 17:40:00+00:00, run_after=2024-03-29 17:50:00+00:00
[2024-03-29T14:56:06.055-0300] {processor.py:183} INFO - Processing /home/thiago/tcc_ufrj/dags/dag_machine_learning.py took 0.168 seconds
[2024-03-29T14:56:36.221-0300] {processor.py:161} INFO - Started process (PID=21891) to work on /home/thiago/tcc_ufrj/dags/dag_machine_learning.py
[2024-03-29T14:56:36.222-0300] {processor.py:830} INFO - Processing file /home/thiago/tcc_ufrj/dags/dag_machine_learning.py for tasks to queue
[2024-03-29T14:56:36.223-0300] {logging_mixin.py:188} INFO - [2024-03-29T14:56:36.223-0300] {dagbag.py:540} INFO - Filling up the DagBag from /home/thiago/tcc_ufrj/dags/dag_machine_learning.py
[2024-03-29T14:56:36.237-0300] {processor.py:840} INFO - DAG(s) 'machine-learning' retrieved from /home/thiago/tcc_ufrj/dags/dag_machine_learning.py
[2024-03-29T14:56:36.382-0300] {logging_mixin.py:188} INFO - [2024-03-29T14:56:36.382-0300] {dag.py:3047} INFO - Sync 1 DAGs
[2024-03-29T14:56:36.405-0300] {logging_mixin.py:188} INFO - [2024-03-29T14:56:36.405-0300] {dag.py:3834} INFO - Setting next_dagrun for machine-learning to 2024-03-29 17:40:00+00:00, run_after=2024-03-29 17:50:00+00:00
[2024-03-29T14:56:36.435-0300] {processor.py:183} INFO - Processing /home/thiago/tcc_ufrj/dags/dag_machine_learning.py took 0.218 seconds
[2024-03-29T14:57:06.609-0300] {processor.py:161} INFO - Started process (PID=22725) to work on /home/thiago/tcc_ufrj/dags/dag_machine_learning.py
[2024-03-29T14:57:06.612-0300] {processor.py:830} INFO - Processing file /home/thiago/tcc_ufrj/dags/dag_machine_learning.py for tasks to queue
[2024-03-29T14:57:06.613-0300] {logging_mixin.py:188} INFO - [2024-03-29T14:57:06.613-0300] {dagbag.py:540} INFO - Filling up the DagBag from /home/thiago/tcc_ufrj/dags/dag_machine_learning.py
[2024-03-29T14:57:06.625-0300] {processor.py:840} INFO - DAG(s) 'machine-learning' retrieved from /home/thiago/tcc_ufrj/dags/dag_machine_learning.py
[2024-03-29T14:57:06.673-0300] {logging_mixin.py:188} INFO - [2024-03-29T14:57:06.672-0300] {dag.py:3047} INFO - Sync 1 DAGs
[2024-03-29T14:57:06.706-0300] {logging_mixin.py:188} INFO - [2024-03-29T14:57:06.705-0300] {dag.py:3834} INFO - Setting next_dagrun for machine-learning to 2024-03-29 17:40:00+00:00, run_after=2024-03-29 17:50:00+00:00
[2024-03-29T14:57:06.735-0300] {processor.py:183} INFO - Processing /home/thiago/tcc_ufrj/dags/dag_machine_learning.py took 0.129 seconds
[2024-03-29T14:57:36.897-0300] {processor.py:161} INFO - Started process (PID=23666) to work on /home/thiago/tcc_ufrj/dags/dag_machine_learning.py
[2024-03-29T14:57:36.898-0300] {processor.py:830} INFO - Processing file /home/thiago/tcc_ufrj/dags/dag_machine_learning.py for tasks to queue
[2024-03-29T14:57:36.900-0300] {logging_mixin.py:188} INFO - [2024-03-29T14:57:36.899-0300] {dagbag.py:540} INFO - Filling up the DagBag from /home/thiago/tcc_ufrj/dags/dag_machine_learning.py
[2024-03-29T14:57:36.917-0300] {processor.py:840} INFO - DAG(s) 'machine-learning' retrieved from /home/thiago/tcc_ufrj/dags/dag_machine_learning.py
[2024-03-29T14:57:36.969-0300] {logging_mixin.py:188} INFO - [2024-03-29T14:57:36.969-0300] {dag.py:3047} INFO - Sync 1 DAGs
[2024-03-29T14:57:37.004-0300] {logging_mixin.py:188} INFO - [2024-03-29T14:57:37.004-0300] {dag.py:3834} INFO - Setting next_dagrun for machine-learning to 2024-03-29 17:40:00+00:00, run_after=2024-03-29 17:50:00+00:00
[2024-03-29T14:57:37.038-0300] {processor.py:183} INFO - Processing /home/thiago/tcc_ufrj/dags/dag_machine_learning.py took 0.147 seconds
[2024-03-29T14:58:07.254-0300] {processor.py:161} INFO - Started process (PID=24562) to work on /home/thiago/tcc_ufrj/dags/dag_machine_learning.py
[2024-03-29T14:58:07.258-0300] {processor.py:830} INFO - Processing file /home/thiago/tcc_ufrj/dags/dag_machine_learning.py for tasks to queue
[2024-03-29T14:58:07.259-0300] {logging_mixin.py:188} INFO - [2024-03-29T14:58:07.259-0300] {dagbag.py:540} INFO - Filling up the DagBag from /home/thiago/tcc_ufrj/dags/dag_machine_learning.py
[2024-03-29T14:58:07.271-0300] {processor.py:840} INFO - DAG(s) 'machine-learning' retrieved from /home/thiago/tcc_ufrj/dags/dag_machine_learning.py
[2024-03-29T14:58:07.314-0300] {logging_mixin.py:188} INFO - [2024-03-29T14:58:07.313-0300] {dag.py:3047} INFO - Sync 1 DAGs
[2024-03-29T14:58:07.340-0300] {logging_mixin.py:188} INFO - [2024-03-29T14:58:07.340-0300] {dag.py:3834} INFO - Setting next_dagrun for machine-learning to 2024-03-29 17:40:00+00:00, run_after=2024-03-29 17:50:00+00:00
[2024-03-29T14:58:07.366-0300] {processor.py:183} INFO - Processing /home/thiago/tcc_ufrj/dags/dag_machine_learning.py took 0.116 seconds
[2024-03-29T14:58:37.545-0300] {processor.py:161} INFO - Started process (PID=25588) to work on /home/thiago/tcc_ufrj/dags/dag_machine_learning.py
[2024-03-29T14:58:37.546-0300] {processor.py:830} INFO - Processing file /home/thiago/tcc_ufrj/dags/dag_machine_learning.py for tasks to queue
[2024-03-29T14:58:37.548-0300] {logging_mixin.py:188} INFO - [2024-03-29T14:58:37.547-0300] {dagbag.py:540} INFO - Filling up the DagBag from /home/thiago/tcc_ufrj/dags/dag_machine_learning.py
[2024-03-29T14:58:37.562-0300] {processor.py:840} INFO - DAG(s) 'machine-learning' retrieved from /home/thiago/tcc_ufrj/dags/dag_machine_learning.py
[2024-03-29T14:58:37.624-0300] {logging_mixin.py:188} INFO - [2024-03-29T14:58:37.623-0300] {dag.py:3047} INFO - Sync 1 DAGs
[2024-03-29T14:58:37.677-0300] {logging_mixin.py:188} INFO - [2024-03-29T14:58:37.676-0300] {dag.py:3834} INFO - Setting next_dagrun for machine-learning to 2024-03-29 17:40:00+00:00, run_after=2024-03-29 17:50:00+00:00
[2024-03-29T14:58:37.717-0300] {processor.py:183} INFO - Processing /home/thiago/tcc_ufrj/dags/dag_machine_learning.py took 0.178 seconds
[2024-03-29T14:59:07.892-0300] {processor.py:161} INFO - Started process (PID=26050) to work on /home/thiago/tcc_ufrj/dags/dag_machine_learning.py
[2024-03-29T14:59:07.894-0300] {processor.py:830} INFO - Processing file /home/thiago/tcc_ufrj/dags/dag_machine_learning.py for tasks to queue
[2024-03-29T14:59:07.895-0300] {logging_mixin.py:188} INFO - [2024-03-29T14:59:07.894-0300] {dagbag.py:540} INFO - Filling up the DagBag from /home/thiago/tcc_ufrj/dags/dag_machine_learning.py
[2024-03-29T14:59:07.909-0300] {processor.py:840} INFO - DAG(s) 'machine-learning' retrieved from /home/thiago/tcc_ufrj/dags/dag_machine_learning.py
[2024-03-29T14:59:07.952-0300] {logging_mixin.py:188} INFO - [2024-03-29T14:59:07.951-0300] {dag.py:3047} INFO - Sync 1 DAGs
[2024-03-29T14:59:07.981-0300] {logging_mixin.py:188} INFO - [2024-03-29T14:59:07.981-0300] {dag.py:3834} INFO - Setting next_dagrun for machine-learning to 2024-03-29 17:40:00+00:00, run_after=2024-03-29 17:50:00+00:00
[2024-03-29T14:59:08.007-0300] {processor.py:183} INFO - Processing /home/thiago/tcc_ufrj/dags/dag_machine_learning.py took 0.119 seconds
[2024-03-29T14:59:38.172-0300] {processor.py:161} INFO - Started process (PID=27051) to work on /home/thiago/tcc_ufrj/dags/dag_machine_learning.py
[2024-03-29T14:59:38.173-0300] {processor.py:830} INFO - Processing file /home/thiago/tcc_ufrj/dags/dag_machine_learning.py for tasks to queue
[2024-03-29T14:59:38.175-0300] {logging_mixin.py:188} INFO - [2024-03-29T14:59:38.174-0300] {dagbag.py:540} INFO - Filling up the DagBag from /home/thiago/tcc_ufrj/dags/dag_machine_learning.py
[2024-03-29T14:59:38.184-0300] {processor.py:840} INFO - DAG(s) 'machine-learning' retrieved from /home/thiago/tcc_ufrj/dags/dag_machine_learning.py
[2024-03-29T14:59:38.233-0300] {logging_mixin.py:188} INFO - [2024-03-29T14:59:38.233-0300] {dag.py:3047} INFO - Sync 1 DAGs
[2024-03-29T14:59:38.265-0300] {logging_mixin.py:188} INFO - [2024-03-29T14:59:38.265-0300] {dag.py:3834} INFO - Setting next_dagrun for machine-learning to 2024-03-29 17:40:00+00:00, run_after=2024-03-29 17:50:00+00:00
[2024-03-29T14:59:38.294-0300] {processor.py:183} INFO - Processing /home/thiago/tcc_ufrj/dags/dag_machine_learning.py took 0.128 seconds
[2024-03-29T15:00:08.462-0300] {processor.py:161} INFO - Started process (PID=27874) to work on /home/thiago/tcc_ufrj/dags/dag_machine_learning.py
[2024-03-29T15:00:08.463-0300] {processor.py:830} INFO - Processing file /home/thiago/tcc_ufrj/dags/dag_machine_learning.py for tasks to queue
[2024-03-29T15:00:08.464-0300] {logging_mixin.py:188} INFO - [2024-03-29T15:00:08.464-0300] {dagbag.py:540} INFO - Filling up the DagBag from /home/thiago/tcc_ufrj/dags/dag_machine_learning.py
[2024-03-29T15:00:08.475-0300] {processor.py:840} INFO - DAG(s) 'machine-learning' retrieved from /home/thiago/tcc_ufrj/dags/dag_machine_learning.py
[2024-03-29T15:00:08.516-0300] {logging_mixin.py:188} INFO - [2024-03-29T15:00:08.516-0300] {dag.py:3047} INFO - Sync 1 DAGs
[2024-03-29T15:00:08.549-0300] {logging_mixin.py:188} INFO - [2024-03-29T15:00:08.549-0300] {dag.py:3834} INFO - Setting next_dagrun for machine-learning to 2024-03-29 17:50:00+00:00, run_after=2024-03-29 18:00:00+00:00
[2024-03-29T15:00:08.579-0300] {processor.py:183} INFO - Processing /home/thiago/tcc_ufrj/dags/dag_machine_learning.py took 0.121 seconds
[2024-03-29T15:00:38.736-0300] {processor.py:161} INFO - Started process (PID=28924) to work on /home/thiago/tcc_ufrj/dags/dag_machine_learning.py
[2024-03-29T15:00:38.738-0300] {processor.py:830} INFO - Processing file /home/thiago/tcc_ufrj/dags/dag_machine_learning.py for tasks to queue
[2024-03-29T15:00:38.740-0300] {logging_mixin.py:188} INFO - [2024-03-29T15:00:38.739-0300] {dagbag.py:540} INFO - Filling up the DagBag from /home/thiago/tcc_ufrj/dags/dag_machine_learning.py
[2024-03-29T15:00:38.752-0300] {processor.py:840} INFO - DAG(s) 'machine-learning' retrieved from /home/thiago/tcc_ufrj/dags/dag_machine_learning.py
[2024-03-29T15:00:38.796-0300] {logging_mixin.py:188} INFO - [2024-03-29T15:00:38.795-0300] {dag.py:3047} INFO - Sync 1 DAGs
[2024-03-29T15:00:38.832-0300] {logging_mixin.py:188} INFO - [2024-03-29T15:00:38.831-0300] {dag.py:3834} INFO - Setting next_dagrun for machine-learning to 2024-03-29 17:50:00+00:00, run_after=2024-03-29 18:00:00+00:00
[2024-03-29T15:00:38.862-0300] {processor.py:183} INFO - Processing /home/thiago/tcc_ufrj/dags/dag_machine_learning.py took 0.130 seconds
[2024-03-29T15:01:09.048-0300] {processor.py:161} INFO - Started process (PID=29809) to work on /home/thiago/tcc_ufrj/dags/dag_machine_learning.py
[2024-03-29T15:01:09.050-0300] {processor.py:830} INFO - Processing file /home/thiago/tcc_ufrj/dags/dag_machine_learning.py for tasks to queue
[2024-03-29T15:01:09.051-0300] {logging_mixin.py:188} INFO - [2024-03-29T15:01:09.050-0300] {dagbag.py:540} INFO - Filling up the DagBag from /home/thiago/tcc_ufrj/dags/dag_machine_learning.py
[2024-03-29T15:01:09.061-0300] {processor.py:840} INFO - DAG(s) 'machine-learning' retrieved from /home/thiago/tcc_ufrj/dags/dag_machine_learning.py
[2024-03-29T15:01:09.097-0300] {logging_mixin.py:188} INFO - [2024-03-29T15:01:09.097-0300] {dag.py:3047} INFO - Sync 1 DAGs
[2024-03-29T15:01:09.122-0300] {logging_mixin.py:188} INFO - [2024-03-29T15:01:09.122-0300] {dag.py:3834} INFO - Setting next_dagrun for machine-learning to 2024-03-29 17:50:00+00:00, run_after=2024-03-29 18:00:00+00:00
[2024-03-29T15:01:09.149-0300] {processor.py:183} INFO - Processing /home/thiago/tcc_ufrj/dags/dag_machine_learning.py took 0.104 seconds
[2024-03-29T15:01:39.331-0300] {processor.py:161} INFO - Started process (PID=30757) to work on /home/thiago/tcc_ufrj/dags/dag_machine_learning.py
[2024-03-29T15:01:39.332-0300] {processor.py:830} INFO - Processing file /home/thiago/tcc_ufrj/dags/dag_machine_learning.py for tasks to queue
[2024-03-29T15:01:39.333-0300] {logging_mixin.py:188} INFO - [2024-03-29T15:01:39.333-0300] {dagbag.py:540} INFO - Filling up the DagBag from /home/thiago/tcc_ufrj/dags/dag_machine_learning.py
[2024-03-29T15:01:39.343-0300] {processor.py:840} INFO - DAG(s) 'machine-learning' retrieved from /home/thiago/tcc_ufrj/dags/dag_machine_learning.py
[2024-03-29T15:01:39.381-0300] {logging_mixin.py:188} INFO - [2024-03-29T15:01:39.381-0300] {dag.py:3047} INFO - Sync 1 DAGs
[2024-03-29T15:01:39.406-0300] {logging_mixin.py:188} INFO - [2024-03-29T15:01:39.405-0300] {dag.py:3834} INFO - Setting next_dagrun for machine-learning to 2024-03-29 17:50:00+00:00, run_after=2024-03-29 18:00:00+00:00
[2024-03-29T15:01:39.430-0300] {processor.py:183} INFO - Processing /home/thiago/tcc_ufrj/dags/dag_machine_learning.py took 0.101 seconds
[2024-03-29T15:02:09.601-0300] {processor.py:161} INFO - Started process (PID=31071) to work on /home/thiago/tcc_ufrj/dags/dag_machine_learning.py
[2024-03-29T15:02:09.603-0300] {processor.py:830} INFO - Processing file /home/thiago/tcc_ufrj/dags/dag_machine_learning.py for tasks to queue
[2024-03-29T15:02:09.605-0300] {logging_mixin.py:188} INFO - [2024-03-29T15:02:09.604-0300] {dagbag.py:540} INFO - Filling up the DagBag from /home/thiago/tcc_ufrj/dags/dag_machine_learning.py
[2024-03-29T15:02:09.616-0300] {processor.py:840} INFO - DAG(s) 'machine-learning' retrieved from /home/thiago/tcc_ufrj/dags/dag_machine_learning.py
[2024-03-29T15:02:09.652-0300] {logging_mixin.py:188} INFO - [2024-03-29T15:02:09.651-0300] {dag.py:3047} INFO - Sync 1 DAGs
[2024-03-29T15:02:09.677-0300] {logging_mixin.py:188} INFO - [2024-03-29T15:02:09.676-0300] {dag.py:3834} INFO - Setting next_dagrun for machine-learning to 2024-03-29 17:50:00+00:00, run_after=2024-03-29 18:00:00+00:00
[2024-03-29T15:02:09.699-0300] {processor.py:183} INFO - Processing /home/thiago/tcc_ufrj/dags/dag_machine_learning.py took 0.102 seconds
[2024-03-29T15:02:39.858-0300] {processor.py:161} INFO - Started process (PID=31636) to work on /home/thiago/tcc_ufrj/dags/dag_machine_learning.py
[2024-03-29T15:02:39.859-0300] {processor.py:830} INFO - Processing file /home/thiago/tcc_ufrj/dags/dag_machine_learning.py for tasks to queue
[2024-03-29T15:02:39.860-0300] {logging_mixin.py:188} INFO - [2024-03-29T15:02:39.859-0300] {dagbag.py:540} INFO - Filling up the DagBag from /home/thiago/tcc_ufrj/dags/dag_machine_learning.py
[2024-03-29T15:02:39.872-0300] {processor.py:840} INFO - DAG(s) 'machine-learning' retrieved from /home/thiago/tcc_ufrj/dags/dag_machine_learning.py
[2024-03-29T15:02:39.919-0300] {logging_mixin.py:188} INFO - [2024-03-29T15:02:39.919-0300] {dag.py:3047} INFO - Sync 1 DAGs
[2024-03-29T15:02:39.948-0300] {logging_mixin.py:188} INFO - [2024-03-29T15:02:39.948-0300] {dag.py:3834} INFO - Setting next_dagrun for machine-learning to 2024-03-29 17:50:00+00:00, run_after=2024-03-29 18:00:00+00:00
[2024-03-29T15:02:39.988-0300] {processor.py:183} INFO - Processing /home/thiago/tcc_ufrj/dags/dag_machine_learning.py took 0.133 seconds
[2024-03-29T15:03:10.145-0300] {processor.py:161} INFO - Started process (PID=32322) to work on /home/thiago/tcc_ufrj/dags/dag_machine_learning.py
[2024-03-29T15:03:10.149-0300] {processor.py:830} INFO - Processing file /home/thiago/tcc_ufrj/dags/dag_machine_learning.py for tasks to queue
[2024-03-29T15:03:10.150-0300] {logging_mixin.py:188} INFO - [2024-03-29T15:03:10.150-0300] {dagbag.py:540} INFO - Filling up the DagBag from /home/thiago/tcc_ufrj/dags/dag_machine_learning.py
[2024-03-29T15:03:10.161-0300] {processor.py:840} INFO - DAG(s) 'machine-learning' retrieved from /home/thiago/tcc_ufrj/dags/dag_machine_learning.py
[2024-03-29T15:03:10.206-0300] {logging_mixin.py:188} INFO - [2024-03-29T15:03:10.205-0300] {dag.py:3047} INFO - Sync 1 DAGs
[2024-03-29T15:03:10.243-0300] {logging_mixin.py:188} INFO - [2024-03-29T15:03:10.242-0300] {dag.py:3834} INFO - Setting next_dagrun for machine-learning to 2024-03-29 17:50:00+00:00, run_after=2024-03-29 18:00:00+00:00
[2024-03-29T15:03:10.273-0300] {processor.py:183} INFO - Processing /home/thiago/tcc_ufrj/dags/dag_machine_learning.py took 0.131 seconds
[2024-03-29T15:03:40.441-0300] {processor.py:161} INFO - Started process (PID=32956) to work on /home/thiago/tcc_ufrj/dags/dag_machine_learning.py
[2024-03-29T15:03:40.442-0300] {processor.py:830} INFO - Processing file /home/thiago/tcc_ufrj/dags/dag_machine_learning.py for tasks to queue
[2024-03-29T15:03:40.443-0300] {logging_mixin.py:188} INFO - [2024-03-29T15:03:40.443-0300] {dagbag.py:540} INFO - Filling up the DagBag from /home/thiago/tcc_ufrj/dags/dag_machine_learning.py
[2024-03-29T15:03:40.454-0300] {processor.py:840} INFO - DAG(s) 'machine-learning' retrieved from /home/thiago/tcc_ufrj/dags/dag_machine_learning.py
[2024-03-29T15:03:40.501-0300] {logging_mixin.py:188} INFO - [2024-03-29T15:03:40.501-0300] {dag.py:3047} INFO - Sync 1 DAGs
[2024-03-29T15:03:40.529-0300] {logging_mixin.py:188} INFO - [2024-03-29T15:03:40.529-0300] {dag.py:3834} INFO - Setting next_dagrun for machine-learning to 2024-03-29 17:50:00+00:00, run_after=2024-03-29 18:00:00+00:00
[2024-03-29T15:03:40.556-0300] {processor.py:183} INFO - Processing /home/thiago/tcc_ufrj/dags/dag_machine_learning.py took 0.119 seconds
[2024-03-29T15:04:10.729-0300] {processor.py:161} INFO - Started process (PID=33644) to work on /home/thiago/tcc_ufrj/dags/dag_machine_learning.py
[2024-03-29T15:04:10.736-0300] {processor.py:830} INFO - Processing file /home/thiago/tcc_ufrj/dags/dag_machine_learning.py for tasks to queue
[2024-03-29T15:04:10.737-0300] {logging_mixin.py:188} INFO - [2024-03-29T15:04:10.737-0300] {dagbag.py:540} INFO - Filling up the DagBag from /home/thiago/tcc_ufrj/dags/dag_machine_learning.py
[2024-03-29T15:04:10.747-0300] {processor.py:840} INFO - DAG(s) 'machine-learning' retrieved from /home/thiago/tcc_ufrj/dags/dag_machine_learning.py
[2024-03-29T15:04:10.786-0300] {logging_mixin.py:188} INFO - [2024-03-29T15:04:10.786-0300] {dag.py:3047} INFO - Sync 1 DAGs
[2024-03-29T15:04:10.833-0300] {logging_mixin.py:188} INFO - [2024-03-29T15:04:10.832-0300] {dag.py:3834} INFO - Setting next_dagrun for machine-learning to 2024-03-29 17:50:00+00:00, run_after=2024-03-29 18:00:00+00:00
[2024-03-29T15:04:10.866-0300] {processor.py:183} INFO - Processing /home/thiago/tcc_ufrj/dags/dag_machine_learning.py took 0.140 seconds
[2024-03-29T15:04:41.032-0300] {processor.py:161} INFO - Started process (PID=34309) to work on /home/thiago/tcc_ufrj/dags/dag_machine_learning.py
[2024-03-29T15:04:41.033-0300] {processor.py:830} INFO - Processing file /home/thiago/tcc_ufrj/dags/dag_machine_learning.py for tasks to queue
[2024-03-29T15:04:41.035-0300] {logging_mixin.py:188} INFO - [2024-03-29T15:04:41.034-0300] {dagbag.py:540} INFO - Filling up the DagBag from /home/thiago/tcc_ufrj/dags/dag_machine_learning.py
[2024-03-29T15:04:41.047-0300] {processor.py:840} INFO - DAG(s) 'machine-learning' retrieved from /home/thiago/tcc_ufrj/dags/dag_machine_learning.py
[2024-03-29T15:04:41.087-0300] {logging_mixin.py:188} INFO - [2024-03-29T15:04:41.086-0300] {dag.py:3047} INFO - Sync 1 DAGs
[2024-03-29T15:04:41.118-0300] {logging_mixin.py:188} INFO - [2024-03-29T15:04:41.117-0300] {dag.py:3834} INFO - Setting next_dagrun for machine-learning to 2024-03-29 17:50:00+00:00, run_after=2024-03-29 18:00:00+00:00
[2024-03-29T15:04:41.144-0300] {processor.py:183} INFO - Processing /home/thiago/tcc_ufrj/dags/dag_machine_learning.py took 0.116 seconds
[2024-03-29T15:05:11.309-0300] {processor.py:161} INFO - Started process (PID=34962) to work on /home/thiago/tcc_ufrj/dags/dag_machine_learning.py
[2024-03-29T15:05:11.310-0300] {processor.py:830} INFO - Processing file /home/thiago/tcc_ufrj/dags/dag_machine_learning.py for tasks to queue
[2024-03-29T15:05:11.311-0300] {logging_mixin.py:188} INFO - [2024-03-29T15:05:11.310-0300] {dagbag.py:540} INFO - Filling up the DagBag from /home/thiago/tcc_ufrj/dags/dag_machine_learning.py
[2024-03-29T15:05:11.322-0300] {processor.py:840} INFO - DAG(s) 'machine-learning' retrieved from /home/thiago/tcc_ufrj/dags/dag_machine_learning.py
[2024-03-29T15:05:11.384-0300] {logging_mixin.py:188} INFO - [2024-03-29T15:05:11.383-0300] {dag.py:3047} INFO - Sync 1 DAGs
[2024-03-29T15:05:11.417-0300] {logging_mixin.py:188} INFO - [2024-03-29T15:05:11.417-0300] {dag.py:3834} INFO - Setting next_dagrun for machine-learning to 2024-03-29 17:50:00+00:00, run_after=2024-03-29 18:00:00+00:00
[2024-03-29T15:05:11.444-0300] {processor.py:183} INFO - Processing /home/thiago/tcc_ufrj/dags/dag_machine_learning.py took 0.139 seconds
[2024-03-29T15:05:41.623-0300] {processor.py:161} INFO - Started process (PID=35992) to work on /home/thiago/tcc_ufrj/dags/dag_machine_learning.py
[2024-03-29T15:05:41.625-0300] {processor.py:830} INFO - Processing file /home/thiago/tcc_ufrj/dags/dag_machine_learning.py for tasks to queue
[2024-03-29T15:05:41.626-0300] {logging_mixin.py:188} INFO - [2024-03-29T15:05:41.626-0300] {dagbag.py:540} INFO - Filling up the DagBag from /home/thiago/tcc_ufrj/dags/dag_machine_learning.py
[2024-03-29T15:05:41.656-0300] {processor.py:840} INFO - DAG(s) 'machine-learning' retrieved from /home/thiago/tcc_ufrj/dags/dag_machine_learning.py
[2024-03-29T15:05:41.712-0300] {logging_mixin.py:188} INFO - [2024-03-29T15:05:41.711-0300] {dag.py:3047} INFO - Sync 1 DAGs
[2024-03-29T15:05:41.753-0300] {logging_mixin.py:188} INFO - [2024-03-29T15:05:41.752-0300] {dag.py:3834} INFO - Setting next_dagrun for machine-learning to 2024-03-29 17:50:00+00:00, run_after=2024-03-29 18:00:00+00:00
[2024-03-29T15:05:41.783-0300] {processor.py:183} INFO - Processing /home/thiago/tcc_ufrj/dags/dag_machine_learning.py took 0.164 seconds
[2024-03-29T15:06:11.980-0300] {processor.py:161} INFO - Started process (PID=36713) to work on /home/thiago/tcc_ufrj/dags/dag_machine_learning.py
[2024-03-29T15:06:11.982-0300] {processor.py:830} INFO - Processing file /home/thiago/tcc_ufrj/dags/dag_machine_learning.py for tasks to queue
[2024-03-29T15:06:11.983-0300] {logging_mixin.py:188} INFO - [2024-03-29T15:06:11.982-0300] {dagbag.py:540} INFO - Filling up the DagBag from /home/thiago/tcc_ufrj/dags/dag_machine_learning.py
[2024-03-29T15:06:11.995-0300] {processor.py:840} INFO - DAG(s) 'machine-learning' retrieved from /home/thiago/tcc_ufrj/dags/dag_machine_learning.py
[2024-03-29T15:06:12.039-0300] {logging_mixin.py:188} INFO - [2024-03-29T15:06:12.038-0300] {dag.py:3047} INFO - Sync 1 DAGs
[2024-03-29T15:06:12.068-0300] {logging_mixin.py:188} INFO - [2024-03-29T15:06:12.067-0300] {dag.py:3834} INFO - Setting next_dagrun for machine-learning to 2024-03-29 17:50:00+00:00, run_after=2024-03-29 18:00:00+00:00
[2024-03-29T15:06:12.095-0300] {processor.py:183} INFO - Processing /home/thiago/tcc_ufrj/dags/dag_machine_learning.py took 0.119 seconds
[2024-03-29T15:06:42.250-0300] {processor.py:161} INFO - Started process (PID=36927) to work on /home/thiago/tcc_ufrj/dags/dag_machine_learning.py
[2024-03-29T15:06:42.252-0300] {processor.py:830} INFO - Processing file /home/thiago/tcc_ufrj/dags/dag_machine_learning.py for tasks to queue
[2024-03-29T15:06:42.253-0300] {logging_mixin.py:188} INFO - [2024-03-29T15:06:42.253-0300] {dagbag.py:540} INFO - Filling up the DagBag from /home/thiago/tcc_ufrj/dags/dag_machine_learning.py
[2024-03-29T15:06:42.268-0300] {processor.py:840} INFO - DAG(s) 'machine-learning' retrieved from /home/thiago/tcc_ufrj/dags/dag_machine_learning.py
[2024-03-29T15:06:42.317-0300] {logging_mixin.py:188} INFO - [2024-03-29T15:06:42.316-0300] {dag.py:3047} INFO - Sync 1 DAGs
[2024-03-29T15:06:42.354-0300] {logging_mixin.py:188} INFO - [2024-03-29T15:06:42.354-0300] {dag.py:3834} INFO - Setting next_dagrun for machine-learning to 2024-03-29 17:50:00+00:00, run_after=2024-03-29 18:00:00+00:00
[2024-03-29T15:06:42.381-0300] {processor.py:183} INFO - Processing /home/thiago/tcc_ufrj/dags/dag_machine_learning.py took 0.136 seconds
[2024-03-29T15:07:12.537-0300] {processor.py:161} INFO - Started process (PID=37325) to work on /home/thiago/tcc_ufrj/dags/dag_machine_learning.py
[2024-03-29T15:07:12.543-0300] {processor.py:830} INFO - Processing file /home/thiago/tcc_ufrj/dags/dag_machine_learning.py for tasks to queue
[2024-03-29T15:07:12.544-0300] {logging_mixin.py:188} INFO - [2024-03-29T15:07:12.543-0300] {dagbag.py:540} INFO - Filling up the DagBag from /home/thiago/tcc_ufrj/dags/dag_machine_learning.py
[2024-03-29T15:07:12.553-0300] {processor.py:840} INFO - DAG(s) 'machine-learning' retrieved from /home/thiago/tcc_ufrj/dags/dag_machine_learning.py
[2024-03-29T15:07:12.593-0300] {logging_mixin.py:188} INFO - [2024-03-29T15:07:12.593-0300] {dag.py:3047} INFO - Sync 1 DAGs
[2024-03-29T15:07:12.624-0300] {logging_mixin.py:188} INFO - [2024-03-29T15:07:12.624-0300] {dag.py:3834} INFO - Setting next_dagrun for machine-learning to 2024-03-29 17:50:00+00:00, run_after=2024-03-29 18:00:00+00:00
[2024-03-29T15:07:12.645-0300] {processor.py:183} INFO - Processing /home/thiago/tcc_ufrj/dags/dag_machine_learning.py took 0.111 seconds
[2024-03-29T15:07:42.821-0300] {processor.py:161} INFO - Started process (PID=38067) to work on /home/thiago/tcc_ufrj/dags/dag_machine_learning.py
[2024-03-29T15:07:42.823-0300] {processor.py:830} INFO - Processing file /home/thiago/tcc_ufrj/dags/dag_machine_learning.py for tasks to queue
[2024-03-29T15:07:42.824-0300] {logging_mixin.py:188} INFO - [2024-03-29T15:07:42.823-0300] {dagbag.py:540} INFO - Filling up the DagBag from /home/thiago/tcc_ufrj/dags/dag_machine_learning.py
[2024-03-29T15:07:42.838-0300] {processor.py:840} INFO - DAG(s) 'machine-learning' retrieved from /home/thiago/tcc_ufrj/dags/dag_machine_learning.py
[2024-03-29T15:07:42.883-0300] {logging_mixin.py:188} INFO - [2024-03-29T15:07:42.883-0300] {dag.py:3047} INFO - Sync 1 DAGs
[2024-03-29T15:07:42.913-0300] {logging_mixin.py:188} INFO - [2024-03-29T15:07:42.913-0300] {dag.py:3834} INFO - Setting next_dagrun for machine-learning to 2024-03-29 17:50:00+00:00, run_after=2024-03-29 18:00:00+00:00
[2024-03-29T15:07:42.936-0300] {processor.py:183} INFO - Processing /home/thiago/tcc_ufrj/dags/dag_machine_learning.py took 0.120 seconds
[2024-03-29T15:08:13.101-0300] {processor.py:161} INFO - Started process (PID=38628) to work on /home/thiago/tcc_ufrj/dags/dag_machine_learning.py
[2024-03-29T15:08:13.103-0300] {processor.py:830} INFO - Processing file /home/thiago/tcc_ufrj/dags/dag_machine_learning.py for tasks to queue
[2024-03-29T15:08:13.104-0300] {logging_mixin.py:188} INFO - [2024-03-29T15:08:13.103-0300] {dagbag.py:540} INFO - Filling up the DagBag from /home/thiago/tcc_ufrj/dags/dag_machine_learning.py
[2024-03-29T15:08:13.116-0300] {processor.py:840} INFO - DAG(s) 'machine-learning' retrieved from /home/thiago/tcc_ufrj/dags/dag_machine_learning.py
[2024-03-29T15:08:13.154-0300] {logging_mixin.py:188} INFO - [2024-03-29T15:08:13.154-0300] {dag.py:3047} INFO - Sync 1 DAGs
[2024-03-29T15:08:13.182-0300] {logging_mixin.py:188} INFO - [2024-03-29T15:08:13.182-0300] {dag.py:3834} INFO - Setting next_dagrun for machine-learning to 2024-03-29 17:50:00+00:00, run_after=2024-03-29 18:00:00+00:00
[2024-03-29T15:08:13.213-0300] {processor.py:183} INFO - Processing /home/thiago/tcc_ufrj/dags/dag_machine_learning.py took 0.118 seconds
[2024-03-29T15:08:43.388-0300] {processor.py:161} INFO - Started process (PID=39204) to work on /home/thiago/tcc_ufrj/dags/dag_machine_learning.py
[2024-03-29T15:08:43.400-0300] {processor.py:830} INFO - Processing file /home/thiago/tcc_ufrj/dags/dag_machine_learning.py for tasks to queue
[2024-03-29T15:08:43.401-0300] {logging_mixin.py:188} INFO - [2024-03-29T15:08:43.400-0300] {dagbag.py:540} INFO - Filling up the DagBag from /home/thiago/tcc_ufrj/dags/dag_machine_learning.py
[2024-03-29T15:08:43.412-0300] {processor.py:840} INFO - DAG(s) 'machine-learning' retrieved from /home/thiago/tcc_ufrj/dags/dag_machine_learning.py
[2024-03-29T15:08:43.457-0300] {logging_mixin.py:188} INFO - [2024-03-29T15:08:43.456-0300] {dag.py:3047} INFO - Sync 1 DAGs
[2024-03-29T15:08:43.489-0300] {logging_mixin.py:188} INFO - [2024-03-29T15:08:43.489-0300] {dag.py:3834} INFO - Setting next_dagrun for machine-learning to 2024-03-29 17:50:00+00:00, run_after=2024-03-29 18:00:00+00:00
[2024-03-29T15:08:43.518-0300] {processor.py:183} INFO - Processing /home/thiago/tcc_ufrj/dags/dag_machine_learning.py took 0.134 seconds
[2024-03-29T15:09:13.685-0300] {processor.py:161} INFO - Started process (PID=39800) to work on /home/thiago/tcc_ufrj/dags/dag_machine_learning.py
[2024-03-29T15:09:13.687-0300] {processor.py:830} INFO - Processing file /home/thiago/tcc_ufrj/dags/dag_machine_learning.py for tasks to queue
[2024-03-29T15:09:13.688-0300] {logging_mixin.py:188} INFO - [2024-03-29T15:09:13.687-0300] {dagbag.py:540} INFO - Filling up the DagBag from /home/thiago/tcc_ufrj/dags/dag_machine_learning.py
[2024-03-29T15:09:13.698-0300] {processor.py:840} INFO - DAG(s) 'machine-learning' retrieved from /home/thiago/tcc_ufrj/dags/dag_machine_learning.py
[2024-03-29T15:09:13.738-0300] {logging_mixin.py:188} INFO - [2024-03-29T15:09:13.738-0300] {dag.py:3047} INFO - Sync 1 DAGs
[2024-03-29T15:09:13.771-0300] {logging_mixin.py:188} INFO - [2024-03-29T15:09:13.771-0300] {dag.py:3834} INFO - Setting next_dagrun for machine-learning to 2024-03-29 17:50:00+00:00, run_after=2024-03-29 18:00:00+00:00
[2024-03-29T15:09:13.799-0300] {processor.py:183} INFO - Processing /home/thiago/tcc_ufrj/dags/dag_machine_learning.py took 0.118 seconds
[2024-03-29T15:09:43.965-0300] {processor.py:161} INFO - Started process (PID=40259) to work on /home/thiago/tcc_ufrj/dags/dag_machine_learning.py
[2024-03-29T15:09:43.973-0300] {processor.py:830} INFO - Processing file /home/thiago/tcc_ufrj/dags/dag_machine_learning.py for tasks to queue
[2024-03-29T15:09:43.974-0300] {logging_mixin.py:188} INFO - [2024-03-29T15:09:43.974-0300] {dagbag.py:540} INFO - Filling up the DagBag from /home/thiago/tcc_ufrj/dags/dag_machine_learning.py
[2024-03-29T15:09:43.986-0300] {processor.py:840} INFO - DAG(s) 'machine-learning' retrieved from /home/thiago/tcc_ufrj/dags/dag_machine_learning.py
[2024-03-29T15:09:44.027-0300] {logging_mixin.py:188} INFO - [2024-03-29T15:09:44.027-0300] {dag.py:3047} INFO - Sync 1 DAGs
[2024-03-29T15:09:44.061-0300] {logging_mixin.py:188} INFO - [2024-03-29T15:09:44.061-0300] {dag.py:3834} INFO - Setting next_dagrun for machine-learning to 2024-03-29 17:50:00+00:00, run_after=2024-03-29 18:00:00+00:00
[2024-03-29T15:09:44.086-0300] {processor.py:183} INFO - Processing /home/thiago/tcc_ufrj/dags/dag_machine_learning.py took 0.125 seconds
[2024-03-29T15:10:14.247-0300] {processor.py:161} INFO - Started process (PID=40888) to work on /home/thiago/tcc_ufrj/dags/dag_machine_learning.py
[2024-03-29T15:10:14.250-0300] {processor.py:830} INFO - Processing file /home/thiago/tcc_ufrj/dags/dag_machine_learning.py for tasks to queue
[2024-03-29T15:10:14.251-0300] {logging_mixin.py:188} INFO - [2024-03-29T15:10:14.251-0300] {dagbag.py:540} INFO - Filling up the DagBag from /home/thiago/tcc_ufrj/dags/dag_machine_learning.py
[2024-03-29T15:10:14.261-0300] {processor.py:840} INFO - DAG(s) 'machine-learning' retrieved from /home/thiago/tcc_ufrj/dags/dag_machine_learning.py
[2024-03-29T15:10:14.298-0300] {logging_mixin.py:188} INFO - [2024-03-29T15:10:14.298-0300] {dag.py:3047} INFO - Sync 1 DAGs
[2024-03-29T15:10:14.325-0300] {logging_mixin.py:188} INFO - [2024-03-29T15:10:14.324-0300] {dag.py:3834} INFO - Setting next_dagrun for machine-learning to 2024-03-29 18:00:00+00:00, run_after=2024-03-29 18:10:00+00:00
[2024-03-29T15:10:14.349-0300] {processor.py:183} INFO - Processing /home/thiago/tcc_ufrj/dags/dag_machine_learning.py took 0.105 seconds
[2024-03-29T15:10:44.542-0300] {processor.py:161} INFO - Started process (PID=41207) to work on /home/thiago/tcc_ufrj/dags/dag_machine_learning.py
[2024-03-29T15:10:44.544-0300] {processor.py:830} INFO - Processing file /home/thiago/tcc_ufrj/dags/dag_machine_learning.py for tasks to queue
[2024-03-29T15:10:44.545-0300] {logging_mixin.py:188} INFO - [2024-03-29T15:10:44.544-0300] {dagbag.py:540} INFO - Filling up the DagBag from /home/thiago/tcc_ufrj/dags/dag_machine_learning.py
[2024-03-29T15:10:44.558-0300] {processor.py:840} INFO - DAG(s) 'machine-learning' retrieved from /home/thiago/tcc_ufrj/dags/dag_machine_learning.py
[2024-03-29T15:10:44.605-0300] {logging_mixin.py:188} INFO - [2024-03-29T15:10:44.604-0300] {dag.py:3047} INFO - Sync 1 DAGs
[2024-03-29T15:10:44.645-0300] {logging_mixin.py:188} INFO - [2024-03-29T15:10:44.645-0300] {dag.py:3834} INFO - Setting next_dagrun for machine-learning to 2024-03-29 18:00:00+00:00, run_after=2024-03-29 18:10:00+00:00
[2024-03-29T15:10:44.676-0300] {processor.py:183} INFO - Processing /home/thiago/tcc_ufrj/dags/dag_machine_learning.py took 0.137 seconds
[2024-03-29T15:11:14.867-0300] {processor.py:161} INFO - Started process (PID=41459) to work on /home/thiago/tcc_ufrj/dags/dag_machine_learning.py
[2024-03-29T15:11:14.868-0300] {processor.py:830} INFO - Processing file /home/thiago/tcc_ufrj/dags/dag_machine_learning.py for tasks to queue
[2024-03-29T15:11:14.869-0300] {logging_mixin.py:188} INFO - [2024-03-29T15:11:14.868-0300] {dagbag.py:540} INFO - Filling up the DagBag from /home/thiago/tcc_ufrj/dags/dag_machine_learning.py
[2024-03-29T15:11:14.879-0300] {processor.py:840} INFO - DAG(s) 'machine-learning' retrieved from /home/thiago/tcc_ufrj/dags/dag_machine_learning.py
[2024-03-29T15:11:14.917-0300] {logging_mixin.py:188} INFO - [2024-03-29T15:11:14.916-0300] {dag.py:3047} INFO - Sync 1 DAGs
[2024-03-29T15:11:14.942-0300] {logging_mixin.py:188} INFO - [2024-03-29T15:11:14.942-0300] {dag.py:3834} INFO - Setting next_dagrun for machine-learning to 2024-03-29 18:00:00+00:00, run_after=2024-03-29 18:10:00+00:00
[2024-03-29T15:11:14.968-0300] {processor.py:183} INFO - Processing /home/thiago/tcc_ufrj/dags/dag_machine_learning.py took 0.104 seconds
[2024-03-29T15:11:45.138-0300] {processor.py:161} INFO - Started process (PID=41708) to work on /home/thiago/tcc_ufrj/dags/dag_machine_learning.py
[2024-03-29T15:11:45.140-0300] {processor.py:830} INFO - Processing file /home/thiago/tcc_ufrj/dags/dag_machine_learning.py for tasks to queue
[2024-03-29T15:11:45.141-0300] {logging_mixin.py:188} INFO - [2024-03-29T15:11:45.141-0300] {dagbag.py:540} INFO - Filling up the DagBag from /home/thiago/tcc_ufrj/dags/dag_machine_learning.py
[2024-03-29T15:11:45.151-0300] {processor.py:840} INFO - DAG(s) 'machine-learning' retrieved from /home/thiago/tcc_ufrj/dags/dag_machine_learning.py
[2024-03-29T15:11:45.188-0300] {logging_mixin.py:188} INFO - [2024-03-29T15:11:45.187-0300] {dag.py:3047} INFO - Sync 1 DAGs
[2024-03-29T15:11:45.214-0300] {logging_mixin.py:188} INFO - [2024-03-29T15:11:45.214-0300] {dag.py:3834} INFO - Setting next_dagrun for machine-learning to 2024-03-29 18:00:00+00:00, run_after=2024-03-29 18:10:00+00:00
[2024-03-29T15:11:45.237-0300] {processor.py:183} INFO - Processing /home/thiago/tcc_ufrj/dags/dag_machine_learning.py took 0.103 seconds
[2024-03-29T15:12:15.398-0300] {processor.py:161} INFO - Started process (PID=42024) to work on /home/thiago/tcc_ufrj/dags/dag_machine_learning.py
[2024-03-29T15:12:15.399-0300] {processor.py:830} INFO - Processing file /home/thiago/tcc_ufrj/dags/dag_machine_learning.py for tasks to queue
[2024-03-29T15:12:15.400-0300] {logging_mixin.py:188} INFO - [2024-03-29T15:12:15.399-0300] {dagbag.py:540} INFO - Filling up the DagBag from /home/thiago/tcc_ufrj/dags/dag_machine_learning.py
[2024-03-29T15:12:15.409-0300] {processor.py:840} INFO - DAG(s) 'machine-learning' retrieved from /home/thiago/tcc_ufrj/dags/dag_machine_learning.py
[2024-03-29T15:12:15.449-0300] {logging_mixin.py:188} INFO - [2024-03-29T15:12:15.449-0300] {dag.py:3047} INFO - Sync 1 DAGs
[2024-03-29T15:12:15.477-0300] {logging_mixin.py:188} INFO - [2024-03-29T15:12:15.477-0300] {dag.py:3834} INFO - Setting next_dagrun for machine-learning to 2024-03-29 18:00:00+00:00, run_after=2024-03-29 18:10:00+00:00
[2024-03-29T15:12:15.504-0300] {processor.py:183} INFO - Processing /home/thiago/tcc_ufrj/dags/dag_machine_learning.py took 0.109 seconds
[2024-03-29T15:12:45.687-0300] {processor.py:161} INFO - Started process (PID=42439) to work on /home/thiago/tcc_ufrj/dags/dag_machine_learning.py
[2024-03-29T15:12:45.688-0300] {processor.py:830} INFO - Processing file /home/thiago/tcc_ufrj/dags/dag_machine_learning.py for tasks to queue
[2024-03-29T15:12:45.689-0300] {logging_mixin.py:188} INFO - [2024-03-29T15:12:45.689-0300] {dagbag.py:540} INFO - Filling up the DagBag from /home/thiago/tcc_ufrj/dags/dag_machine_learning.py
[2024-03-29T15:12:45.698-0300] {processor.py:840} INFO - DAG(s) 'machine-learning' retrieved from /home/thiago/tcc_ufrj/dags/dag_machine_learning.py
[2024-03-29T15:12:45.735-0300] {logging_mixin.py:188} INFO - [2024-03-29T15:12:45.735-0300] {dag.py:3047} INFO - Sync 1 DAGs
[2024-03-29T15:12:45.760-0300] {logging_mixin.py:188} INFO - [2024-03-29T15:12:45.760-0300] {dag.py:3834} INFO - Setting next_dagrun for machine-learning to 2024-03-29 18:00:00+00:00, run_after=2024-03-29 18:10:00+00:00
[2024-03-29T15:12:45.783-0300] {processor.py:183} INFO - Processing /home/thiago/tcc_ufrj/dags/dag_machine_learning.py took 0.099 seconds
[2024-03-29T15:13:15.958-0300] {processor.py:161} INFO - Started process (PID=42809) to work on /home/thiago/tcc_ufrj/dags/dag_machine_learning.py
[2024-03-29T15:13:15.959-0300] {processor.py:830} INFO - Processing file /home/thiago/tcc_ufrj/dags/dag_machine_learning.py for tasks to queue
[2024-03-29T15:13:15.960-0300] {logging_mixin.py:188} INFO - [2024-03-29T15:13:15.960-0300] {dagbag.py:540} INFO - Filling up the DagBag from /home/thiago/tcc_ufrj/dags/dag_machine_learning.py
[2024-03-29T15:13:15.970-0300] {processor.py:840} INFO - DAG(s) 'machine-learning' retrieved from /home/thiago/tcc_ufrj/dags/dag_machine_learning.py
[2024-03-29T15:13:16.008-0300] {logging_mixin.py:188} INFO - [2024-03-29T15:13:16.008-0300] {dag.py:3047} INFO - Sync 1 DAGs
[2024-03-29T15:13:16.041-0300] {logging_mixin.py:188} INFO - [2024-03-29T15:13:16.041-0300] {dag.py:3834} INFO - Setting next_dagrun for machine-learning to 2024-03-29 18:00:00+00:00, run_after=2024-03-29 18:10:00+00:00
[2024-03-29T15:13:16.064-0300] {processor.py:183} INFO - Processing /home/thiago/tcc_ufrj/dags/dag_machine_learning.py took 0.110 seconds
[2024-03-29T15:13:46.234-0300] {processor.py:161} INFO - Started process (PID=42934) to work on /home/thiago/tcc_ufrj/dags/dag_machine_learning.py
[2024-03-29T15:13:46.235-0300] {processor.py:830} INFO - Processing file /home/thiago/tcc_ufrj/dags/dag_machine_learning.py for tasks to queue
[2024-03-29T15:13:46.236-0300] {logging_mixin.py:188} INFO - [2024-03-29T15:13:46.235-0300] {dagbag.py:540} INFO - Filling up the DagBag from /home/thiago/tcc_ufrj/dags/dag_machine_learning.py
[2024-03-29T15:13:46.248-0300] {processor.py:840} INFO - DAG(s) 'machine-learning' retrieved from /home/thiago/tcc_ufrj/dags/dag_machine_learning.py
[2024-03-29T15:13:46.285-0300] {logging_mixin.py:188} INFO - [2024-03-29T15:13:46.285-0300] {dag.py:3047} INFO - Sync 1 DAGs
[2024-03-29T15:13:46.314-0300] {logging_mixin.py:188} INFO - [2024-03-29T15:13:46.314-0300] {dag.py:3834} INFO - Setting next_dagrun for machine-learning to 2024-03-29 18:00:00+00:00, run_after=2024-03-29 18:10:00+00:00
[2024-03-29T15:13:46.339-0300] {processor.py:183} INFO - Processing /home/thiago/tcc_ufrj/dags/dag_machine_learning.py took 0.109 seconds
[2024-03-29T15:14:16.510-0300] {processor.py:161} INFO - Started process (PID=43206) to work on /home/thiago/tcc_ufrj/dags/dag_machine_learning.py
[2024-03-29T15:14:16.511-0300] {processor.py:830} INFO - Processing file /home/thiago/tcc_ufrj/dags/dag_machine_learning.py for tasks to queue
[2024-03-29T15:14:16.512-0300] {logging_mixin.py:188} INFO - [2024-03-29T15:14:16.511-0300] {dagbag.py:540} INFO - Filling up the DagBag from /home/thiago/tcc_ufrj/dags/dag_machine_learning.py
[2024-03-29T15:14:16.524-0300] {processor.py:840} INFO - DAG(s) 'machine-learning' retrieved from /home/thiago/tcc_ufrj/dags/dag_machine_learning.py
[2024-03-29T15:14:16.561-0300] {logging_mixin.py:188} INFO - [2024-03-29T15:14:16.560-0300] {dag.py:3047} INFO - Sync 1 DAGs
[2024-03-29T15:14:16.594-0300] {logging_mixin.py:188} INFO - [2024-03-29T15:14:16.594-0300] {dag.py:3834} INFO - Setting next_dagrun for machine-learning to 2024-03-29 18:00:00+00:00, run_after=2024-03-29 18:10:00+00:00
[2024-03-29T15:14:16.629-0300] {processor.py:183} INFO - Processing /home/thiago/tcc_ufrj/dags/dag_machine_learning.py took 0.122 seconds
[2024-03-29T15:14:46.832-0300] {processor.py:161} INFO - Started process (PID=43403) to work on /home/thiago/tcc_ufrj/dags/dag_machine_learning.py
[2024-03-29T15:14:46.833-0300] {processor.py:830} INFO - Processing file /home/thiago/tcc_ufrj/dags/dag_machine_learning.py for tasks to queue
[2024-03-29T15:14:46.835-0300] {logging_mixin.py:188} INFO - [2024-03-29T15:14:46.834-0300] {dagbag.py:540} INFO - Filling up the DagBag from /home/thiago/tcc_ufrj/dags/dag_machine_learning.py
[2024-03-29T15:14:46.849-0300] {processor.py:840} INFO - DAG(s) 'machine-learning' retrieved from /home/thiago/tcc_ufrj/dags/dag_machine_learning.py
[2024-03-29T15:14:46.916-0300] {logging_mixin.py:188} INFO - [2024-03-29T15:14:46.916-0300] {dag.py:3047} INFO - Sync 1 DAGs
[2024-03-29T15:14:46.961-0300] {logging_mixin.py:188} INFO - [2024-03-29T15:14:46.961-0300] {dag.py:3834} INFO - Setting next_dagrun for machine-learning to 2024-03-29 18:00:00+00:00, run_after=2024-03-29 18:10:00+00:00
[2024-03-29T15:14:46.999-0300] {processor.py:183} INFO - Processing /home/thiago/tcc_ufrj/dags/dag_machine_learning.py took 0.171 seconds
[2024-03-29T15:15:17.174-0300] {processor.py:161} INFO - Started process (PID=44109) to work on /home/thiago/tcc_ufrj/dags/dag_machine_learning.py
[2024-03-29T15:15:17.175-0300] {processor.py:830} INFO - Processing file /home/thiago/tcc_ufrj/dags/dag_machine_learning.py for tasks to queue
[2024-03-29T15:15:17.176-0300] {logging_mixin.py:188} INFO - [2024-03-29T15:15:17.176-0300] {dagbag.py:540} INFO - Filling up the DagBag from /home/thiago/tcc_ufrj/dags/dag_machine_learning.py
[2024-03-29T15:15:17.185-0300] {processor.py:840} INFO - DAG(s) 'machine-learning' retrieved from /home/thiago/tcc_ufrj/dags/dag_machine_learning.py
[2024-03-29T15:15:17.224-0300] {logging_mixin.py:188} INFO - [2024-03-29T15:15:17.224-0300] {dag.py:3047} INFO - Sync 1 DAGs
[2024-03-29T15:15:17.257-0300] {logging_mixin.py:188} INFO - [2024-03-29T15:15:17.256-0300] {dag.py:3834} INFO - Setting next_dagrun for machine-learning to 2024-03-29 18:00:00+00:00, run_after=2024-03-29 18:10:00+00:00
[2024-03-29T15:15:17.280-0300] {processor.py:183} INFO - Processing /home/thiago/tcc_ufrj/dags/dag_machine_learning.py took 0.109 seconds
[2024-03-29T15:15:47.479-0300] {processor.py:161} INFO - Started process (PID=44308) to work on /home/thiago/tcc_ufrj/dags/dag_machine_learning.py
[2024-03-29T15:15:47.481-0300] {processor.py:830} INFO - Processing file /home/thiago/tcc_ufrj/dags/dag_machine_learning.py for tasks to queue
[2024-03-29T15:15:47.482-0300] {logging_mixin.py:188} INFO - [2024-03-29T15:15:47.482-0300] {dagbag.py:540} INFO - Filling up the DagBag from /home/thiago/tcc_ufrj/dags/dag_machine_learning.py
[2024-03-29T15:15:47.506-0300] {processor.py:840} INFO - DAG(s) 'machine-learning' retrieved from /home/thiago/tcc_ufrj/dags/dag_machine_learning.py
[2024-03-29T15:15:47.563-0300] {logging_mixin.py:188} INFO - [2024-03-29T15:15:47.562-0300] {dag.py:3047} INFO - Sync 1 DAGs
[2024-03-29T15:15:47.632-0300] {logging_mixin.py:188} INFO - [2024-03-29T15:15:47.631-0300] {dag.py:3834} INFO - Setting next_dagrun for machine-learning to 2024-03-29 18:00:00+00:00, run_after=2024-03-29 18:10:00+00:00
[2024-03-29T15:15:47.699-0300] {processor.py:183} INFO - Processing /home/thiago/tcc_ufrj/dags/dag_machine_learning.py took 0.233 seconds
[2024-03-29T15:16:18.000-0300] {processor.py:161} INFO - Started process (PID=44594) to work on /home/thiago/tcc_ufrj/dags/dag_machine_learning.py
[2024-03-29T15:16:18.001-0300] {processor.py:830} INFO - Processing file /home/thiago/tcc_ufrj/dags/dag_machine_learning.py for tasks to queue
[2024-03-29T15:16:18.004-0300] {logging_mixin.py:188} INFO - [2024-03-29T15:16:18.003-0300] {dagbag.py:540} INFO - Filling up the DagBag from /home/thiago/tcc_ufrj/dags/dag_machine_learning.py
[2024-03-29T15:16:18.026-0300] {processor.py:840} INFO - DAG(s) 'machine-learning' retrieved from /home/thiago/tcc_ufrj/dags/dag_machine_learning.py
[2024-03-29T15:16:18.092-0300] {logging_mixin.py:188} INFO - [2024-03-29T15:16:18.092-0300] {dag.py:3047} INFO - Sync 1 DAGs
[2024-03-29T15:16:18.132-0300] {logging_mixin.py:188} INFO - [2024-03-29T15:16:18.131-0300] {dag.py:3834} INFO - Setting next_dagrun for machine-learning to 2024-03-29 18:00:00+00:00, run_after=2024-03-29 18:10:00+00:00
[2024-03-29T15:16:18.166-0300] {processor.py:183} INFO - Processing /home/thiago/tcc_ufrj/dags/dag_machine_learning.py took 0.172 seconds
[2024-03-29T15:16:48.381-0300] {processor.py:161} INFO - Started process (PID=44803) to work on /home/thiago/tcc_ufrj/dags/dag_machine_learning.py
[2024-03-29T15:16:48.395-0300] {processor.py:830} INFO - Processing file /home/thiago/tcc_ufrj/dags/dag_machine_learning.py for tasks to queue
[2024-03-29T15:16:48.397-0300] {logging_mixin.py:188} INFO - [2024-03-29T15:16:48.397-0300] {dagbag.py:540} INFO - Filling up the DagBag from /home/thiago/tcc_ufrj/dags/dag_machine_learning.py
[2024-03-29T15:16:48.416-0300] {processor.py:840} INFO - DAG(s) 'machine-learning' retrieved from /home/thiago/tcc_ufrj/dags/dag_machine_learning.py
[2024-03-29T15:16:48.482-0300] {logging_mixin.py:188} INFO - [2024-03-29T15:16:48.482-0300] {dag.py:3047} INFO - Sync 1 DAGs
[2024-03-29T15:16:48.536-0300] {logging_mixin.py:188} INFO - [2024-03-29T15:16:48.535-0300] {dag.py:3834} INFO - Setting next_dagrun for machine-learning to 2024-03-29 18:00:00+00:00, run_after=2024-03-29 18:10:00+00:00
[2024-03-29T15:16:48.597-0300] {processor.py:183} INFO - Processing /home/thiago/tcc_ufrj/dags/dag_machine_learning.py took 0.223 seconds
[2024-03-29T15:17:18.809-0300] {processor.py:161} INFO - Started process (PID=45163) to work on /home/thiago/tcc_ufrj/dags/dag_machine_learning.py
[2024-03-29T15:17:18.810-0300] {processor.py:830} INFO - Processing file /home/thiago/tcc_ufrj/dags/dag_machine_learning.py for tasks to queue
[2024-03-29T15:17:18.812-0300] {logging_mixin.py:188} INFO - [2024-03-29T15:17:18.811-0300] {dagbag.py:540} INFO - Filling up the DagBag from /home/thiago/tcc_ufrj/dags/dag_machine_learning.py
[2024-03-29T15:17:18.821-0300] {processor.py:840} INFO - DAG(s) 'machine-learning' retrieved from /home/thiago/tcc_ufrj/dags/dag_machine_learning.py
[2024-03-29T15:17:18.868-0300] {logging_mixin.py:188} INFO - [2024-03-29T15:17:18.868-0300] {dag.py:3047} INFO - Sync 1 DAGs
[2024-03-29T15:17:18.904-0300] {logging_mixin.py:188} INFO - [2024-03-29T15:17:18.904-0300] {dag.py:3834} INFO - Setting next_dagrun for machine-learning to 2024-03-29 18:00:00+00:00, run_after=2024-03-29 18:10:00+00:00
[2024-03-29T15:17:18.931-0300] {processor.py:183} INFO - Processing /home/thiago/tcc_ufrj/dags/dag_machine_learning.py took 0.130 seconds
[2024-03-29T15:17:49.109-0300] {processor.py:161} INFO - Started process (PID=45596) to work on /home/thiago/tcc_ufrj/dags/dag_machine_learning.py
[2024-03-29T15:17:49.111-0300] {processor.py:830} INFO - Processing file /home/thiago/tcc_ufrj/dags/dag_machine_learning.py for tasks to queue
[2024-03-29T15:17:49.113-0300] {logging_mixin.py:188} INFO - [2024-03-29T15:17:49.112-0300] {dagbag.py:540} INFO - Filling up the DagBag from /home/thiago/tcc_ufrj/dags/dag_machine_learning.py
[2024-03-29T15:17:49.125-0300] {processor.py:840} INFO - DAG(s) 'machine-learning' retrieved from /home/thiago/tcc_ufrj/dags/dag_machine_learning.py
[2024-03-29T15:17:49.168-0300] {logging_mixin.py:188} INFO - [2024-03-29T15:17:49.168-0300] {dag.py:3047} INFO - Sync 1 DAGs
[2024-03-29T15:17:49.206-0300] {logging_mixin.py:188} INFO - [2024-03-29T15:17:49.206-0300] {dag.py:3834} INFO - Setting next_dagrun for machine-learning to 2024-03-29 18:00:00+00:00, run_after=2024-03-29 18:10:00+00:00
[2024-03-29T15:17:49.240-0300] {processor.py:183} INFO - Processing /home/thiago/tcc_ufrj/dags/dag_machine_learning.py took 0.136 seconds
[2024-03-29T15:18:19.419-0300] {processor.py:161} INFO - Started process (PID=45975) to work on /home/thiago/tcc_ufrj/dags/dag_machine_learning.py
[2024-03-29T15:18:19.420-0300] {processor.py:830} INFO - Processing file /home/thiago/tcc_ufrj/dags/dag_machine_learning.py for tasks to queue
[2024-03-29T15:18:19.421-0300] {logging_mixin.py:188} INFO - [2024-03-29T15:18:19.421-0300] {dagbag.py:540} INFO - Filling up the DagBag from /home/thiago/tcc_ufrj/dags/dag_machine_learning.py
[2024-03-29T15:18:19.433-0300] {processor.py:840} INFO - DAG(s) 'machine-learning' retrieved from /home/thiago/tcc_ufrj/dags/dag_machine_learning.py
[2024-03-29T15:18:19.471-0300] {logging_mixin.py:188} INFO - [2024-03-29T15:18:19.470-0300] {dag.py:3047} INFO - Sync 1 DAGs
[2024-03-29T15:18:19.500-0300] {logging_mixin.py:188} INFO - [2024-03-29T15:18:19.500-0300] {dag.py:3834} INFO - Setting next_dagrun for machine-learning to 2024-03-29 18:00:00+00:00, run_after=2024-03-29 18:10:00+00:00
[2024-03-29T15:18:19.528-0300] {processor.py:183} INFO - Processing /home/thiago/tcc_ufrj/dags/dag_machine_learning.py took 0.112 seconds
[2024-03-29T15:18:49.714-0300] {processor.py:161} INFO - Started process (PID=46190) to work on /home/thiago/tcc_ufrj/dags/dag_machine_learning.py
[2024-03-29T15:18:49.715-0300] {processor.py:830} INFO - Processing file /home/thiago/tcc_ufrj/dags/dag_machine_learning.py for tasks to queue
[2024-03-29T15:18:49.716-0300] {logging_mixin.py:188} INFO - [2024-03-29T15:18:49.715-0300] {dagbag.py:540} INFO - Filling up the DagBag from /home/thiago/tcc_ufrj/dags/dag_machine_learning.py
[2024-03-29T15:18:49.730-0300] {processor.py:840} INFO - DAG(s) 'machine-learning' retrieved from /home/thiago/tcc_ufrj/dags/dag_machine_learning.py
[2024-03-29T15:18:49.778-0300] {logging_mixin.py:188} INFO - [2024-03-29T15:18:49.778-0300] {dag.py:3047} INFO - Sync 1 DAGs
[2024-03-29T15:18:49.810-0300] {logging_mixin.py:188} INFO - [2024-03-29T15:18:49.809-0300] {dag.py:3834} INFO - Setting next_dagrun for machine-learning to 2024-03-29 18:00:00+00:00, run_after=2024-03-29 18:10:00+00:00
[2024-03-29T15:18:49.833-0300] {processor.py:183} INFO - Processing /home/thiago/tcc_ufrj/dags/dag_machine_learning.py took 0.123 seconds
[2024-03-29T15:19:20.095-0300] {processor.py:161} INFO - Started process (PID=46688) to work on /home/thiago/tcc_ufrj/dags/dag_machine_learning.py
[2024-03-29T15:19:20.097-0300] {processor.py:830} INFO - Processing file /home/thiago/tcc_ufrj/dags/dag_machine_learning.py for tasks to queue
[2024-03-29T15:19:20.098-0300] {logging_mixin.py:188} INFO - [2024-03-29T15:19:20.097-0300] {dagbag.py:540} INFO - Filling up the DagBag from /home/thiago/tcc_ufrj/dags/dag_machine_learning.py
[2024-03-29T15:19:20.109-0300] {processor.py:840} INFO - DAG(s) 'machine-learning' retrieved from /home/thiago/tcc_ufrj/dags/dag_machine_learning.py
[2024-03-29T15:19:20.143-0300] {logging_mixin.py:188} INFO - [2024-03-29T15:19:20.143-0300] {dag.py:3047} INFO - Sync 1 DAGs
[2024-03-29T15:19:20.172-0300] {logging_mixin.py:188} INFO - [2024-03-29T15:19:20.171-0300] {dag.py:3834} INFO - Setting next_dagrun for machine-learning to 2024-03-29 18:00:00+00:00, run_after=2024-03-29 18:10:00+00:00
[2024-03-29T15:19:20.202-0300] {processor.py:183} INFO - Processing /home/thiago/tcc_ufrj/dags/dag_machine_learning.py took 0.112 seconds
